running develop
running egg_info
creating controller_tutorials_pkg.egg-info
writing controller_tutorials_pkg.egg-info/PKG-INFO
writing dependency_links to controller_tutorials_pkg.egg-info/dependency_links.txt
writing entry points to controller_tutorials_pkg.egg-info/entry_points.txt
writing requirements to controller_tutorials_pkg.egg-info/requires.txt
writing top-level names to controller_tutorials_pkg.egg-info/top_level.txt
writing manifest file 'controller_tutorials_pkg.egg-info/SOURCES.txt'
reading manifest file 'controller_tutorials_pkg.egg-info/SOURCES.txt'
writing manifest file 'controller_tutorials_pkg.egg-info/SOURCES.txt'
running build_ext
Creating /home/won/pink_ws/src/install/controller_tutorials_pkg/lib/python3.10/site-packages/controller-tutorials-pkg.egg-link (link to .)
Installing simple_rotate script to /home/won/pink_ws/src/install/controller_tutorials_pkg/lib/controller_tutorials_pkg

Installed /home/won/pink_ws/src/build/controller_tutorials_pkg
running symlink_data
creating /home/won/pink_ws/src/install/controller_tutorials_pkg/share/ament_index
creating /home/won/pink_ws/src/install/controller_tutorials_pkg/share/ament_index/resource_index
creating /home/won/pink_ws/src/install/controller_tutorials_pkg/share/ament_index/resource_index/packages
symbolically linking /home/won/pink_ws/src/build/controller_tutorials_pkg/resource/controller_tutorials_pkg -> /home/won/pink_ws/src/install/controller_tutorials_pkg/share/ament_index/resource_index/packages
symbolically linking /home/won/pink_ws/src/build/controller_tutorials_pkg/package.xml -> /home/won/pink_ws/src/install/controller_tutorials_pkg/share/controller_tutorials_pkg
