running develop
running egg_info
creating my_tf_pkg.egg-info
writing my_tf_pkg.egg-info/PKG-INFO
writing dependency_links to my_tf_pkg.egg-info/dependency_links.txt
writing entry points to my_tf_pkg.egg-info/entry_points.txt
writing requirements to my_tf_pkg.egg-info/requires.txt
writing top-level names to my_tf_pkg.egg-info/top_level.txt
writing manifest file 'my_tf_pkg.egg-info/SOURCES.txt'
reading manifest file 'my_tf_pkg.egg-info/SOURCES.txt'
writing manifest file 'my_tf_pkg.egg-info/SOURCES.txt'
running build_ext
Creating /home/won/pink_ws/src/install/my_tf_pkg/lib/python3.10/site-packages/my-tf-pkg.egg-link (link to .)
Installing my_tf_node1 script to /home/won/pink_ws/src/install/my_tf_pkg/lib/my_tf_pkg
Installing my_tf_node2 script to /home/won/pink_ws/src/install/my_tf_pkg/lib/my_tf_pkg
Installing tf_child_frame_node script to /home/won/pink_ws/src/install/my_tf_pkg/lib/my_tf_pkg
Installing tf_combined_frame_node script to /home/won/pink_ws/src/install/my_tf_pkg/lib/my_tf_pkg
Installing tf_distance_frame_node script to /home/won/pink_ws/src/install/my_tf_pkg/lib/my_tf_pkg
Installing tf_marker_trail_node script to /home/won/pink_ws/src/install/my_tf_pkg/lib/my_tf_pkg
Installing tf_marker_trail_path_node script to /home/won/pink_ws/src/install/my_tf_pkg/lib/my_tf_pkg
Installing tf_marker_trail_path_node2 script to /home/won/pink_ws/src/install/my_tf_pkg/lib/my_tf_pkg

Installed /home/won/pink_ws/src/build/my_tf_pkg
running symlink_data
creating /home/won/pink_ws/src/install/my_tf_pkg/share/ament_index
creating /home/won/pink_ws/src/install/my_tf_pkg/share/ament_index/resource_index
creating /home/won/pink_ws/src/install/my_tf_pkg/share/ament_index/resource_index/packages
symbolically linking /home/won/pink_ws/src/build/my_tf_pkg/resource/my_tf_pkg -> /home/won/pink_ws/src/install/my_tf_pkg/share/ament_index/resource_index/packages
symbolically linking /home/won/pink_ws/src/build/my_tf_pkg/package.xml -> /home/won/pink_ws/src/install/my_tf_pkg/share/my_tf_pkg
