running develop
running egg_info
creating my_opencv_tutorials.egg-info
writing my_opencv_tutorials.egg-info/PKG-INFO
writing dependency_links to my_opencv_tutorials.egg-info/dependency_links.txt
writing entry points to my_opencv_tutorials.egg-info/entry_points.txt
writing requirements to my_opencv_tutorials.egg-info/requires.txt
writing top-level names to my_opencv_tutorials.egg-info/top_level.txt
writing manifest file 'my_opencv_tutorials.egg-info/SOURCES.txt'
reading manifest file 'my_opencv_tutorials.egg-info/SOURCES.txt'
writing manifest file 'my_opencv_tutorials.egg-info/SOURCES.txt'
running build_ext
Creating /home/won/pink_ws/src/install/my_opencv_tutorials/lib/python3.10/site-packages/my-opencv-tutorials.egg-link (link to .)
Installing cartoon_multi_node script to /home/won/pink_ws/src/install/my_opencv_tutorials/lib/my_opencv_tutorials
Installing cartoon_node script to /home/won/pink_ws/src/install/my_opencv_tutorials/lib/my_opencv_tutorials
Installing img_pub script to /home/won/pink_ws/src/install/my_opencv_tutorials/lib/my_opencv_tutorials
Installing img_pub_param1 script to /home/won/pink_ws/src/install/my_opencv_tutorials/lib/my_opencv_tutorials
Installing img_pub_param2 script to /home/won/pink_ws/src/install/my_opencv_tutorials/lib/my_opencv_tutorials

Installed /home/won/pink_ws/src/build/my_opencv_tutorials
running symlink_data
creating /home/won/pink_ws/src/install/my_opencv_tutorials/share/ament_index
creating /home/won/pink_ws/src/install/my_opencv_tutorials/share/ament_index/resource_index
creating /home/won/pink_ws/src/install/my_opencv_tutorials/share/ament_index/resource_index/packages
symbolically linking /home/won/pink_ws/src/build/my_opencv_tutorials/resource/my_opencv_tutorials -> /home/won/pink_ws/src/install/my_opencv_tutorials/share/ament_index/resource_index/packages
symbolically linking /home/won/pink_ws/src/build/my_opencv_tutorials/package.xml -> /home/won/pink_ws/src/install/my_opencv_tutorials/share/my_opencv_tutorials
creating /home/won/pink_ws/src/install/my_opencv_tutorials/share/my_opencv_tutorials/launch
symbolically linking /home/won/pink_ws/src/build/my_opencv_tutorials/launch/cam_with_compress.launch.py -> /home/won/pink_ws/src/install/my_opencv_tutorials/share/my_opencv_tutorials/launch
symbolically linking /home/won/pink_ws/src/build/my_opencv_tutorials/launch/bringup_param_2.launch.py -> /home/won/pink_ws/src/install/my_opencv_tutorials/share/my_opencv_tutorials/launch
symbolically linking /home/won/pink_ws/src/build/my_opencv_tutorials/launch/bringup_usb_cam.launch.py -> /home/won/pink_ws/src/install/my_opencv_tutorials/share/my_opencv_tutorials/launch
symbolically linking /home/won/pink_ws/src/build/my_opencv_tutorials/launch/bringup_param.launch.xml -> /home/won/pink_ws/src/install/my_opencv_tutorials/share/my_opencv_tutorials/launch
symbolically linking /home/won/pink_ws/src/build/my_opencv_tutorials/launch/bringup_usb_cam.launch.xml -> /home/won/pink_ws/src/install/my_opencv_tutorials/share/my_opencv_tutorials/launch
symbolically linking /home/won/pink_ws/src/build/my_opencv_tutorials/launch/bringup_param.launch.py -> /home/won/pink_ws/src/install/my_opencv_tutorials/share/my_opencv_tutorials/launch
symbolically linking /home/won/pink_ws/src/build/my_opencv_tutorials/launch/cartoon_styler.launch.py -> /home/won/pink_ws/src/install/my_opencv_tutorials/share/my_opencv_tutorials/launch
creating /home/won/pink_ws/src/install/my_opencv_tutorials/share/my_opencv_tutorials/config
symbolically linking /home/won/pink_ws/src/build/my_opencv_tutorials/config/cam.yaml -> /home/won/pink_ws/src/install/my_opencv_tutorials/share/my_opencv_tutorials/config
