[1.118s] Invoking command in '/home/won/pink_ws/src/build/my_opencv_tutorials': PYTHONPATH=/home/won/pink_ws/src/build/my_opencv_tutorials/prefix_override:/usr/lib/python3/dist-packages/colcon_core/task/python/colcon_distutils_commands:/home/won/pink_ws/src/install/my_opencv_tutorials/lib/python3.10/site-packages:${PYTHONPATH} /usr/bin/python3 -W ignore:setup.py install is deprecated -W ignore:easy_install command is deprecated setup.py develop --editable --build-directory /home/won/pink_ws/src/build/my_opencv_tutorials/build --no-deps symlink_data
[1.280s] running develop
[1.366s] running egg_info
[1.366s] creating my_opencv_tutorials.egg-info
[1.366s] writing my_opencv_tutorials.egg-info/PKG-INFO
[1.366s] writing dependency_links to my_opencv_tutorials.egg-info/dependency_links.txt
[1.366s] writing entry points to my_opencv_tutorials.egg-info/entry_points.txt
[1.366s] writing requirements to my_opencv_tutorials.egg-info/requires.txt
[1.366s] writing top-level names to my_opencv_tutorials.egg-info/top_level.txt
[1.367s] writing manifest file 'my_opencv_tutorials.egg-info/SOURCES.txt'
[1.368s] reading manifest file 'my_opencv_tutorials.egg-info/SOURCES.txt'
[1.368s] writing manifest file 'my_opencv_tutorials.egg-info/SOURCES.txt'
[1.369s] running build_ext
[1.369s] Creating /home/won/pink_ws/src/install/my_opencv_tutorials/lib/python3.10/site-packages/my-opencv-tutorials.egg-link (link to .)
[1.370s] Installing cartoon_multi_node script to /home/won/pink_ws/src/install/my_opencv_tutorials/lib/my_opencv_tutorials
[1.370s] Installing cartoon_node script to /home/won/pink_ws/src/install/my_opencv_tutorials/lib/my_opencv_tutorials
[1.370s] Installing img_pub script to /home/won/pink_ws/src/install/my_opencv_tutorials/lib/my_opencv_tutorials
[1.370s] Installing img_pub_param1 script to /home/won/pink_ws/src/install/my_opencv_tutorials/lib/my_opencv_tutorials
[1.370s] Installing img_pub_param2 script to /home/won/pink_ws/src/install/my_opencv_tutorials/lib/my_opencv_tutorials
[1.370s] 
[1.370s] Installed /home/won/pink_ws/src/build/my_opencv_tutorials
[1.370s] running symlink_data
[1.370s] creating /home/won/pink_ws/src/install/my_opencv_tutorials/share/ament_index
[1.370s] creating /home/won/pink_ws/src/install/my_opencv_tutorials/share/ament_index/resource_index
[1.370s] creating /home/won/pink_ws/src/install/my_opencv_tutorials/share/ament_index/resource_index/packages
[1.370s] symbolically linking /home/won/pink_ws/src/build/my_opencv_tutorials/resource/my_opencv_tutorials -> /home/won/pink_ws/src/install/my_opencv_tutorials/share/ament_index/resource_index/packages
[1.370s] symbolically linking /home/won/pink_ws/src/build/my_opencv_tutorials/package.xml -> /home/won/pink_ws/src/install/my_opencv_tutorials/share/my_opencv_tutorials
[1.370s] creating /home/won/pink_ws/src/install/my_opencv_tutorials/share/my_opencv_tutorials/launch
[1.370s] symbolically linking /home/won/pink_ws/src/build/my_opencv_tutorials/launch/cam_with_compress.launch.py -> /home/won/pink_ws/src/install/my_opencv_tutorials/share/my_opencv_tutorials/launch
[1.371s] symbolically linking /home/won/pink_ws/src/build/my_opencv_tutorials/launch/bringup_param_2.launch.py -> /home/won/pink_ws/src/install/my_opencv_tutorials/share/my_opencv_tutorials/launch
[1.371s] symbolically linking /home/won/pink_ws/src/build/my_opencv_tutorials/launch/bringup_usb_cam.launch.py -> /home/won/pink_ws/src/install/my_opencv_tutorials/share/my_opencv_tutorials/launch
[1.371s] symbolically linking /home/won/pink_ws/src/build/my_opencv_tutorials/launch/bringup_param.launch.xml -> /home/won/pink_ws/src/install/my_opencv_tutorials/share/my_opencv_tutorials/launch
[1.371s] symbolically linking /home/won/pink_ws/src/build/my_opencv_tutorials/launch/bringup_usb_cam.launch.xml -> /home/won/pink_ws/src/install/my_opencv_tutorials/share/my_opencv_tutorials/launch
[1.371s] symbolically linking /home/won/pink_ws/src/build/my_opencv_tutorials/launch/bringup_param.launch.py -> /home/won/pink_ws/src/install/my_opencv_tutorials/share/my_opencv_tutorials/launch
[1.371s] symbolically linking /home/won/pink_ws/src/build/my_opencv_tutorials/launch/cartoon_styler.launch.py -> /home/won/pink_ws/src/install/my_opencv_tutorials/share/my_opencv_tutorials/launch
[1.371s] creating /home/won/pink_ws/src/install/my_opencv_tutorials/share/my_opencv_tutorials/config
[1.371s] symbolically linking /home/won/pink_ws/src/build/my_opencv_tutorials/config/cam.yaml -> /home/won/pink_ws/src/install/my_opencv_tutorials/share/my_opencv_tutorials/config
[1.396s] Invoked command in '/home/won/pink_ws/src/build/my_opencv_tutorials' returned '0': PYTHONPATH=/home/won/pink_ws/src/build/my_opencv_tutorials/prefix_override:/usr/lib/python3/dist-packages/colcon_core/task/python/colcon_distutils_commands:/home/won/pink_ws/src/install/my_opencv_tutorials/lib/python3.10/site-packages:${PYTHONPATH} /usr/bin/python3 -W ignore:setup.py install is deprecated -W ignore:easy_install command is deprecated setup.py develop --editable --build-directory /home/won/pink_ws/src/build/my_opencv_tutorials/build --no-deps symlink_data
