[0.453s] Invoking command in '/home/won/pink_ws/src/build/my_first_package_msgs': CMAKE_PREFIX_PATH=${CMAKE_PREFIX_PATH}:/home/won/pink_ws/install/my_tf_pkg:/home/won/pink_ws/install/my_opencv_tutorials:/home/won/pink_ws/install/my_first_package:/home/won/pink_ws/install/big_data_tester_pkg:/home/won/external_ws/install/realsense2_ros_mqtt_bridge:/opt/ros/humble /usr/bin/cmake /home/won/pink_ws/src/my_first_package_msgs -DAMENT_CMAKE_SYMLINK_INSTALL=1 -DCMAKE_INSTALL_PREFIX=/home/won/pink_ws/src/install/my_first_package_msgs
[0.754s] -- The C compiler identification is GNU 11.4.0
[0.754s] -- The CXX compiler identification is GNU 11.4.0
[0.754s] -- Detecting C compiler ABI info
[0.754s] -- Detecting C compiler ABI info - done
[0.754s] -- Check for working C compiler: /usr/bin/cc - skipped
[0.754s] -- Detecting C compile features
[0.754s] -- Detecting C compile features - done
[0.754s] -- Detecting CXX compiler ABI info
[0.754s] -- Detecting CXX compiler ABI info - done
[0.754s] -- Check for working CXX compiler: /usr/bin/c++ - skipped
[0.754s] -- Detecting CXX compile features
[0.754s] -- Detecting CXX compile features - done
[0.754s] -- Found ament_cmake: 1.3.12 (/opt/ros/humble/share/ament_cmake/cmake)
[0.802s] -- Found Python3: /usr/bin/python3 (found version "3.10.12") found components: Interpreter 
[0.852s] -- Override CMake install command with custom implementation using symlinks instead of copying resources
[0.885s] -- Found rosidl_default_generators: 1.2.0 (/opt/ros/humble/share/rosidl_default_generators/cmake)
[0.889s] -- Using all available rosidl_typesupport_c: rosidl_typesupport_fastrtps_c;rosidl_typesupport_introspection_c
[0.899s] -- Found rosidl_adapter: 3.1.8 (/opt/ros/humble/share/rosidl_adapter/cmake)
[0.954s] -- Using all available rosidl_typesupport_cpp: rosidl_typesupport_fastrtps_cpp;rosidl_typesupport_introspection_cpp
[1.273s] -- Found ament_cmake_ros: 0.10.0 (/opt/ros/humble/share/ament_cmake_ros/cmake)
[1.436s] -- Using all available rosidl_typesupport_c: rosidl_typesupport_fastrtps_c;rosidl_typesupport_introspection_c
[1.692s] -- Using all available rosidl_typesupport_cpp: rosidl_typesupport_fastrtps_cpp;rosidl_typesupport_introspection_cpp
[1.711s] -- Found PythonInterp: /usr/bin/python3 (found suitable version "3.10.12", minimum required is "3.6") 
[1.713s] -- Found python_cmake_module: 0.10.0 (/opt/ros/humble/share/python_cmake_module/cmake)
[1.742s] -- Found PythonLibs: /usr/lib/x86_64-linux-gnu/libpython3.10.so (found suitable version "3.10.12", minimum required is "3.5") 
[1.742s] -- Using PYTHON_EXECUTABLE: /usr/bin/python3
[1.742s] -- Using PYTHON_INCLUDE_DIRS: /usr/include/python3.10
[1.742s] -- Using PYTHON_LIBRARIES: /usr/lib/x86_64-linux-gnu/libpython3.10.so
[1.758s] -- Found PythonExtra: .so  
[1.804s] -- Found ament_lint_auto: 0.12.14 (/opt/ros/humble/share/ament_lint_auto/cmake)
[1.830s] -- Added test 'lint_cmake' to check CMake code style
[1.831s] -- Added test 'xmllint' to check XML markup files
[1.835s] -- Configuring done
[1.858s] -- Generating done
[1.868s] -- Build files have been written to: /home/won/pink_ws/src/build/my_first_package_msgs
[1.880s] Invoked command in '/home/won/pink_ws/src/build/my_first_package_msgs' returned '0': CMAKE_PREFIX_PATH=${CMAKE_PREFIX_PATH}:/home/won/pink_ws/install/my_tf_pkg:/home/won/pink_ws/install/my_opencv_tutorials:/home/won/pink_ws/install/my_first_package:/home/won/pink_ws/install/big_data_tester_pkg:/home/won/external_ws/install/realsense2_ros_mqtt_bridge:/opt/ros/humble /usr/bin/cmake /home/won/pink_ws/src/my_first_package_msgs -DAMENT_CMAKE_SYMLINK_INSTALL=1 -DCMAKE_INSTALL_PREFIX=/home/won/pink_ws/src/install/my_first_package_msgs
[1.881s] Invoking command in '/home/won/pink_ws/src/build/my_first_package_msgs': CMAKE_PREFIX_PATH=${CMAKE_PREFIX_PATH}:/home/won/pink_ws/install/my_tf_pkg:/home/won/pink_ws/install/my_opencv_tutorials:/home/won/pink_ws/install/my_first_package:/home/won/pink_ws/install/big_data_tester_pkg:/home/won/external_ws/install/realsense2_ros_mqtt_bridge:/opt/ros/humble /usr/bin/cmake --build /home/won/pink_ws/src/build/my_first_package_msgs -- -j22 -l22
[1.920s] [  1%] [34m[1mGenerating C code for ROS interfaces[0m
[1.930s] [  3%] [34m[1mGenerating C++ code for ROS interfaces[0m
[1.939s] [  3%] Built target ament_cmake_python_symlink_my_first_package_msgs
[2.095s] running egg_info
[2.095s] creating my_first_package_msgs.egg-info
[2.095s] writing my_first_package_msgs.egg-info/PKG-INFO
[2.095s] writing dependency_links to my_first_package_msgs.egg-info/dependency_links.txt
[2.096s] writing top-level names to my_first_package_msgs.egg-info/top_level.txt
[2.096s] writing manifest file 'my_first_package_msgs.egg-info/SOURCES.txt'
[2.097s] reading manifest file 'my_first_package_msgs.egg-info/SOURCES.txt'
[2.097s] writing manifest file 'my_first_package_msgs.egg-info/SOURCES.txt'
[2.119s] [  3%] Built target ament_cmake_python_build_my_first_package_msgs_egg
[2.283s] [ 10%] [32mBuilding C object CMakeFiles/my_first_package_msgs__rosidl_generator_c.dir/rosidl_generator_c/my_first_package_msgs/srv/detail/multi_spawn__functions.c.o[0m
[2.283s] [ 10%] [32mBuilding C object CMakeFiles/my_first_package_msgs__rosidl_generator_c.dir/rosidl_generator_c/my_first_package_msgs/action/detail/dist_turtle__functions.c.o[0m
[2.283s] [ 10%] [32mBuilding C object CMakeFiles/my_first_package_msgs__rosidl_generator_c.dir/rosidl_generator_c/my_first_package_msgs/msg/detail/big_data__functions.c.o[0m
[2.283s] [ 10%] [32mBuilding C object CMakeFiles/my_first_package_msgs__rosidl_generator_c.dir/rosidl_generator_c/my_first_package_msgs/msg/detail/cmd_and_pose_vel__functions.c.o[0m
[2.310s] [ 10%] Built target my_first_package_msgs__cpp
[2.317s] [ 16%] [34m[1mGenerating C++ type support dispatch for ROS interfaces[0m
[2.317s] [ 16%] [34m[1mGenerating C++ type support for eProsima Fast-RTPS[0m
[2.317s] [ 16%] [34m[1mGenerating C++ introspection for ROS interfaces[0m
[2.378s] [ 18%] [32m[1mLinking C shared library libmy_first_package_msgs__rosidl_generator_c.so[0m
[2.410s] [ 18%] Built target my_first_package_msgs__rosidl_generator_c
[2.417s] [ 21%] [34m[1mGenerating C introspection for ROS interfaces[0m
[2.417s] [ 21%] [34m[1mGenerating C type support for eProsima Fast-RTPS[0m
[2.419s] [ 23%] [34m[1mGenerating C type support dispatch for ROS interfaces[0m
[2.541s] [ 25%] [32mBuilding CXX object CMakeFiles/my_first_package_msgs__rosidl_typesupport_cpp.dir/rosidl_typesupport_cpp/my_first_package_msgs/action/dist_turtle__type_support.cpp.o[0m
[2.541s] [ 27%] [32mBuilding CXX object CMakeFiles/my_first_package_msgs__rosidl_typesupport_cpp.dir/rosidl_typesupport_cpp/my_first_package_msgs/msg/big_data__type_support.cpp.o[0m
[2.542s] [ 30%] [32mBuilding CXX object CMakeFiles/my_first_package_msgs__rosidl_typesupport_cpp.dir/rosidl_typesupport_cpp/my_first_package_msgs/msg/cmd_and_pose_vel__type_support.cpp.o[0m
[2.542s] [ 30%] [32mBuilding CXX object CMakeFiles/my_first_package_msgs__rosidl_typesupport_cpp.dir/rosidl_typesupport_cpp/my_first_package_msgs/srv/multi_spawn__type_support.cpp.o[0m
[2.623s] [ 32%] [32mBuilding CXX object CMakeFiles/my_first_package_msgs__rosidl_typesupport_introspection_cpp.dir/rosidl_typesupport_introspection_cpp/my_first_package_msgs/msg/detail/cmd_and_pose_vel__type_support.cpp.o[0m
[2.624s] [ 34%] [32mBuilding CXX object CMakeFiles/my_first_package_msgs__rosidl_typesupport_introspection_cpp.dir/rosidl_typesupport_introspection_cpp/my_first_package_msgs/msg/detail/big_data__type_support.cpp.o[0m
[2.624s] [ 36%] [32mBuilding CXX object CMakeFiles/my_first_package_msgs__rosidl_typesupport_introspection_cpp.dir/rosidl_typesupport_introspection_cpp/my_first_package_msgs/action/detail/dist_turtle__type_support.cpp.o[0m
[2.625s] [ 38%] [32mBuilding CXX object CMakeFiles/my_first_package_msgs__rosidl_typesupport_introspection_cpp.dir/rosidl_typesupport_introspection_cpp/my_first_package_msgs/srv/detail/multi_spawn__type_support.cpp.o[0m
[2.677s] [ 40%] [32mBuilding CXX object CMakeFiles/my_first_package_msgs__rosidl_typesupport_c.dir/rosidl_typesupport_c/my_first_package_msgs/action/dist_turtle__type_support.cpp.o[0m
[2.677s] [ 41%] [32mBuilding CXX object CMakeFiles/my_first_package_msgs__rosidl_typesupport_c.dir/rosidl_typesupport_c/my_first_package_msgs/msg/big_data__type_support.cpp.o[0m
[2.678s] [ 43%] [32mBuilding CXX object CMakeFiles/my_first_package_msgs__rosidl_typesupport_c.dir/rosidl_typesupport_c/my_first_package_msgs/msg/cmd_and_pose_vel__type_support.cpp.o[0m
[2.678s] [ 45%] [32mBuilding CXX object CMakeFiles/my_first_package_msgs__rosidl_typesupport_c.dir/rosidl_typesupport_c/my_first_package_msgs/srv/multi_spawn__type_support.cpp.o[0m
[2.730s] [ 47%] [32m[1mLinking CXX shared library libmy_first_package_msgs__rosidl_typesupport_c.so[0m
[2.762s] [ 50%] [32mBuilding C object CMakeFiles/my_first_package_msgs__rosidl_typesupport_introspection_c.dir/rosidl_typesupport_introspection_c/my_first_package_msgs/msg/detail/cmd_and_pose_vel__type_support.c.o[0m
[2.762s] [ 50%] [32mBuilding C object CMakeFiles/my_first_package_msgs__rosidl_typesupport_introspection_c.dir/rosidl_typesupport_introspection_c/my_first_package_msgs/action/detail/dist_turtle__type_support.c.o[0m
[2.762s] [ 52%] [32mBuilding C object CMakeFiles/my_first_package_msgs__rosidl_typesupport_introspection_c.dir/rosidl_typesupport_introspection_c/my_first_package_msgs/msg/detail/big_data__type_support.c.o[0m
[2.762s] [ 54%] [32mBuilding C object CMakeFiles/my_first_package_msgs__rosidl_typesupport_introspection_c.dir/rosidl_typesupport_introspection_c/my_first_package_msgs/srv/detail/multi_spawn__type_support.c.o[0m
[2.780s] [ 56%] [32mBuilding CXX object CMakeFiles/my_first_package_msgs__rosidl_typesupport_fastrtps_cpp.dir/rosidl_typesupport_fastrtps_cpp/my_first_package_msgs/srv/detail/dds_fastrtps/multi_spawn__type_support.cpp.o[0m
[2.780s] [ 58%] [32mBuilding CXX object CMakeFiles/my_first_package_msgs__rosidl_typesupport_fastrtps_cpp.dir/rosidl_typesupport_fastrtps_cpp/my_first_package_msgs/action/detail/dds_fastrtps/dist_turtle__type_support.cpp.o[0m
[2.780s] [ 60%] [32mBuilding CXX object CMakeFiles/my_first_package_msgs__rosidl_typesupport_fastrtps_cpp.dir/rosidl_typesupport_fastrtps_cpp/my_first_package_msgs/msg/detail/dds_fastrtps/big_data__type_support.cpp.o[0m
[2.780s] [ 61%] [32mBuilding CXX object CMakeFiles/my_first_package_msgs__rosidl_typesupport_fastrtps_cpp.dir/rosidl_typesupport_fastrtps_cpp/my_first_package_msgs/msg/detail/dds_fastrtps/cmd_and_pose_vel__type_support.cpp.o[0m
[2.788s] [ 61%] Built target my_first_package_msgs__rosidl_typesupport_c
[2.800s] [ 63%] [32mBuilding CXX object CMakeFiles/my_first_package_msgs__rosidl_typesupport_fastrtps_c.dir/rosidl_typesupport_fastrtps_c/my_first_package_msgs/msg/detail/cmd_and_pose_vel__type_support_c.cpp.o[0m
[2.800s] [ 65%] [32mBuilding CXX object CMakeFiles/my_first_package_msgs__rosidl_typesupport_fastrtps_c.dir/rosidl_typesupport_fastrtps_c/my_first_package_msgs/srv/detail/multi_spawn__type_support_c.cpp.o[0m
[2.801s] [ 67%] [32mBuilding CXX object CMakeFiles/my_first_package_msgs__rosidl_typesupport_fastrtps_c.dir/rosidl_typesupport_fastrtps_c/my_first_package_msgs/msg/detail/big_data__type_support_c.cpp.o[0m
[2.804s] [ 69%] [32mBuilding CXX object CMakeFiles/my_first_package_msgs__rosidl_typesupport_fastrtps_c.dir/rosidl_typesupport_fastrtps_c/my_first_package_msgs/action/detail/dist_turtle__type_support_c.cpp.o[0m
[2.812s] [ 70%] [32m[1mLinking C shared library libmy_first_package_msgs__rosidl_typesupport_introspection_c.so[0m
[2.839s] [ 70%] Built target my_first_package_msgs__rosidl_typesupport_introspection_c
[3.012s] [ 72%] [32m[1mLinking CXX shared library libmy_first_package_msgs__rosidl_typesupport_cpp.so[0m
[3.049s] [ 72%] Built target my_first_package_msgs__rosidl_typesupport_cpp
[3.152s] [ 74%] [32m[1mLinking CXX shared library libmy_first_package_msgs__rosidl_typesupport_fastrtps_c.so[0m
[3.222s] [ 74%] Built target my_first_package_msgs__rosidl_typesupport_fastrtps_c
[3.224s] [ 76%] [32m[1mLinking CXX shared library libmy_first_package_msgs__rosidl_typesupport_introspection_cpp.so[0m
[3.263s] [ 78%] [32m[1mLinking CXX shared library libmy_first_package_msgs__rosidl_typesupport_fastrtps_cpp.so[0m
[3.282s] [ 78%] Built target my_first_package_msgs__rosidl_typesupport_introspection_cpp
[3.319s] [ 78%] Built target my_first_package_msgs__rosidl_typesupport_fastrtps_cpp
[3.336s] [ 78%] Built target my_first_package_msgs
[3.355s] [ 80%] [34m[1mGenerating Python code for ROS interfaces[0m
[3.995s] [ 80%] Built target my_first_package_msgs__py
[4.009s] [ 85%] [32mBuilding C object CMakeFiles/my_first_package_msgs__rosidl_generator_py.dir/rosidl_generator_py/my_first_package_msgs/msg/_cmd_and_pose_vel_s.c.o[0m
[4.009s] [ 85%] [32mBuilding C object CMakeFiles/my_first_package_msgs__rosidl_generator_py.dir/rosidl_generator_py/my_first_package_msgs/msg/_big_data_s.c.o[0m
[4.009s] [ 85%] [32mBuilding C object CMakeFiles/my_first_package_msgs__rosidl_generator_py.dir/rosidl_generator_py/my_first_package_msgs/srv/_multi_spawn_s.c.o[0m
[4.009s] [ 87%] [32mBuilding C object CMakeFiles/my_first_package_msgs__rosidl_generator_py.dir/rosidl_generator_py/my_first_package_msgs/action/_dist_turtle_s.c.o[0m
[4.114s] [ 89%] [32m[1mLinking C shared library rosidl_generator_py/my_first_package_msgs/libmy_first_package_msgs__rosidl_generator_py.so[0m
[4.144s] [ 89%] Built target my_first_package_msgs__rosidl_generator_py
[4.158s] [ 90%] [32mBuilding C object CMakeFiles/my_first_package_msgs__rosidl_typesupport_c__pyext.dir/rosidl_generator_py/my_first_package_msgs/_my_first_package_msgs_s.ep.rosidl_typesupport_c.c.o[0m
[4.160s] [ 92%] [32mBuilding C object CMakeFiles/my_first_package_msgs__rosidl_typesupport_introspection_c__pyext.dir/rosidl_generator_py/my_first_package_msgs/_my_first_package_msgs_s.ep.rosidl_typesupport_introspection_c.c.o[0m
[4.160s] [ 94%] [32mBuilding C object CMakeFiles/my_first_package_msgs__rosidl_typesupport_fastrtps_c__pyext.dir/rosidl_generator_py/my_first_package_msgs/_my_first_package_msgs_s.ep.rosidl_typesupport_fastrtps_c.c.o[0m
[4.234s] [ 96%] [32m[1mLinking C shared library rosidl_generator_py/my_first_package_msgs/my_first_package_msgs_s__rosidl_typesupport_fastrtps_c.cpython-310-x86_64-linux-gnu.so[0m
[4.236s] [ 98%] [32m[1mLinking C shared library rosidl_generator_py/my_first_package_msgs/my_first_package_msgs_s__rosidl_typesupport_introspection_c.cpython-310-x86_64-linux-gnu.so[0m
[4.237s] [100%] [32m[1mLinking C shared library rosidl_generator_py/my_first_package_msgs/my_first_package_msgs_s__rosidl_typesupport_c.cpython-310-x86_64-linux-gnu.so[0m
[4.258s] [100%] Built target my_first_package_msgs__rosidl_typesupport_fastrtps_c__pyext
[4.268s] [100%] Built target my_first_package_msgs__rosidl_typesupport_introspection_c__pyext
[4.268s] [100%] Built target my_first_package_msgs__rosidl_typesupport_c__pyext
[4.276s] Invoked command in '/home/won/pink_ws/src/build/my_first_package_msgs' returned '0': CMAKE_PREFIX_PATH=${CMAKE_PREFIX_PATH}:/home/won/pink_ws/install/my_tf_pkg:/home/won/pink_ws/install/my_opencv_tutorials:/home/won/pink_ws/install/my_first_package:/home/won/pink_ws/install/big_data_tester_pkg:/home/won/external_ws/install/realsense2_ros_mqtt_bridge:/opt/ros/humble /usr/bin/cmake --build /home/won/pink_ws/src/build/my_first_package_msgs -- -j22 -l22
[4.278s] Invoking command in '/home/won/pink_ws/src/build/my_first_package_msgs': CMAKE_PREFIX_PATH=${CMAKE_PREFIX_PATH}:/home/won/pink_ws/install/my_tf_pkg:/home/won/pink_ws/install/my_opencv_tutorials:/home/won/pink_ws/install/my_first_package:/home/won/pink_ws/install/big_data_tester_pkg:/home/won/external_ws/install/realsense2_ros_mqtt_bridge:/opt/ros/humble /usr/bin/cmake --install /home/won/pink_ws/src/build/my_first_package_msgs
[4.283s] -- Install configuration: ""
[4.283s] -- Execute custom install script
[4.283s] -- Symlinking: /home/won/pink_ws/src/install/my_first_package_msgs/share/ament_index/resource_index/rosidl_interfaces/my_first_package_msgs
[4.290s] -- Symlinking: /home/won/pink_ws/src/install/my_first_package_msgs/include/my_first_package_msgs/my_first_package_msgs/action/detail/dist_turtle__functions.h
[4.297s] -- Symlinking: /home/won/pink_ws/src/install/my_first_package_msgs/include/my_first_package_msgs/my_first_package_msgs/action/detail/dist_turtle__struct.h
[4.302s] -- Symlinking: /home/won/pink_ws/src/install/my_first_package_msgs/include/my_first_package_msgs/my_first_package_msgs/action/detail/dist_turtle__type_support.h
[4.309s] -- Symlinking: /home/won/pink_ws/src/install/my_first_package_msgs/include/my_first_package_msgs/my_first_package_msgs/action/dist_turtle.h
[4.316s] -- Symlinking: /home/won/pink_ws/src/install/my_first_package_msgs/include/my_first_package_msgs/my_first_package_msgs/msg/big_data.h
[4.321s] -- Symlinking: /home/won/pink_ws/src/install/my_first_package_msgs/include/my_first_package_msgs/my_first_package_msgs/msg/cmd_and_pose_vel.h
[4.326s] -- Symlinking: /home/won/pink_ws/src/install/my_first_package_msgs/include/my_first_package_msgs/my_first_package_msgs/msg/detail/big_data__functions.h
[4.332s] -- Symlinking: /home/won/pink_ws/src/install/my_first_package_msgs/include/my_first_package_msgs/my_first_package_msgs/msg/detail/big_data__struct.h
[4.338s] -- Symlinking: /home/won/pink_ws/src/install/my_first_package_msgs/include/my_first_package_msgs/my_first_package_msgs/msg/detail/big_data__type_support.h
[4.343s] -- Symlinking: /home/won/pink_ws/src/install/my_first_package_msgs/include/my_first_package_msgs/my_first_package_msgs/msg/detail/cmd_and_pose_vel__functions.h
[4.348s] -- Symlinking: /home/won/pink_ws/src/install/my_first_package_msgs/include/my_first_package_msgs/my_first_package_msgs/msg/detail/cmd_and_pose_vel__struct.h
[4.354s] -- Symlinking: /home/won/pink_ws/src/install/my_first_package_msgs/include/my_first_package_msgs/my_first_package_msgs/msg/detail/cmd_and_pose_vel__type_support.h
[4.359s] -- Symlinking: /home/won/pink_ws/src/install/my_first_package_msgs/include/my_first_package_msgs/my_first_package_msgs/msg/rosidl_generator_c__visibility_control.h
[4.364s] -- Symlinking: /home/won/pink_ws/src/install/my_first_package_msgs/include/my_first_package_msgs/my_first_package_msgs/srv/detail/multi_spawn__functions.h
[4.370s] -- Symlinking: /home/won/pink_ws/src/install/my_first_package_msgs/include/my_first_package_msgs/my_first_package_msgs/srv/detail/multi_spawn__struct.h
[4.375s] -- Symlinking: /home/won/pink_ws/src/install/my_first_package_msgs/include/my_first_package_msgs/my_first_package_msgs/srv/detail/multi_spawn__type_support.h
[4.382s] -- Symlinking: /home/won/pink_ws/src/install/my_first_package_msgs/include/my_first_package_msgs/my_first_package_msgs/srv/multi_spawn.h
[4.388s] -- Symlinking: /home/won/pink_ws/src/install/my_first_package_msgs/share/my_first_package_msgs/environment/library_path.sh
[4.394s] -- Symlinking: /home/won/pink_ws/src/install/my_first_package_msgs/share/my_first_package_msgs/environment/library_path.dsv
[4.402s] -- Symlinking: /home/won/pink_ws/src/install/my_first_package_msgs/include/my_first_package_msgs/my_first_package_msgs/action/detail/dist_turtle__rosidl_typesupport_fastrtps_c.h
[4.408s] -- Symlinking: /home/won/pink_ws/src/install/my_first_package_msgs/include/my_first_package_msgs/my_first_package_msgs/msg/detail/big_data__rosidl_typesupport_fastrtps_c.h
[4.415s] -- Symlinking: /home/won/pink_ws/src/install/my_first_package_msgs/include/my_first_package_msgs/my_first_package_msgs/msg/detail/cmd_and_pose_vel__rosidl_typesupport_fastrtps_c.h
[4.421s] -- Symlinking: /home/won/pink_ws/src/install/my_first_package_msgs/include/my_first_package_msgs/my_first_package_msgs/msg/rosidl_typesupport_fastrtps_c__visibility_control.h
[4.426s] -- Symlinking: /home/won/pink_ws/src/install/my_first_package_msgs/include/my_first_package_msgs/my_first_package_msgs/srv/detail/multi_spawn__rosidl_typesupport_fastrtps_c.h
[4.431s] -- Symlinking: /home/won/pink_ws/src/install/my_first_package_msgs/include/my_first_package_msgs/my_first_package_msgs/action/detail/dist_turtle__rosidl_typesupport_introspection_c.h
[4.436s] -- Symlinking: /home/won/pink_ws/src/install/my_first_package_msgs/include/my_first_package_msgs/my_first_package_msgs/msg/detail/big_data__rosidl_typesupport_introspection_c.h
[4.443s] -- Symlinking: /home/won/pink_ws/src/install/my_first_package_msgs/include/my_first_package_msgs/my_first_package_msgs/msg/detail/cmd_and_pose_vel__rosidl_typesupport_introspection_c.h
[4.448s] -- Symlinking: /home/won/pink_ws/src/install/my_first_package_msgs/include/my_first_package_msgs/my_first_package_msgs/msg/rosidl_typesupport_introspection_c__visibility_control.h
[4.453s] -- Symlinking: /home/won/pink_ws/src/install/my_first_package_msgs/include/my_first_package_msgs/my_first_package_msgs/srv/detail/multi_spawn__rosidl_typesupport_introspection_c.h
[4.460s] -- Symlinking: /home/won/pink_ws/src/install/my_first_package_msgs/include/my_first_package_msgs/my_first_package_msgs/action/detail/dist_turtle__builder.hpp
[4.466s] -- Symlinking: /home/won/pink_ws/src/install/my_first_package_msgs/include/my_first_package_msgs/my_first_package_msgs/action/detail/dist_turtle__struct.hpp
[4.472s] -- Symlinking: /home/won/pink_ws/src/install/my_first_package_msgs/include/my_first_package_msgs/my_first_package_msgs/action/detail/dist_turtle__traits.hpp
[4.477s] -- Symlinking: /home/won/pink_ws/src/install/my_first_package_msgs/include/my_first_package_msgs/my_first_package_msgs/action/detail/dist_turtle__type_support.hpp
[4.483s] -- Symlinking: /home/won/pink_ws/src/install/my_first_package_msgs/include/my_first_package_msgs/my_first_package_msgs/action/dist_turtle.hpp
[4.488s] -- Symlinking: /home/won/pink_ws/src/install/my_first_package_msgs/include/my_first_package_msgs/my_first_package_msgs/msg/big_data.hpp
[4.494s] -- Symlinking: /home/won/pink_ws/src/install/my_first_package_msgs/include/my_first_package_msgs/my_first_package_msgs/msg/cmd_and_pose_vel.hpp
[4.501s] -- Symlinking: /home/won/pink_ws/src/install/my_first_package_msgs/include/my_first_package_msgs/my_first_package_msgs/msg/detail/big_data__builder.hpp
[4.507s] -- Symlinking: /home/won/pink_ws/src/install/my_first_package_msgs/include/my_first_package_msgs/my_first_package_msgs/msg/detail/big_data__struct.hpp
[4.515s] -- Symlinking: /home/won/pink_ws/src/install/my_first_package_msgs/include/my_first_package_msgs/my_first_package_msgs/msg/detail/big_data__traits.hpp
[4.521s] -- Symlinking: /home/won/pink_ws/src/install/my_first_package_msgs/include/my_first_package_msgs/my_first_package_msgs/msg/detail/big_data__type_support.hpp
[4.526s] -- Symlinking: /home/won/pink_ws/src/install/my_first_package_msgs/include/my_first_package_msgs/my_first_package_msgs/msg/detail/cmd_and_pose_vel__builder.hpp
[4.532s] -- Symlinking: /home/won/pink_ws/src/install/my_first_package_msgs/include/my_first_package_msgs/my_first_package_msgs/msg/detail/cmd_and_pose_vel__struct.hpp
[4.538s] -- Symlinking: /home/won/pink_ws/src/install/my_first_package_msgs/include/my_first_package_msgs/my_first_package_msgs/msg/detail/cmd_and_pose_vel__traits.hpp
[4.545s] -- Symlinking: /home/won/pink_ws/src/install/my_first_package_msgs/include/my_first_package_msgs/my_first_package_msgs/msg/detail/cmd_and_pose_vel__type_support.hpp
[4.551s] -- Symlinking: /home/won/pink_ws/src/install/my_first_package_msgs/include/my_first_package_msgs/my_first_package_msgs/msg/rosidl_generator_cpp__visibility_control.hpp
[4.556s] -- Symlinking: /home/won/pink_ws/src/install/my_first_package_msgs/include/my_first_package_msgs/my_first_package_msgs/srv/detail/multi_spawn__builder.hpp
[4.562s] -- Symlinking: /home/won/pink_ws/src/install/my_first_package_msgs/include/my_first_package_msgs/my_first_package_msgs/srv/detail/multi_spawn__struct.hpp
[4.568s] -- Symlinking: /home/won/pink_ws/src/install/my_first_package_msgs/include/my_first_package_msgs/my_first_package_msgs/srv/detail/multi_spawn__traits.hpp
[4.572s] -- Symlinking: /home/won/pink_ws/src/install/my_first_package_msgs/include/my_first_package_msgs/my_first_package_msgs/srv/detail/multi_spawn__type_support.hpp
[4.579s] -- Symlinking: /home/won/pink_ws/src/install/my_first_package_msgs/include/my_first_package_msgs/my_first_package_msgs/srv/multi_spawn.hpp
[4.586s] -- Symlinking: /home/won/pink_ws/src/install/my_first_package_msgs/include/my_first_package_msgs/my_first_package_msgs/action/detail/dist_turtle__rosidl_typesupport_fastrtps_cpp.hpp
[4.591s] -- Symlinking: /home/won/pink_ws/src/install/my_first_package_msgs/include/my_first_package_msgs/my_first_package_msgs/msg/detail/big_data__rosidl_typesupport_fastrtps_cpp.hpp
[4.597s] -- Symlinking: /home/won/pink_ws/src/install/my_first_package_msgs/include/my_first_package_msgs/my_first_package_msgs/msg/detail/cmd_and_pose_vel__rosidl_typesupport_fastrtps_cpp.hpp
[4.604s] -- Symlinking: /home/won/pink_ws/src/install/my_first_package_msgs/include/my_first_package_msgs/my_first_package_msgs/msg/rosidl_typesupport_fastrtps_cpp__visibility_control.h
[4.612s] -- Symlinking: /home/won/pink_ws/src/install/my_first_package_msgs/include/my_first_package_msgs/my_first_package_msgs/srv/detail/multi_spawn__rosidl_typesupport_fastrtps_cpp.hpp
[4.619s] -- Symlinking: /home/won/pink_ws/src/install/my_first_package_msgs/include/my_first_package_msgs/my_first_package_msgs/action/detail/dist_turtle__rosidl_typesupport_introspection_cpp.hpp
[4.626s] -- Symlinking: /home/won/pink_ws/src/install/my_first_package_msgs/include/my_first_package_msgs/my_first_package_msgs/msg/detail/big_data__rosidl_typesupport_introspection_cpp.hpp
[4.633s] -- Symlinking: /home/won/pink_ws/src/install/my_first_package_msgs/include/my_first_package_msgs/my_first_package_msgs/msg/detail/cmd_and_pose_vel__rosidl_typesupport_introspection_cpp.hpp
[4.638s] -- Symlinking: /home/won/pink_ws/src/install/my_first_package_msgs/include/my_first_package_msgs/my_first_package_msgs/srv/detail/multi_spawn__rosidl_typesupport_introspection_cpp.hpp
[4.645s] -- Symlinking: /home/won/pink_ws/src/install/my_first_package_msgs/share/my_first_package_msgs/environment/pythonpath.sh
[4.651s] -- Symlinking: /home/won/pink_ws/src/install/my_first_package_msgs/share/my_first_package_msgs/environment/pythonpath.dsv
[4.657s] -- Symlinking: /home/won/pink_ws/src/install/my_first_package_msgs/local/lib/python3.10/dist-packages/my_first_package_msgs-0.0.0-py3.10.egg-info/PKG-INFO
[4.664s] -- Symlinking: /home/won/pink_ws/src/install/my_first_package_msgs/local/lib/python3.10/dist-packages/my_first_package_msgs-0.0.0-py3.10.egg-info/SOURCES.txt
[4.670s] -- Symlinking: /home/won/pink_ws/src/install/my_first_package_msgs/local/lib/python3.10/dist-packages/my_first_package_msgs-0.0.0-py3.10.egg-info/dependency_links.txt
[4.675s] -- Symlinking: /home/won/pink_ws/src/install/my_first_package_msgs/local/lib/python3.10/dist-packages/my_first_package_msgs-0.0.0-py3.10.egg-info/top_level.txt
[4.683s] -- Symlinking: /home/won/pink_ws/src/install/my_first_package_msgs/local/lib/python3.10/dist-packages/my_first_package_msgs/__init__.py
[4.688s] -- Symlinking: /home/won/pink_ws/src/install/my_first_package_msgs/local/lib/python3.10/dist-packages/my_first_package_msgs/_my_first_package_msgs_s.ep.rosidl_typesupport_c.c
[4.694s] -- Symlinking: /home/won/pink_ws/src/install/my_first_package_msgs/local/lib/python3.10/dist-packages/my_first_package_msgs/_my_first_package_msgs_s.ep.rosidl_typesupport_fastrtps_c.c
[4.703s] -- Symlinking: /home/won/pink_ws/src/install/my_first_package_msgs/local/lib/python3.10/dist-packages/my_first_package_msgs/_my_first_package_msgs_s.ep.rosidl_typesupport_introspection_c.c
[4.710s] -- Symlinking: /home/won/pink_ws/src/install/my_first_package_msgs/local/lib/python3.10/dist-packages/my_first_package_msgs/action/__init__.py
[4.717s] -- Symlinking: /home/won/pink_ws/src/install/my_first_package_msgs/local/lib/python3.10/dist-packages/my_first_package_msgs/action/_dist_turtle.py
[4.725s] -- Symlinking: /home/won/pink_ws/src/install/my_first_package_msgs/local/lib/python3.10/dist-packages/my_first_package_msgs/action/_dist_turtle_s.c
[4.733s] -- Symlinking: /home/won/pink_ws/src/install/my_first_package_msgs/local/lib/python3.10/dist-packages/my_first_package_msgs/libmy_first_package_msgs__rosidl_generator_py.so
[4.740s] -- Symlinking: /home/won/pink_ws/src/install/my_first_package_msgs/local/lib/python3.10/dist-packages/my_first_package_msgs/msg/__init__.py
[4.746s] -- Symlinking: /home/won/pink_ws/src/install/my_first_package_msgs/local/lib/python3.10/dist-packages/my_first_package_msgs/msg/_big_data.py
[4.752s] -- Symlinking: /home/won/pink_ws/src/install/my_first_package_msgs/local/lib/python3.10/dist-packages/my_first_package_msgs/msg/_big_data_s.c
[4.758s] -- Symlinking: /home/won/pink_ws/src/install/my_first_package_msgs/local/lib/python3.10/dist-packages/my_first_package_msgs/msg/_cmd_and_pose_vel.py
[4.763s] -- Symlinking: /home/won/pink_ws/src/install/my_first_package_msgs/local/lib/python3.10/dist-packages/my_first_package_msgs/msg/_cmd_and_pose_vel_s.c
[4.770s] -- Symlinking: /home/won/pink_ws/src/install/my_first_package_msgs/local/lib/python3.10/dist-packages/my_first_package_msgs/my_first_package_msgs_s__rosidl_typesupport_c.cpython-310-x86_64-linux-gnu.so
[4.775s] -- Symlinking: /home/won/pink_ws/src/install/my_first_package_msgs/local/lib/python3.10/dist-packages/my_first_package_msgs/my_first_package_msgs_s__rosidl_typesupport_fastrtps_c.cpython-310-x86_64-linux-gnu.so
[4.780s] -- Symlinking: /home/won/pink_ws/src/install/my_first_package_msgs/local/lib/python3.10/dist-packages/my_first_package_msgs/my_first_package_msgs_s__rosidl_typesupport_introspection_c.cpython-310-x86_64-linux-gnu.so
[4.787s] -- Symlinking: /home/won/pink_ws/src/install/my_first_package_msgs/local/lib/python3.10/dist-packages/my_first_package_msgs/srv/__init__.py
[4.794s] -- Symlinking: /home/won/pink_ws/src/install/my_first_package_msgs/local/lib/python3.10/dist-packages/my_first_package_msgs/srv/_multi_spawn.py
[4.800s] -- Symlinking: /home/won/pink_ws/src/install/my_first_package_msgs/local/lib/python3.10/dist-packages/my_first_package_msgs/srv/_multi_spawn_s.c
[4.805s] -- Up-to-date symlink: /home/won/pink_ws/src/install/my_first_package_msgs/local/lib/python3.10/dist-packages/my_first_package_msgs/my_first_package_msgs_s__rosidl_typesupport_fastrtps_c.cpython-310-x86_64-linux-gnu.so
[4.805s] -- Up-to-date symlink: /home/won/pink_ws/src/install/my_first_package_msgs/local/lib/python3.10/dist-packages/my_first_package_msgs/my_first_package_msgs_s__rosidl_typesupport_introspection_c.cpython-310-x86_64-linux-gnu.so
[4.806s] -- Up-to-date symlink: /home/won/pink_ws/src/install/my_first_package_msgs/local/lib/python3.10/dist-packages/my_first_package_msgs/my_first_package_msgs_s__rosidl_typesupport_c.cpython-310-x86_64-linux-gnu.so
[4.806s] -- Symlinking: /home/won/pink_ws/src/install/my_first_package_msgs/share/my_first_package_msgs/msg/CmdAndPoseVel.idl
[4.811s] -- Symlinking: /home/won/pink_ws/src/install/my_first_package_msgs/share/my_first_package_msgs/msg/BigData.idl
[4.818s] -- Symlinking: /home/won/pink_ws/src/install/my_first_package_msgs/share/my_first_package_msgs/srv/MultiSpawn.idl
[4.823s] -- Symlinking: /home/won/pink_ws/src/install/my_first_package_msgs/share/my_first_package_msgs/action/DistTurtle.idl
[4.828s] -- Symlinking: /home/won/pink_ws/src/install/my_first_package_msgs/share/my_first_package_msgs/msg/CmdAndPoseVel.msg
[4.834s] -- Symlinking: /home/won/pink_ws/src/install/my_first_package_msgs/share/my_first_package_msgs/msg/BigData.msg
[4.839s] -- Symlinking: /home/won/pink_ws/src/install/my_first_package_msgs/share/my_first_package_msgs/srv/MultiSpawn.srv
[4.844s] -- Symlinking: /home/won/pink_ws/src/install/my_first_package_msgs/share/my_first_package_msgs/srv/MultiSpawn_Request.msg
[4.851s] -- Symlinking: /home/won/pink_ws/src/install/my_first_package_msgs/share/my_first_package_msgs/srv/MultiSpawn_Response.msg
[4.858s] -- Symlinking: /home/won/pink_ws/src/install/my_first_package_msgs/share/my_first_package_msgs/action/DistTurtle.action
[4.863s] -- Symlinking: /home/won/pink_ws/src/install/my_first_package_msgs/share/ament_index/resource_index/package_run_dependencies/my_first_package_msgs
[4.869s] -- Symlinking: /home/won/pink_ws/src/install/my_first_package_msgs/share/ament_index/resource_index/parent_prefix_path/my_first_package_msgs
[4.875s] -- Symlinking: /home/won/pink_ws/src/install/my_first_package_msgs/share/my_first_package_msgs/environment/ament_prefix_path.sh
[4.880s] -- Symlinking: /home/won/pink_ws/src/install/my_first_package_msgs/share/my_first_package_msgs/environment/ament_prefix_path.dsv
[4.886s] -- Symlinking: /home/won/pink_ws/src/install/my_first_package_msgs/share/my_first_package_msgs/environment/path.sh
[4.893s] -- Symlinking: /home/won/pink_ws/src/install/my_first_package_msgs/share/my_first_package_msgs/environment/path.dsv
[4.899s] -- Symlinking: /home/won/pink_ws/src/install/my_first_package_msgs/share/my_first_package_msgs/local_setup.bash
[4.904s] -- Symlinking: /home/won/pink_ws/src/install/my_first_package_msgs/share/my_first_package_msgs/local_setup.sh
[4.909s] -- Symlinking: /home/won/pink_ws/src/install/my_first_package_msgs/share/my_first_package_msgs/local_setup.zsh
[4.916s] -- Symlinking: /home/won/pink_ws/src/install/my_first_package_msgs/share/my_first_package_msgs/local_setup.dsv
[4.920s] -- Symlinking: /home/won/pink_ws/src/install/my_first_package_msgs/share/my_first_package_msgs/package.dsv
[4.926s] -- Symlinking: /home/won/pink_ws/src/install/my_first_package_msgs/share/ament_index/resource_index/packages/my_first_package_msgs
[4.933s] -- Symlinking: /home/won/pink_ws/src/install/my_first_package_msgs/share/my_first_package_msgs/cmake/rosidl_cmake-extras.cmake
[4.938s] -- Symlinking: /home/won/pink_ws/src/install/my_first_package_msgs/share/my_first_package_msgs/cmake/ament_cmake_export_dependencies-extras.cmake
[4.943s] -- Symlinking: /home/won/pink_ws/src/install/my_first_package_msgs/share/my_first_package_msgs/cmake/ament_cmake_export_include_directories-extras.cmake
[4.948s] -- Symlinking: /home/won/pink_ws/src/install/my_first_package_msgs/share/my_first_package_msgs/cmake/ament_cmake_export_libraries-extras.cmake
[4.953s] -- Symlinking: /home/won/pink_ws/src/install/my_first_package_msgs/share/my_first_package_msgs/cmake/ament_cmake_export_targets-extras.cmake
[4.959s] -- Symlinking: /home/won/pink_ws/src/install/my_first_package_msgs/share/my_first_package_msgs/cmake/rosidl_cmake_export_typesupport_targets-extras.cmake
[4.965s] -- Symlinking: /home/won/pink_ws/src/install/my_first_package_msgs/share/my_first_package_msgs/cmake/rosidl_cmake_export_typesupport_libraries-extras.cmake
[4.970s] -- Symlinking: /home/won/pink_ws/src/install/my_first_package_msgs/share/my_first_package_msgs/cmake/my_first_package_msgsConfig.cmake
[4.976s] -- Symlinking: /home/won/pink_ws/src/install/my_first_package_msgs/share/my_first_package_msgs/cmake/my_first_package_msgsConfig-version.cmake
[4.983s] -- Symlinking: /home/won/pink_ws/src/install/my_first_package_msgs/share/my_first_package_msgs/package.xml
[4.987s] -- Installing: /home/won/pink_ws/src/install/my_first_package_msgs/lib/libmy_first_package_msgs__rosidl_generator_c.so
[4.988s] -- Set runtime path of "/home/won/pink_ws/src/install/my_first_package_msgs/lib/libmy_first_package_msgs__rosidl_generator_c.so" to ""
[4.988s] -- Installing: /home/won/pink_ws/src/install/my_first_package_msgs/lib/libmy_first_package_msgs__rosidl_typesupport_fastrtps_c.so
[4.988s] -- Set runtime path of "/home/won/pink_ws/src/install/my_first_package_msgs/lib/libmy_first_package_msgs__rosidl_typesupport_fastrtps_c.so" to ""
[4.988s] -- Installing: /home/won/pink_ws/src/install/my_first_package_msgs/lib/libmy_first_package_msgs__rosidl_typesupport_introspection_c.so
[4.988s] -- Set runtime path of "/home/won/pink_ws/src/install/my_first_package_msgs/lib/libmy_first_package_msgs__rosidl_typesupport_introspection_c.so" to ""
[4.988s] -- Installing: /home/won/pink_ws/src/install/my_first_package_msgs/lib/libmy_first_package_msgs__rosidl_typesupport_c.so
[4.988s] -- Set runtime path of "/home/won/pink_ws/src/install/my_first_package_msgs/lib/libmy_first_package_msgs__rosidl_typesupport_c.so" to ""
[4.988s] -- Installing: /home/won/pink_ws/src/install/my_first_package_msgs/lib/libmy_first_package_msgs__rosidl_typesupport_fastrtps_cpp.so
[4.989s] -- Set runtime path of "/home/won/pink_ws/src/install/my_first_package_msgs/lib/libmy_first_package_msgs__rosidl_typesupport_fastrtps_cpp.so" to ""
[4.989s] -- Installing: /home/won/pink_ws/src/install/my_first_package_msgs/lib/libmy_first_package_msgs__rosidl_typesupport_introspection_cpp.so
[4.989s] -- Set runtime path of "/home/won/pink_ws/src/install/my_first_package_msgs/lib/libmy_first_package_msgs__rosidl_typesupport_introspection_cpp.so" to ""
[4.989s] -- Installing: /home/won/pink_ws/src/install/my_first_package_msgs/lib/libmy_first_package_msgs__rosidl_typesupport_cpp.so
[4.989s] -- Set runtime path of "/home/won/pink_ws/src/install/my_first_package_msgs/lib/libmy_first_package_msgs__rosidl_typesupport_cpp.so" to ""
[5.020s] Listing '/home/won/pink_ws/src/install/my_first_package_msgs/local/lib/python3.10/dist-packages/my_first_package_msgs'...
[5.020s] Compiling '/home/won/pink_ws/src/install/my_first_package_msgs/local/lib/python3.10/dist-packages/my_first_package_msgs/__init__.py'...
[5.020s] Listing '/home/won/pink_ws/src/install/my_first_package_msgs/local/lib/python3.10/dist-packages/my_first_package_msgs/action'...
[5.020s] Compiling '/home/won/pink_ws/src/install/my_first_package_msgs/local/lib/python3.10/dist-packages/my_first_package_msgs/action/__init__.py'...
[5.020s] Compiling '/home/won/pink_ws/src/install/my_first_package_msgs/local/lib/python3.10/dist-packages/my_first_package_msgs/action/_dist_turtle.py'...
[5.020s] Listing '/home/won/pink_ws/src/install/my_first_package_msgs/local/lib/python3.10/dist-packages/my_first_package_msgs/msg'...
[5.020s] Compiling '/home/won/pink_ws/src/install/my_first_package_msgs/local/lib/python3.10/dist-packages/my_first_package_msgs/msg/__init__.py'...
[5.020s] Compiling '/home/won/pink_ws/src/install/my_first_package_msgs/local/lib/python3.10/dist-packages/my_first_package_msgs/msg/_big_data.py'...
[5.020s] Compiling '/home/won/pink_ws/src/install/my_first_package_msgs/local/lib/python3.10/dist-packages/my_first_package_msgs/msg/_cmd_and_pose_vel.py'...
[5.020s] Listing '/home/won/pink_ws/src/install/my_first_package_msgs/local/lib/python3.10/dist-packages/my_first_package_msgs/srv'...
[5.020s] Compiling '/home/won/pink_ws/src/install/my_first_package_msgs/local/lib/python3.10/dist-packages/my_first_package_msgs/srv/__init__.py'...
[5.020s] Compiling '/home/won/pink_ws/src/install/my_first_package_msgs/local/lib/python3.10/dist-packages/my_first_package_msgs/srv/_multi_spawn.py'...
[5.023s] -- Installing: /home/won/pink_ws/src/install/my_first_package_msgs/lib/libmy_first_package_msgs__rosidl_generator_py.so
[5.023s] -- Set runtime path of "/home/won/pink_ws/src/install/my_first_package_msgs/lib/libmy_first_package_msgs__rosidl_generator_py.so" to ""
[5.023s] -- Installing: /home/won/pink_ws/src/install/my_first_package_msgs/share/my_first_package_msgs/cmake/export_my_first_package_msgs__rosidl_generator_cExport.cmake
[5.023s] -- Installing: /home/won/pink_ws/src/install/my_first_package_msgs/share/my_first_package_msgs/cmake/export_my_first_package_msgs__rosidl_generator_cExport-noconfig.cmake
[5.024s] -- Installing: /home/won/pink_ws/src/install/my_first_package_msgs/share/my_first_package_msgs/cmake/export_my_first_package_msgs__rosidl_typesupport_fastrtps_cExport.cmake
[5.024s] -- Installing: /home/won/pink_ws/src/install/my_first_package_msgs/share/my_first_package_msgs/cmake/export_my_first_package_msgs__rosidl_typesupport_fastrtps_cExport-noconfig.cmake
[5.024s] -- Installing: /home/won/pink_ws/src/install/my_first_package_msgs/share/my_first_package_msgs/cmake/my_first_package_msgs__rosidl_typesupport_introspection_cExport.cmake
[5.024s] -- Installing: /home/won/pink_ws/src/install/my_first_package_msgs/share/my_first_package_msgs/cmake/my_first_package_msgs__rosidl_typesupport_introspection_cExport-noconfig.cmake
[5.024s] -- Installing: /home/won/pink_ws/src/install/my_first_package_msgs/share/my_first_package_msgs/cmake/my_first_package_msgs__rosidl_typesupport_cExport.cmake
[5.024s] -- Installing: /home/won/pink_ws/src/install/my_first_package_msgs/share/my_first_package_msgs/cmake/my_first_package_msgs__rosidl_typesupport_cExport-noconfig.cmake
[5.024s] -- Installing: /home/won/pink_ws/src/install/my_first_package_msgs/share/my_first_package_msgs/cmake/export_my_first_package_msgs__rosidl_generator_cppExport.cmake
[5.024s] -- Installing: /home/won/pink_ws/src/install/my_first_package_msgs/share/my_first_package_msgs/cmake/export_my_first_package_msgs__rosidl_typesupport_fastrtps_cppExport.cmake
[5.024s] -- Installing: /home/won/pink_ws/src/install/my_first_package_msgs/share/my_first_package_msgs/cmake/export_my_first_package_msgs__rosidl_typesupport_fastrtps_cppExport-noconfig.cmake
[5.024s] -- Installing: /home/won/pink_ws/src/install/my_first_package_msgs/share/my_first_package_msgs/cmake/my_first_package_msgs__rosidl_typesupport_introspection_cppExport.cmake
[5.024s] -- Installing: /home/won/pink_ws/src/install/my_first_package_msgs/share/my_first_package_msgs/cmake/my_first_package_msgs__rosidl_typesupport_introspection_cppExport-noconfig.cmake
[5.024s] -- Installing: /home/won/pink_ws/src/install/my_first_package_msgs/share/my_first_package_msgs/cmake/my_first_package_msgs__rosidl_typesupport_cppExport.cmake
[5.024s] -- Installing: /home/won/pink_ws/src/install/my_first_package_msgs/share/my_first_package_msgs/cmake/my_first_package_msgs__rosidl_typesupport_cppExport-noconfig.cmake
[5.024s] -- Installing: /home/won/pink_ws/src/install/my_first_package_msgs/share/my_first_package_msgs/cmake/export_my_first_package_msgs__rosidl_generator_pyExport.cmake
[5.024s] -- Installing: /home/won/pink_ws/src/install/my_first_package_msgs/share/my_first_package_msgs/cmake/export_my_first_package_msgs__rosidl_generator_pyExport-noconfig.cmake
[5.026s] Invoked command in '/home/won/pink_ws/src/build/my_first_package_msgs' returned '0': CMAKE_PREFIX_PATH=${CMAKE_PREFIX_PATH}:/home/won/pink_ws/install/my_tf_pkg:/home/won/pink_ws/install/my_opencv_tutorials:/home/won/pink_ws/install/my_first_package:/home/won/pink_ws/install/big_data_tester_pkg:/home/won/external_ws/install/realsense2_ros_mqtt_bridge:/opt/ros/humble /usr/bin/cmake --install /home/won/pink_ws/src/build/my_first_package_msgs
