[0.061s] DEBUG:colcon:Command line arguments: ['/usr/bin/colcon', 'build', '--symlink-install']
[0.061s] DEBUG:colcon:Parsed command line arguments: Namespace(log_base=None, log_level=None, verb_name='build', build_base='build', install_base='install', merge_install=False, symlink_install=True, test_result_base=None, continue_on_error=False, executor='parallel', parallel_workers=22, event_handlers=None, ignore_user_meta=False, metas=['./colcon.meta'], base_paths=['.'], packages_ignore=None, packages_ignore_regex=None, paths=None, packages_up_to=None, packages_up_to_regex=None, packages_above=None, packages_above_and_dependencies=None, packages_above_depth=None, packages_select_by_dep=None, packages_skip_by_dep=None, packages_skip_up_to=None, packages_select_build_failed=False, packages_skip_build_finished=False, packages_select_test_failures=False, packages_skip_test_passed=False, packages_select=None, packages_skip=None, packages_select_regex=None, packages_skip_regex=None, packages_start=None, packages_end=None, allow_overriding=[], cmake_args=None, cmake_target=None, cmake_target_skip_unavailable=False, cmake_clean_cache=False, cmake_clean_first=False, cmake_force_configure=False, ament_cmake_args=None, catkin_cmake_args=None, catkin_skip_building_tests=False, mixin_files=None, mixin=None, verb_parser=<colcon_mixin.mixin.mixin_argument.MixinArgumentDecorator object at 0x78d1d1b65150>, verb_extension=<colcon_core.verb.build.BuildVerb object at 0x78d1d1b642b0>, main=<bound method BuildVerb.main of <colcon_core.verb.build.BuildVerb object at 0x78d1d1b642b0>>, mixin_verb=('build',))
[0.154s] Level 1:colcon.colcon_core.package_discovery:discover_packages(colcon_meta) check parameters
[0.154s] Level 1:colcon.colcon_core.package_discovery:discover_packages(recursive) check parameters
[0.154s] Level 1:colcon.colcon_core.package_discovery:discover_packages(ignore) check parameters
[0.154s] Level 1:colcon.colcon_core.package_discovery:discover_packages(path) check parameters
[0.154s] Level 1:colcon.colcon_core.package_discovery:discover_packages(colcon_meta) discover
[0.154s] Level 1:colcon.colcon_core.package_discovery:discover_packages(recursive) discover
[0.154s] INFO:colcon.colcon_core.package_discovery:Crawling recursively for packages in '/home/won/pink_ws/src'
[0.154s] Level 1:colcon.colcon_core.package_identification:_identify(.) by extensions ['ignore', 'ignore_ament_install']
[0.154s] Level 1:colcon.colcon_core.package_identification:_identify(.) by extension 'ignore'
[0.154s] Level 1:colcon.colcon_core.package_identification:_identify(.) by extension 'ignore_ament_install'
[0.154s] Level 1:colcon.colcon_core.package_identification:_identify(.) by extensions ['colcon_pkg']
[0.154s] Level 1:colcon.colcon_core.package_identification:_identify(.) by extension 'colcon_pkg'
[0.154s] Level 1:colcon.colcon_core.package_identification:_identify(.) by extensions ['colcon_meta']
[0.154s] Level 1:colcon.colcon_core.package_identification:_identify(.) by extension 'colcon_meta'
[0.154s] Level 1:colcon.colcon_core.package_identification:_identify(.) by extensions ['ros']
[0.154s] Level 1:colcon.colcon_core.package_identification:_identify(.) by extension 'ros'
[0.167s] Level 1:colcon.colcon_core.package_identification:_identify(.) by extensions ['cmake', 'python']
[0.167s] Level 1:colcon.colcon_core.package_identification:_identify(.) by extension 'cmake'
[0.167s] Level 1:colcon.colcon_core.package_identification:_identify(.) by extension 'python'
[0.167s] Level 1:colcon.colcon_core.package_identification:_identify(.) by extensions ['python_setup_py']
[0.167s] Level 1:colcon.colcon_core.package_identification:_identify(.) by extension 'python_setup_py'
[0.167s] Level 1:colcon.colcon_core.package_identification:_identify(big_data_tester_pkg) by extensions ['ignore', 'ignore_ament_install']
[0.167s] Level 1:colcon.colcon_core.package_identification:_identify(big_data_tester_pkg) by extension 'ignore'
[0.167s] Level 1:colcon.colcon_core.package_identification:_identify(big_data_tester_pkg) by extension 'ignore_ament_install'
[0.167s] Level 1:colcon.colcon_core.package_identification:_identify(big_data_tester_pkg) by extensions ['colcon_pkg']
[0.168s] Level 1:colcon.colcon_core.package_identification:_identify(big_data_tester_pkg) by extension 'colcon_pkg'
[0.168s] Level 1:colcon.colcon_core.package_identification:_identify(big_data_tester_pkg) by extensions ['colcon_meta']
[0.168s] Level 1:colcon.colcon_core.package_identification:_identify(big_data_tester_pkg) by extension 'colcon_meta'
[0.168s] Level 1:colcon.colcon_core.package_identification:_identify(big_data_tester_pkg) by extensions ['ros']
[0.168s] Level 1:colcon.colcon_core.package_identification:_identify(big_data_tester_pkg) by extension 'ros'
[0.169s] DEBUG:colcon.colcon_core.package_identification:Package 'big_data_tester_pkg' with type 'ros.ament_python' and name 'big_data_tester_pkg'
[0.169s] Level 1:colcon.colcon_core.package_identification:_identify(build) by extensions ['ignore', 'ignore_ament_install']
[0.169s] Level 1:colcon.colcon_core.package_identification:_identify(build) by extension 'ignore'
[0.169s] Level 1:colcon.colcon_core.package_identification:_identify(build) ignored
[0.169s] Level 1:colcon.colcon_core.package_identification:_identify(controller_tutorials_pkg) by extensions ['ignore', 'ignore_ament_install']
[0.169s] Level 1:colcon.colcon_core.package_identification:_identify(controller_tutorials_pkg) by extension 'ignore'
[0.169s] Level 1:colcon.colcon_core.package_identification:_identify(controller_tutorials_pkg) by extension 'ignore_ament_install'
[0.169s] Level 1:colcon.colcon_core.package_identification:_identify(controller_tutorials_pkg) by extensions ['colcon_pkg']
[0.169s] Level 1:colcon.colcon_core.package_identification:_identify(controller_tutorials_pkg) by extension 'colcon_pkg'
[0.169s] Level 1:colcon.colcon_core.package_identification:_identify(controller_tutorials_pkg) by extensions ['colcon_meta']
[0.169s] Level 1:colcon.colcon_core.package_identification:_identify(controller_tutorials_pkg) by extension 'colcon_meta'
[0.169s] Level 1:colcon.colcon_core.package_identification:_identify(controller_tutorials_pkg) by extensions ['ros']
[0.169s] Level 1:colcon.colcon_core.package_identification:_identify(controller_tutorials_pkg) by extension 'ros'
[0.170s] DEBUG:colcon.colcon_core.package_identification:Package 'controller_tutorials_pkg' with type 'ros.ament_python' and name 'controller_tutorials_pkg'
[0.170s] Level 1:colcon.colcon_core.package_identification:_identify(install) by extensions ['ignore', 'ignore_ament_install']
[0.170s] Level 1:colcon.colcon_core.package_identification:_identify(install) by extension 'ignore'
[0.170s] Level 1:colcon.colcon_core.package_identification:_identify(install) ignored
[0.170s] Level 1:colcon.colcon_core.package_identification:_identify(log) by extensions ['ignore', 'ignore_ament_install']
[0.170s] Level 1:colcon.colcon_core.package_identification:_identify(log) by extension 'ignore'
[0.170s] Level 1:colcon.colcon_core.package_identification:_identify(log) ignored
[0.170s] Level 1:colcon.colcon_core.package_identification:_identify(my_first_package) by extensions ['ignore', 'ignore_ament_install']
[0.170s] Level 1:colcon.colcon_core.package_identification:_identify(my_first_package) by extension 'ignore'
[0.170s] Level 1:colcon.colcon_core.package_identification:_identify(my_first_package) by extension 'ignore_ament_install'
[0.170s] Level 1:colcon.colcon_core.package_identification:_identify(my_first_package) by extensions ['colcon_pkg']
[0.170s] Level 1:colcon.colcon_core.package_identification:_identify(my_first_package) by extension 'colcon_pkg'
[0.170s] Level 1:colcon.colcon_core.package_identification:_identify(my_first_package) by extensions ['colcon_meta']
[0.170s] Level 1:colcon.colcon_core.package_identification:_identify(my_first_package) by extension 'colcon_meta'
[0.170s] Level 1:colcon.colcon_core.package_identification:_identify(my_first_package) by extensions ['ros']
[0.170s] Level 1:colcon.colcon_core.package_identification:_identify(my_first_package) by extension 'ros'
[0.170s] DEBUG:colcon.colcon_core.package_identification:Package 'my_first_package' with type 'ros.ament_python' and name 'my_first_package'
[0.170s] Level 1:colcon.colcon_core.package_identification:_identify(my_first_package_msgs) by extensions ['ignore', 'ignore_ament_install']
[0.171s] Level 1:colcon.colcon_core.package_identification:_identify(my_first_package_msgs) by extension 'ignore'
[0.171s] Level 1:colcon.colcon_core.package_identification:_identify(my_first_package_msgs) by extension 'ignore_ament_install'
[0.171s] Level 1:colcon.colcon_core.package_identification:_identify(my_first_package_msgs) by extensions ['colcon_pkg']
[0.171s] Level 1:colcon.colcon_core.package_identification:_identify(my_first_package_msgs) by extension 'colcon_pkg'
[0.171s] Level 1:colcon.colcon_core.package_identification:_identify(my_first_package_msgs) by extensions ['colcon_meta']
[0.171s] Level 1:colcon.colcon_core.package_identification:_identify(my_first_package_msgs) by extension 'colcon_meta'
[0.171s] Level 1:colcon.colcon_core.package_identification:_identify(my_first_package_msgs) by extensions ['ros']
[0.171s] Level 1:colcon.colcon_core.package_identification:_identify(my_first_package_msgs) by extension 'ros'
[0.171s] DEBUG:colcon.colcon_core.package_identification:Package 'my_first_package_msgs' with type 'ros.ament_cmake' and name 'my_first_package_msgs'
[0.171s] Level 1:colcon.colcon_core.package_identification:_identify(my_opencv_tutorials) by extensions ['ignore', 'ignore_ament_install']
[0.171s] Level 1:colcon.colcon_core.package_identification:_identify(my_opencv_tutorials) by extension 'ignore'
[0.171s] Level 1:colcon.colcon_core.package_identification:_identify(my_opencv_tutorials) by extension 'ignore_ament_install'
[0.171s] Level 1:colcon.colcon_core.package_identification:_identify(my_opencv_tutorials) by extensions ['colcon_pkg']
[0.171s] Level 1:colcon.colcon_core.package_identification:_identify(my_opencv_tutorials) by extension 'colcon_pkg'
[0.171s] Level 1:colcon.colcon_core.package_identification:_identify(my_opencv_tutorials) by extensions ['colcon_meta']
[0.171s] Level 1:colcon.colcon_core.package_identification:_identify(my_opencv_tutorials) by extension 'colcon_meta'
[0.171s] Level 1:colcon.colcon_core.package_identification:_identify(my_opencv_tutorials) by extensions ['ros']
[0.171s] Level 1:colcon.colcon_core.package_identification:_identify(my_opencv_tutorials) by extension 'ros'
[0.171s] DEBUG:colcon.colcon_core.package_identification:Package 'my_opencv_tutorials' with type 'ros.ament_python' and name 'my_opencv_tutorials'
[0.171s] Level 1:colcon.colcon_core.package_identification:_identify(my_tf_pkg) by extensions ['ignore', 'ignore_ament_install']
[0.172s] Level 1:colcon.colcon_core.package_identification:_identify(my_tf_pkg) by extension 'ignore'
[0.172s] Level 1:colcon.colcon_core.package_identification:_identify(my_tf_pkg) by extension 'ignore_ament_install'
[0.172s] Level 1:colcon.colcon_core.package_identification:_identify(my_tf_pkg) by extensions ['colcon_pkg']
[0.172s] Level 1:colcon.colcon_core.package_identification:_identify(my_tf_pkg) by extension 'colcon_pkg'
[0.172s] Level 1:colcon.colcon_core.package_identification:_identify(my_tf_pkg) by extensions ['colcon_meta']
[0.172s] Level 1:colcon.colcon_core.package_identification:_identify(my_tf_pkg) by extension 'colcon_meta'
[0.172s] Level 1:colcon.colcon_core.package_identification:_identify(my_tf_pkg) by extensions ['ros']
[0.172s] Level 1:colcon.colcon_core.package_identification:_identify(my_tf_pkg) by extension 'ros'
[0.172s] DEBUG:colcon.colcon_core.package_identification:Package 'my_tf_pkg' with type 'ros.ament_python' and name 'my_tf_pkg'
[0.172s] Level 1:colcon.colcon_core.package_identification:_identify(mybot_simulation) by extensions ['ignore', 'ignore_ament_install']
[0.172s] Level 1:colcon.colcon_core.package_identification:_identify(mybot_simulation) by extension 'ignore'
[0.172s] Level 1:colcon.colcon_core.package_identification:_identify(mybot_simulation) by extension 'ignore_ament_install'
[0.172s] Level 1:colcon.colcon_core.package_identification:_identify(mybot_simulation) by extensions ['colcon_pkg']
[0.172s] Level 1:colcon.colcon_core.package_identification:_identify(mybot_simulation) by extension 'colcon_pkg'
[0.172s] Level 1:colcon.colcon_core.package_identification:_identify(mybot_simulation) by extensions ['colcon_meta']
[0.172s] Level 1:colcon.colcon_core.package_identification:_identify(mybot_simulation) by extension 'colcon_meta'
[0.172s] Level 1:colcon.colcon_core.package_identification:_identify(mybot_simulation) by extensions ['ros']
[0.172s] Level 1:colcon.colcon_core.package_identification:_identify(mybot_simulation) by extension 'ros'
[0.172s] DEBUG:colcon.colcon_core.package_identification:Package 'mybot_simulation' with type 'ros.ament_cmake' and name 'mybot_simulation'
[0.172s] Level 1:colcon.colcon_core.package_discovery:discover_packages(recursive) using defaults
[0.172s] Level 1:colcon.colcon_core.package_discovery:discover_packages(ignore) discover
[0.172s] Level 1:colcon.colcon_core.package_discovery:discover_packages(ignore) using defaults
[0.172s] Level 1:colcon.colcon_core.package_discovery:discover_packages(path) discover
[0.173s] Level 1:colcon.colcon_core.package_discovery:discover_packages(path) using defaults
[0.185s] Level 1:colcon.colcon_core.package_discovery:discover_packages(prefix_path) check parameters
[0.185s] Level 1:colcon.colcon_core.package_discovery:discover_packages(prefix_path) discover
[0.187s] DEBUG:colcon.colcon_installed_package_information.package_discovery:Found 6 installed packages in /home/won/pink_ws/install
[0.187s] DEBUG:colcon.colcon_installed_package_information.package_discovery:Found 6 installed packages in /home/won/external_ws/install
[0.187s] DEBUG:colcon.colcon_installed_package_information.package_discovery:Found 5 installed packages in /home/won/fastcam_ws/install
[0.188s] DEBUG:colcon.colcon_installed_package_information.package_discovery:Found 292 installed packages in /opt/ros/humble
[0.189s] Level 1:colcon.colcon_core.package_discovery:discover_packages(prefix_path) using defaults
[0.209s] Level 5:colcon.colcon_core.verb:set package 'big_data_tester_pkg' build argument 'cmake_args' from command line to 'None'
[0.209s] Level 5:colcon.colcon_core.verb:set package 'big_data_tester_pkg' build argument 'cmake_target' from command line to 'None'
[0.209s] Level 5:colcon.colcon_core.verb:set package 'big_data_tester_pkg' build argument 'cmake_target_skip_unavailable' from command line to 'False'
[0.209s] Level 5:colcon.colcon_core.verb:set package 'big_data_tester_pkg' build argument 'cmake_clean_cache' from command line to 'False'
[0.209s] Level 5:colcon.colcon_core.verb:set package 'big_data_tester_pkg' build argument 'cmake_clean_first' from command line to 'False'
[0.209s] Level 5:colcon.colcon_core.verb:set package 'big_data_tester_pkg' build argument 'cmake_force_configure' from command line to 'False'
[0.209s] Level 5:colcon.colcon_core.verb:set package 'big_data_tester_pkg' build argument 'ament_cmake_args' from command line to 'None'
[0.209s] Level 5:colcon.colcon_core.verb:set package 'big_data_tester_pkg' build argument 'catkin_cmake_args' from command line to 'None'
[0.209s] Level 5:colcon.colcon_core.verb:set package 'big_data_tester_pkg' build argument 'catkin_skip_building_tests' from command line to 'False'
[0.209s] DEBUG:colcon.colcon_core.verb:Building package 'big_data_tester_pkg' with the following arguments: {'ament_cmake_args': None, 'build_base': '/home/won/pink_ws/src/build/big_data_tester_pkg', 'catkin_cmake_args': None, 'catkin_skip_building_tests': False, 'cmake_args': None, 'cmake_clean_cache': False, 'cmake_clean_first': False, 'cmake_force_configure': False, 'cmake_target': None, 'cmake_target_skip_unavailable': False, 'install_base': '/home/won/pink_ws/src/install/big_data_tester_pkg', 'merge_install': False, 'path': '/home/won/pink_ws/src/big_data_tester_pkg', 'symlink_install': True, 'test_result_base': None}
[0.209s] Level 5:colcon.colcon_core.verb:set package 'controller_tutorials_pkg' build argument 'cmake_args' from command line to 'None'
[0.209s] Level 5:colcon.colcon_core.verb:set package 'controller_tutorials_pkg' build argument 'cmake_target' from command line to 'None'
[0.209s] Level 5:colcon.colcon_core.verb:set package 'controller_tutorials_pkg' build argument 'cmake_target_skip_unavailable' from command line to 'False'
[0.209s] Level 5:colcon.colcon_core.verb:set package 'controller_tutorials_pkg' build argument 'cmake_clean_cache' from command line to 'False'
[0.209s] Level 5:colcon.colcon_core.verb:set package 'controller_tutorials_pkg' build argument 'cmake_clean_first' from command line to 'False'
[0.209s] Level 5:colcon.colcon_core.verb:set package 'controller_tutorials_pkg' build argument 'cmake_force_configure' from command line to 'False'
[0.209s] Level 5:colcon.colcon_core.verb:set package 'controller_tutorials_pkg' build argument 'ament_cmake_args' from command line to 'None'
[0.209s] Level 5:colcon.colcon_core.verb:set package 'controller_tutorials_pkg' build argument 'catkin_cmake_args' from command line to 'None'
[0.209s] Level 5:colcon.colcon_core.verb:set package 'controller_tutorials_pkg' build argument 'catkin_skip_building_tests' from command line to 'False'
[0.209s] DEBUG:colcon.colcon_core.verb:Building package 'controller_tutorials_pkg' with the following arguments: {'ament_cmake_args': None, 'build_base': '/home/won/pink_ws/src/build/controller_tutorials_pkg', 'catkin_cmake_args': None, 'catkin_skip_building_tests': False, 'cmake_args': None, 'cmake_clean_cache': False, 'cmake_clean_first': False, 'cmake_force_configure': False, 'cmake_target': None, 'cmake_target_skip_unavailable': False, 'install_base': '/home/won/pink_ws/src/install/controller_tutorials_pkg', 'merge_install': False, 'path': '/home/won/pink_ws/src/controller_tutorials_pkg', 'symlink_install': True, 'test_result_base': None}
[0.209s] Level 5:colcon.colcon_core.verb:set package 'my_first_package' build argument 'cmake_args' from command line to 'None'
[0.209s] Level 5:colcon.colcon_core.verb:set package 'my_first_package' build argument 'cmake_target' from command line to 'None'
[0.209s] Level 5:colcon.colcon_core.verb:set package 'my_first_package' build argument 'cmake_target_skip_unavailable' from command line to 'False'
[0.209s] Level 5:colcon.colcon_core.verb:set package 'my_first_package' build argument 'cmake_clean_cache' from command line to 'False'
[0.209s] Level 5:colcon.colcon_core.verb:set package 'my_first_package' build argument 'cmake_clean_first' from command line to 'False'
[0.209s] Level 5:colcon.colcon_core.verb:set package 'my_first_package' build argument 'cmake_force_configure' from command line to 'False'
[0.209s] Level 5:colcon.colcon_core.verb:set package 'my_first_package' build argument 'ament_cmake_args' from command line to 'None'
[0.209s] Level 5:colcon.colcon_core.verb:set package 'my_first_package' build argument 'catkin_cmake_args' from command line to 'None'
[0.209s] Level 5:colcon.colcon_core.verb:set package 'my_first_package' build argument 'catkin_skip_building_tests' from command line to 'False'
[0.209s] DEBUG:colcon.colcon_core.verb:Building package 'my_first_package' with the following arguments: {'ament_cmake_args': None, 'build_base': '/home/won/pink_ws/src/build/my_first_package', 'catkin_cmake_args': None, 'catkin_skip_building_tests': False, 'cmake_args': None, 'cmake_clean_cache': False, 'cmake_clean_first': False, 'cmake_force_configure': False, 'cmake_target': None, 'cmake_target_skip_unavailable': False, 'install_base': '/home/won/pink_ws/src/install/my_first_package', 'merge_install': False, 'path': '/home/won/pink_ws/src/my_first_package', 'symlink_install': True, 'test_result_base': None}
[0.209s] Level 5:colcon.colcon_core.verb:set package 'my_first_package_msgs' build argument 'cmake_args' from command line to 'None'
[0.209s] Level 5:colcon.colcon_core.verb:set package 'my_first_package_msgs' build argument 'cmake_target' from command line to 'None'
[0.209s] Level 5:colcon.colcon_core.verb:set package 'my_first_package_msgs' build argument 'cmake_target_skip_unavailable' from command line to 'False'
[0.209s] Level 5:colcon.colcon_core.verb:set package 'my_first_package_msgs' build argument 'cmake_clean_cache' from command line to 'False'
[0.209s] Level 5:colcon.colcon_core.verb:set package 'my_first_package_msgs' build argument 'cmake_clean_first' from command line to 'False'
[0.209s] Level 5:colcon.colcon_core.verb:set package 'my_first_package_msgs' build argument 'cmake_force_configure' from command line to 'False'
[0.209s] Level 5:colcon.colcon_core.verb:set package 'my_first_package_msgs' build argument 'ament_cmake_args' from command line to 'None'
[0.209s] Level 5:colcon.colcon_core.verb:set package 'my_first_package_msgs' build argument 'catkin_cmake_args' from command line to 'None'
[0.209s] Level 5:colcon.colcon_core.verb:set package 'my_first_package_msgs' build argument 'catkin_skip_building_tests' from command line to 'False'
[0.209s] DEBUG:colcon.colcon_core.verb:Building package 'my_first_package_msgs' with the following arguments: {'ament_cmake_args': None, 'build_base': '/home/won/pink_ws/src/build/my_first_package_msgs', 'catkin_cmake_args': None, 'catkin_skip_building_tests': False, 'cmake_args': None, 'cmake_clean_cache': False, 'cmake_clean_first': False, 'cmake_force_configure': False, 'cmake_target': None, 'cmake_target_skip_unavailable': False, 'install_base': '/home/won/pink_ws/src/install/my_first_package_msgs', 'merge_install': False, 'path': '/home/won/pink_ws/src/my_first_package_msgs', 'symlink_install': True, 'test_result_base': None}
[0.210s] Level 5:colcon.colcon_core.verb:set package 'my_opencv_tutorials' build argument 'cmake_args' from command line to 'None'
[0.210s] Level 5:colcon.colcon_core.verb:set package 'my_opencv_tutorials' build argument 'cmake_target' from command line to 'None'
[0.210s] Level 5:colcon.colcon_core.verb:set package 'my_opencv_tutorials' build argument 'cmake_target_skip_unavailable' from command line to 'False'
[0.210s] Level 5:colcon.colcon_core.verb:set package 'my_opencv_tutorials' build argument 'cmake_clean_cache' from command line to 'False'
[0.210s] Level 5:colcon.colcon_core.verb:set package 'my_opencv_tutorials' build argument 'cmake_clean_first' from command line to 'False'
[0.210s] Level 5:colcon.colcon_core.verb:set package 'my_opencv_tutorials' build argument 'cmake_force_configure' from command line to 'False'
[0.210s] Level 5:colcon.colcon_core.verb:set package 'my_opencv_tutorials' build argument 'ament_cmake_args' from command line to 'None'
[0.210s] Level 5:colcon.colcon_core.verb:set package 'my_opencv_tutorials' build argument 'catkin_cmake_args' from command line to 'None'
[0.210s] Level 5:colcon.colcon_core.verb:set package 'my_opencv_tutorials' build argument 'catkin_skip_building_tests' from command line to 'False'
[0.210s] DEBUG:colcon.colcon_core.verb:Building package 'my_opencv_tutorials' with the following arguments: {'ament_cmake_args': None, 'build_base': '/home/won/pink_ws/src/build/my_opencv_tutorials', 'catkin_cmake_args': None, 'catkin_skip_building_tests': False, 'cmake_args': None, 'cmake_clean_cache': False, 'cmake_clean_first': False, 'cmake_force_configure': False, 'cmake_target': None, 'cmake_target_skip_unavailable': False, 'install_base': '/home/won/pink_ws/src/install/my_opencv_tutorials', 'merge_install': False, 'path': '/home/won/pink_ws/src/my_opencv_tutorials', 'symlink_install': True, 'test_result_base': None}
[0.210s] Level 5:colcon.colcon_core.verb:set package 'my_tf_pkg' build argument 'cmake_args' from command line to 'None'
[0.210s] Level 5:colcon.colcon_core.verb:set package 'my_tf_pkg' build argument 'cmake_target' from command line to 'None'
[0.210s] Level 5:colcon.colcon_core.verb:set package 'my_tf_pkg' build argument 'cmake_target_skip_unavailable' from command line to 'False'
[0.210s] Level 5:colcon.colcon_core.verb:set package 'my_tf_pkg' build argument 'cmake_clean_cache' from command line to 'False'
[0.210s] Level 5:colcon.colcon_core.verb:set package 'my_tf_pkg' build argument 'cmake_clean_first' from command line to 'False'
[0.210s] Level 5:colcon.colcon_core.verb:set package 'my_tf_pkg' build argument 'cmake_force_configure' from command line to 'False'
[0.210s] Level 5:colcon.colcon_core.verb:set package 'my_tf_pkg' build argument 'ament_cmake_args' from command line to 'None'
[0.210s] Level 5:colcon.colcon_core.verb:set package 'my_tf_pkg' build argument 'catkin_cmake_args' from command line to 'None'
[0.210s] Level 5:colcon.colcon_core.verb:set package 'my_tf_pkg' build argument 'catkin_skip_building_tests' from command line to 'False'
[0.210s] DEBUG:colcon.colcon_core.verb:Building package 'my_tf_pkg' with the following arguments: {'ament_cmake_args': None, 'build_base': '/home/won/pink_ws/src/build/my_tf_pkg', 'catkin_cmake_args': None, 'catkin_skip_building_tests': False, 'cmake_args': None, 'cmake_clean_cache': False, 'cmake_clean_first': False, 'cmake_force_configure': False, 'cmake_target': None, 'cmake_target_skip_unavailable': False, 'install_base': '/home/won/pink_ws/src/install/my_tf_pkg', 'merge_install': False, 'path': '/home/won/pink_ws/src/my_tf_pkg', 'symlink_install': True, 'test_result_base': None}
[0.210s] Level 5:colcon.colcon_core.verb:set package 'mybot_simulation' build argument 'cmake_args' from command line to 'None'
[0.210s] Level 5:colcon.colcon_core.verb:set package 'mybot_simulation' build argument 'cmake_target' from command line to 'None'
[0.210s] Level 5:colcon.colcon_core.verb:set package 'mybot_simulation' build argument 'cmake_target_skip_unavailable' from command line to 'False'
[0.210s] Level 5:colcon.colcon_core.verb:set package 'mybot_simulation' build argument 'cmake_clean_cache' from command line to 'False'
[0.210s] Level 5:colcon.colcon_core.verb:set package 'mybot_simulation' build argument 'cmake_clean_first' from command line to 'False'
[0.210s] Level 5:colcon.colcon_core.verb:set package 'mybot_simulation' build argument 'cmake_force_configure' from command line to 'False'
[0.210s] Level 5:colcon.colcon_core.verb:set package 'mybot_simulation' build argument 'ament_cmake_args' from command line to 'None'
[0.210s] Level 5:colcon.colcon_core.verb:set package 'mybot_simulation' build argument 'catkin_cmake_args' from command line to 'None'
[0.210s] Level 5:colcon.colcon_core.verb:set package 'mybot_simulation' build argument 'catkin_skip_building_tests' from command line to 'False'
[0.210s] DEBUG:colcon.colcon_core.verb:Building package 'mybot_simulation' with the following arguments: {'ament_cmake_args': None, 'build_base': '/home/won/pink_ws/src/build/mybot_simulation', 'catkin_cmake_args': None, 'catkin_skip_building_tests': False, 'cmake_args': None, 'cmake_clean_cache': False, 'cmake_clean_first': False, 'cmake_force_configure': False, 'cmake_target': None, 'cmake_target_skip_unavailable': False, 'install_base': '/home/won/pink_ws/src/install/mybot_simulation', 'merge_install': False, 'path': '/home/won/pink_ws/src/mybot_simulation', 'symlink_install': True, 'test_result_base': None}
[0.210s] INFO:colcon.colcon_core.executor:Executing jobs using 'parallel' executor
[0.211s] DEBUG:colcon.colcon_parallel_executor.executor.parallel:run_until_complete
[0.212s] INFO:colcon.colcon_ros.task.ament_python.build:Building ROS package in '/home/won/pink_ws/src/big_data_tester_pkg' with build type 'ament_python'
[0.212s] Level 1:colcon.colcon_core.shell:create_environment_hook('big_data_tester_pkg', 'ament_prefix_path')
[0.213s] INFO:colcon.colcon_core.plugin_system:Skipping extension 'colcon_core.shell.bat': Not used on non-Windows systems
[0.213s] INFO:colcon.colcon_core.shell:Creating environment hook '/home/won/pink_ws/src/install/big_data_tester_pkg/share/big_data_tester_pkg/hook/ament_prefix_path.ps1'
[0.213s] INFO:colcon.colcon_core.shell:Creating environment descriptor '/home/won/pink_ws/src/install/big_data_tester_pkg/share/big_data_tester_pkg/hook/ament_prefix_path.dsv'
[0.214s] INFO:colcon.colcon_core.shell:Creating environment hook '/home/won/pink_ws/src/install/big_data_tester_pkg/share/big_data_tester_pkg/hook/ament_prefix_path.sh'
[0.214s] INFO:colcon.colcon_core.shell:Skip shell extension 'powershell' for command environment: Not usable outside of PowerShell
[0.214s] DEBUG:colcon.colcon_core.shell:Skip shell extension 'dsv' for command environment
[0.216s] INFO:colcon.colcon_ros.task.ament_python.build:Building ROS package in '/home/won/pink_ws/src/controller_tutorials_pkg' with build type 'ament_python'
[0.216s] Level 1:colcon.colcon_core.shell:create_environment_hook('controller_tutorials_pkg', 'ament_prefix_path')
[0.216s] INFO:colcon.colcon_core.shell:Creating environment hook '/home/won/pink_ws/src/install/controller_tutorials_pkg/share/controller_tutorials_pkg/hook/ament_prefix_path.ps1'
[0.217s] INFO:colcon.colcon_core.shell:Creating environment descriptor '/home/won/pink_ws/src/install/controller_tutorials_pkg/share/controller_tutorials_pkg/hook/ament_prefix_path.dsv'
[0.217s] INFO:colcon.colcon_core.shell:Creating environment hook '/home/won/pink_ws/src/install/controller_tutorials_pkg/share/controller_tutorials_pkg/hook/ament_prefix_path.sh'
[0.217s] INFO:colcon.colcon_core.shell:Skip shell extension 'powershell' for command environment: Not usable outside of PowerShell
[0.217s] DEBUG:colcon.colcon_core.shell:Skip shell extension 'dsv' for command environment
[0.219s] INFO:colcon.colcon_ros.task.ament_python.build:Building ROS package in '/home/won/pink_ws/src/my_first_package' with build type 'ament_python'
[0.219s] Level 1:colcon.colcon_core.shell:create_environment_hook('my_first_package', 'ament_prefix_path')
[0.219s] INFO:colcon.colcon_core.shell:Creating environment hook '/home/won/pink_ws/src/install/my_first_package/share/my_first_package/hook/ament_prefix_path.ps1'
[0.220s] INFO:colcon.colcon_core.shell:Creating environment descriptor '/home/won/pink_ws/src/install/my_first_package/share/my_first_package/hook/ament_prefix_path.dsv'
[0.220s] INFO:colcon.colcon_core.shell:Creating environment hook '/home/won/pink_ws/src/install/my_first_package/share/my_first_package/hook/ament_prefix_path.sh'
[0.220s] INFO:colcon.colcon_core.shell:Skip shell extension 'powershell' for command environment: Not usable outside of PowerShell
[0.220s] DEBUG:colcon.colcon_core.shell:Skip shell extension 'dsv' for command environment
[0.222s] INFO:colcon.colcon_ros.task.ament_cmake.build:Building ROS package in '/home/won/pink_ws/src/my_first_package_msgs' with build type 'ament_cmake'
[0.222s] INFO:colcon.colcon_cmake.task.cmake.build:Building CMake package in '/home/won/pink_ws/src/my_first_package_msgs'
[0.222s] INFO:colcon.colcon_core.shell:Skip shell extension 'powershell' for command environment: Not usable outside of PowerShell
[0.222s] DEBUG:colcon.colcon_core.shell:Skip shell extension 'dsv' for command environment
[0.224s] INFO:colcon.colcon_ros.task.ament_python.build:Building ROS package in '/home/won/pink_ws/src/my_opencv_tutorials' with build type 'ament_python'
[0.224s] Level 1:colcon.colcon_core.shell:create_environment_hook('my_opencv_tutorials', 'ament_prefix_path')
[0.225s] INFO:colcon.colcon_core.shell:Creating environment hook '/home/won/pink_ws/src/install/my_opencv_tutorials/share/my_opencv_tutorials/hook/ament_prefix_path.ps1'
[0.225s] INFO:colcon.colcon_core.shell:Creating environment descriptor '/home/won/pink_ws/src/install/my_opencv_tutorials/share/my_opencv_tutorials/hook/ament_prefix_path.dsv'
[0.225s] INFO:colcon.colcon_core.shell:Creating environment hook '/home/won/pink_ws/src/install/my_opencv_tutorials/share/my_opencv_tutorials/hook/ament_prefix_path.sh'
[0.225s] INFO:colcon.colcon_core.shell:Skip shell extension 'powershell' for command environment: Not usable outside of PowerShell
[0.225s] DEBUG:colcon.colcon_core.shell:Skip shell extension 'dsv' for command environment
[0.227s] INFO:colcon.colcon_ros.task.ament_python.build:Building ROS package in '/home/won/pink_ws/src/my_tf_pkg' with build type 'ament_python'
[0.227s] Level 1:colcon.colcon_core.shell:create_environment_hook('my_tf_pkg', 'ament_prefix_path')
[0.227s] INFO:colcon.colcon_core.shell:Creating environment hook '/home/won/pink_ws/src/install/my_tf_pkg/share/my_tf_pkg/hook/ament_prefix_path.ps1'
[0.228s] INFO:colcon.colcon_core.shell:Creating environment descriptor '/home/won/pink_ws/src/install/my_tf_pkg/share/my_tf_pkg/hook/ament_prefix_path.dsv'
[0.228s] INFO:colcon.colcon_core.shell:Creating environment hook '/home/won/pink_ws/src/install/my_tf_pkg/share/my_tf_pkg/hook/ament_prefix_path.sh'
[0.228s] INFO:colcon.colcon_core.shell:Skip shell extension 'powershell' for command environment: Not usable outside of PowerShell
[0.228s] DEBUG:colcon.colcon_core.shell:Skip shell extension 'dsv' for command environment
[0.231s] INFO:colcon.colcon_ros.task.ament_cmake.build:Building ROS package in '/home/won/pink_ws/src/mybot_simulation' with build type 'ament_cmake'
[0.232s] INFO:colcon.colcon_cmake.task.cmake.build:Building CMake package in '/home/won/pink_ws/src/mybot_simulation'
[0.232s] INFO:colcon.colcon_core.shell:Skip shell extension 'powershell' for command environment: Not usable outside of PowerShell
[0.232s] DEBUG:colcon.colcon_core.shell:Skip shell extension 'dsv' for command environment
[0.381s] INFO:colcon.colcon_core.task.python.build:Building Python package in '/home/won/pink_ws/src/big_data_tester_pkg'
[0.381s] INFO:colcon.colcon_core.shell:Skip shell extension 'powershell' for command environment: Not usable outside of PowerShell
[0.382s] DEBUG:colcon.colcon_core.shell:Skip shell extension 'dsv' for command environment
[0.527s] INFO:colcon.colcon_core.task.python.build:Building Python package in '/home/won/pink_ws/src/controller_tutorials_pkg'
[0.528s] INFO:colcon.colcon_core.shell:Skip shell extension 'powershell' for command environment: Not usable outside of PowerShell
[0.528s] DEBUG:colcon.colcon_core.shell:Skip shell extension 'dsv' for command environment
[0.672s] INFO:colcon.colcon_core.task.python.build:Building Python package in '/home/won/pink_ws/src/my_first_package'
[0.672s] INFO:colcon.colcon_core.shell:Skip shell extension 'powershell' for command environment: Not usable outside of PowerShell
[0.672s] DEBUG:colcon.colcon_core.shell:Skip shell extension 'dsv' for command environment
[0.676s] DEBUG:colcon.colcon_core.event_handler.log_command:Invoking command in '/home/won/pink_ws/src/build/my_first_package_msgs': CMAKE_PREFIX_PATH=${CMAKE_PREFIX_PATH}:/home/won/pink_ws/install/my_tf_pkg:/home/won/pink_ws/install/my_opencv_tutorials:/home/won/pink_ws/install/my_first_package:/home/won/pink_ws/install/big_data_tester_pkg:/home/won/external_ws/install/realsense2_ros_mqtt_bridge:/opt/ros/humble /usr/bin/cmake /home/won/pink_ws/src/my_first_package_msgs -DAMENT_CMAKE_SYMLINK_INSTALL=1 -DCMAKE_INSTALL_PREFIX=/home/won/pink_ws/src/install/my_first_package_msgs
[0.825s] INFO:colcon.colcon_core.task.python.build:Building Python package in '/home/won/pink_ws/src/my_opencv_tutorials'
[0.825s] INFO:colcon.colcon_core.shell:Skip shell extension 'powershell' for command environment: Not usable outside of PowerShell
[0.825s] DEBUG:colcon.colcon_core.shell:Skip shell extension 'dsv' for command environment
[0.972s] INFO:colcon.colcon_core.task.python.build:Building Python package in '/home/won/pink_ws/src/my_tf_pkg'
[0.973s] INFO:colcon.colcon_core.shell:Skip shell extension 'powershell' for command environment: Not usable outside of PowerShell
[0.973s] DEBUG:colcon.colcon_core.shell:Skip shell extension 'dsv' for command environment
[0.978s] DEBUG:colcon.colcon_core.event_handler.log_command:Invoking command in '/home/won/pink_ws/src/build/mybot_simulation': CMAKE_PREFIX_PATH=${CMAKE_PREFIX_PATH}:/home/won/pink_ws/install/my_tf_pkg:/home/won/pink_ws/install/my_opencv_tutorials:/home/won/pink_ws/install/my_first_package:/home/won/pink_ws/install/big_data_tester_pkg:/home/won/external_ws/install/realsense2_ros_mqtt_bridge:/opt/ros/humble /usr/bin/cmake /home/won/pink_ws/src/mybot_simulation -DAMENT_CMAKE_SYMLINK_INSTALL=1 -DCMAKE_INSTALL_PREFIX=/home/won/pink_ws/src/install/mybot_simulation
[1.181s] DEBUG:colcon.colcon_core.event_handler.log_command:Invoking command in '/home/won/pink_ws/src/build/my_first_package': PYTHONPATH=/home/won/pink_ws/src/build/my_first_package/prefix_override:/usr/lib/python3/dist-packages/colcon_core/task/python/colcon_distutils_commands:/home/won/pink_ws/src/install/my_first_package/lib/python3.10/site-packages:${PYTHONPATH} /usr/bin/python3 -W ignore:setup.py install is deprecated -W ignore:easy_install command is deprecated setup.py develop --editable --build-directory /home/won/pink_ws/src/build/my_first_package/build --no-deps symlink_data
[1.212s] DEBUG:colcon.colcon_core.event_handler.log_command:Invoking command in '/home/won/pink_ws/src/build/my_tf_pkg': PYTHONPATH=/home/won/pink_ws/src/build/my_tf_pkg/prefix_override:/usr/lib/python3/dist-packages/colcon_core/task/python/colcon_distutils_commands:/home/won/pink_ws/src/install/my_tf_pkg/lib/python3.10/site-packages:${PYTHONPATH} /usr/bin/python3 -W ignore:setup.py install is deprecated -W ignore:easy_install command is deprecated setup.py develop --editable --build-directory /home/won/pink_ws/src/build/my_tf_pkg/build --no-deps symlink_data
[1.220s] DEBUG:colcon.colcon_core.event_handler.log_command:Invoking command in '/home/won/pink_ws/src/build/big_data_tester_pkg': PYTHONPATH=/home/won/pink_ws/src/build/big_data_tester_pkg/prefix_override:/usr/lib/python3/dist-packages/colcon_core/task/python/colcon_distutils_commands:/home/won/pink_ws/src/install/big_data_tester_pkg/lib/python3.10/site-packages:${PYTHONPATH} /usr/bin/python3 -W ignore:setup.py install is deprecated -W ignore:easy_install command is deprecated setup.py develop --editable --build-directory /home/won/pink_ws/src/build/big_data_tester_pkg/build --no-deps symlink_data
[1.343s] DEBUG:colcon.colcon_core.event_handler.log_command:Invoking command in '/home/won/pink_ws/src/build/my_opencv_tutorials': PYTHONPATH=/home/won/pink_ws/src/build/my_opencv_tutorials/prefix_override:/usr/lib/python3/dist-packages/colcon_core/task/python/colcon_distutils_commands:/home/won/pink_ws/src/install/my_opencv_tutorials/lib/python3.10/site-packages:${PYTHONPATH} /usr/bin/python3 -W ignore:setup.py install is deprecated -W ignore:easy_install command is deprecated setup.py develop --editable --build-directory /home/won/pink_ws/src/build/my_opencv_tutorials/build --no-deps symlink_data
[1.349s] DEBUG:colcon.colcon_core.event_handler.log_command:Invoking command in '/home/won/pink_ws/src/build/controller_tutorials_pkg': PYTHONPATH=/home/won/pink_ws/src/build/controller_tutorials_pkg/prefix_override:/usr/lib/python3/dist-packages/colcon_core/task/python/colcon_distutils_commands:/home/won/pink_ws/src/install/controller_tutorials_pkg/lib/python3.10/site-packages:${PYTHONPATH} /usr/bin/python3 -W ignore:setup.py install is deprecated -W ignore:easy_install command is deprecated setup.py develop --editable --build-directory /home/won/pink_ws/src/build/controller_tutorials_pkg/build --no-deps symlink_data
[1.476s] Level 1:colcon.colcon_core.shell:create_environment_hook('my_tf_pkg', 'pythonpath_develop')
[1.476s] INFO:colcon.colcon_core.shell:Creating environment hook '/home/won/pink_ws/src/build/my_tf_pkg/share/my_tf_pkg/hook/pythonpath_develop.ps1'
[1.477s] DEBUG:colcon.colcon_core.event_handler.log_command:Invoked command in '/home/won/pink_ws/src/build/my_tf_pkg' returned '0': PYTHONPATH=/home/won/pink_ws/src/build/my_tf_pkg/prefix_override:/usr/lib/python3/dist-packages/colcon_core/task/python/colcon_distutils_commands:/home/won/pink_ws/src/install/my_tf_pkg/lib/python3.10/site-packages:${PYTHONPATH} /usr/bin/python3 -W ignore:setup.py install is deprecated -W ignore:easy_install command is deprecated setup.py develop --editable --build-directory /home/won/pink_ws/src/build/my_tf_pkg/build --no-deps symlink_data
[1.477s] INFO:colcon.colcon_core.shell:Creating environment descriptor '/home/won/pink_ws/src/build/my_tf_pkg/share/my_tf_pkg/hook/pythonpath_develop.dsv'
[1.478s] INFO:colcon.colcon_core.shell:Creating environment hook '/home/won/pink_ws/src/build/my_tf_pkg/share/my_tf_pkg/hook/pythonpath_develop.sh'
[1.480s] Level 1:colcon.colcon_core.environment:checking '/home/won/pink_ws/src/install/my_tf_pkg' for CMake module files
[1.481s] Level 1:colcon.colcon_core.environment:checking '/home/won/pink_ws/src/install/my_tf_pkg' for CMake config files
[1.482s] Level 1:colcon.colcon_core.environment:checking '/home/won/pink_ws/src/install/my_tf_pkg/lib'
[1.482s] Level 1:colcon.colcon_core.environment:checking '/home/won/pink_ws/src/install/my_tf_pkg/bin'
[1.482s] Level 1:colcon.colcon_core.environment:checking '/home/won/pink_ws/src/install/my_tf_pkg/lib/pkgconfig/my_tf_pkg.pc'
[1.482s] Level 1:colcon.colcon_core.environment:checking '/home/won/pink_ws/src/install/my_tf_pkg/lib/python3.10/site-packages'
[1.482s] Level 1:colcon.colcon_core.shell:create_environment_hook('my_tf_pkg', 'pythonpath')
[1.482s] INFO:colcon.colcon_core.shell:Creating environment hook '/home/won/pink_ws/src/install/my_tf_pkg/share/my_tf_pkg/hook/pythonpath.ps1'
[1.483s] INFO:colcon.colcon_core.shell:Creating environment descriptor '/home/won/pink_ws/src/install/my_tf_pkg/share/my_tf_pkg/hook/pythonpath.dsv'
[1.483s] INFO:colcon.colcon_core.shell:Creating environment hook '/home/won/pink_ws/src/install/my_tf_pkg/share/my_tf_pkg/hook/pythonpath.sh'
[1.483s] Level 1:colcon.colcon_core.environment:checking '/home/won/pink_ws/src/install/my_tf_pkg/bin'
[1.483s] Level 1:colcon.colcon_core.environment:create_environment_scripts_only(my_tf_pkg)
[1.484s] INFO:colcon.colcon_core.shell:Creating package script '/home/won/pink_ws/src/install/my_tf_pkg/share/my_tf_pkg/package.ps1'
[1.484s] INFO:colcon.colcon_core.shell:Creating package descriptor '/home/won/pink_ws/src/install/my_tf_pkg/share/my_tf_pkg/package.dsv'
[1.484s] INFO:colcon.colcon_core.shell:Creating package script '/home/won/pink_ws/src/install/my_tf_pkg/share/my_tf_pkg/package.sh'
[1.485s] INFO:colcon.colcon_core.shell:Creating package script '/home/won/pink_ws/src/install/my_tf_pkg/share/my_tf_pkg/package.bash'
[1.485s] INFO:colcon.colcon_core.shell:Creating package script '/home/won/pink_ws/src/install/my_tf_pkg/share/my_tf_pkg/package.zsh'
[1.485s] Level 1:colcon.colcon_core.environment:create_file_with_runtime_dependencies(/home/won/pink_ws/src/install/my_tf_pkg/share/colcon-core/packages/my_tf_pkg)
[1.503s] Level 1:colcon.colcon_core.shell:create_environment_hook('big_data_tester_pkg', 'pythonpath_develop')
[1.504s] INFO:colcon.colcon_core.shell:Creating environment hook '/home/won/pink_ws/src/build/big_data_tester_pkg/share/big_data_tester_pkg/hook/pythonpath_develop.ps1'
[1.504s] DEBUG:colcon.colcon_core.event_handler.log_command:Invoked command in '/home/won/pink_ws/src/build/big_data_tester_pkg' returned '0': PYTHONPATH=/home/won/pink_ws/src/build/big_data_tester_pkg/prefix_override:/usr/lib/python3/dist-packages/colcon_core/task/python/colcon_distutils_commands:/home/won/pink_ws/src/install/big_data_tester_pkg/lib/python3.10/site-packages:${PYTHONPATH} /usr/bin/python3 -W ignore:setup.py install is deprecated -W ignore:easy_install command is deprecated setup.py develop --editable --build-directory /home/won/pink_ws/src/build/big_data_tester_pkg/build --no-deps symlink_data
[1.505s] INFO:colcon.colcon_core.shell:Creating environment descriptor '/home/won/pink_ws/src/build/big_data_tester_pkg/share/big_data_tester_pkg/hook/pythonpath_develop.dsv'
[1.505s] INFO:colcon.colcon_core.shell:Creating environment hook '/home/won/pink_ws/src/build/big_data_tester_pkg/share/big_data_tester_pkg/hook/pythonpath_develop.sh'
[1.506s] Level 1:colcon.colcon_core.environment:checking '/home/won/pink_ws/src/install/big_data_tester_pkg' for CMake module files
[1.506s] Level 1:colcon.colcon_core.environment:checking '/home/won/pink_ws/src/install/big_data_tester_pkg' for CMake config files
[1.506s] Level 1:colcon.colcon_core.environment:checking '/home/won/pink_ws/src/install/big_data_tester_pkg/lib'
[1.506s] Level 1:colcon.colcon_core.environment:checking '/home/won/pink_ws/src/install/big_data_tester_pkg/bin'
[1.506s] Level 1:colcon.colcon_core.environment:checking '/home/won/pink_ws/src/install/big_data_tester_pkg/lib/pkgconfig/big_data_tester_pkg.pc'
[1.507s] Level 1:colcon.colcon_core.environment:checking '/home/won/pink_ws/src/install/big_data_tester_pkg/lib/python3.10/site-packages'
[1.507s] Level 1:colcon.colcon_core.shell:create_environment_hook('big_data_tester_pkg', 'pythonpath')
[1.507s] INFO:colcon.colcon_core.shell:Creating environment hook '/home/won/pink_ws/src/install/big_data_tester_pkg/share/big_data_tester_pkg/hook/pythonpath.ps1'
[1.507s] INFO:colcon.colcon_core.shell:Creating environment descriptor '/home/won/pink_ws/src/install/big_data_tester_pkg/share/big_data_tester_pkg/hook/pythonpath.dsv'
[1.507s] INFO:colcon.colcon_core.shell:Creating environment hook '/home/won/pink_ws/src/install/big_data_tester_pkg/share/big_data_tester_pkg/hook/pythonpath.sh'
[1.508s] Level 1:colcon.colcon_core.environment:checking '/home/won/pink_ws/src/install/big_data_tester_pkg/bin'
[1.508s] Level 1:colcon.colcon_core.environment:create_environment_scripts_only(big_data_tester_pkg)
[1.508s] INFO:colcon.colcon_core.shell:Creating package script '/home/won/pink_ws/src/install/big_data_tester_pkg/share/big_data_tester_pkg/package.ps1'
[1.508s] INFO:colcon.colcon_core.shell:Creating package descriptor '/home/won/pink_ws/src/install/big_data_tester_pkg/share/big_data_tester_pkg/package.dsv'
[1.509s] INFO:colcon.colcon_core.shell:Creating package script '/home/won/pink_ws/src/install/big_data_tester_pkg/share/big_data_tester_pkg/package.sh'
[1.509s] INFO:colcon.colcon_core.shell:Creating package script '/home/won/pink_ws/src/install/big_data_tester_pkg/share/big_data_tester_pkg/package.bash'
[1.509s] INFO:colcon.colcon_core.shell:Creating package script '/home/won/pink_ws/src/install/big_data_tester_pkg/share/big_data_tester_pkg/package.zsh'
[1.509s] Level 1:colcon.colcon_core.environment:create_file_with_runtime_dependencies(/home/won/pink_ws/src/install/big_data_tester_pkg/share/colcon-core/packages/big_data_tester_pkg)
[1.525s] Level 1:colcon.colcon_core.shell:create_environment_hook('my_first_package', 'pythonpath_develop')
[1.525s] INFO:colcon.colcon_core.shell:Creating environment hook '/home/won/pink_ws/src/build/my_first_package/share/my_first_package/hook/pythonpath_develop.ps1'
[1.526s] DEBUG:colcon.colcon_core.event_handler.log_command:Invoked command in '/home/won/pink_ws/src/build/my_first_package' returned '0': PYTHONPATH=/home/won/pink_ws/src/build/my_first_package/prefix_override:/usr/lib/python3/dist-packages/colcon_core/task/python/colcon_distutils_commands:/home/won/pink_ws/src/install/my_first_package/lib/python3.10/site-packages:${PYTHONPATH} /usr/bin/python3 -W ignore:setup.py install is deprecated -W ignore:easy_install command is deprecated setup.py develop --editable --build-directory /home/won/pink_ws/src/build/my_first_package/build --no-deps symlink_data
[1.526s] INFO:colcon.colcon_core.shell:Creating environment descriptor '/home/won/pink_ws/src/build/my_first_package/share/my_first_package/hook/pythonpath_develop.dsv'
[1.526s] INFO:colcon.colcon_core.shell:Creating environment hook '/home/won/pink_ws/src/build/my_first_package/share/my_first_package/hook/pythonpath_develop.sh'
[1.527s] Level 1:colcon.colcon_core.environment:checking '/home/won/pink_ws/src/install/my_first_package' for CMake module files
[1.527s] Level 1:colcon.colcon_core.environment:checking '/home/won/pink_ws/src/install/my_first_package' for CMake config files
[1.528s] Level 1:colcon.colcon_core.environment:checking '/home/won/pink_ws/src/install/my_first_package/lib'
[1.528s] Level 1:colcon.colcon_core.environment:checking '/home/won/pink_ws/src/install/my_first_package/bin'
[1.528s] Level 1:colcon.colcon_core.environment:checking '/home/won/pink_ws/src/install/my_first_package/lib/pkgconfig/my_first_package.pc'
[1.528s] Level 1:colcon.colcon_core.environment:checking '/home/won/pink_ws/src/install/my_first_package/lib/python3.10/site-packages'
[1.528s] Level 1:colcon.colcon_core.shell:create_environment_hook('my_first_package', 'pythonpath')
[1.528s] INFO:colcon.colcon_core.shell:Creating environment hook '/home/won/pink_ws/src/install/my_first_package/share/my_first_package/hook/pythonpath.ps1'
[1.528s] INFO:colcon.colcon_core.shell:Creating environment descriptor '/home/won/pink_ws/src/install/my_first_package/share/my_first_package/hook/pythonpath.dsv'
[1.528s] INFO:colcon.colcon_core.shell:Creating environment hook '/home/won/pink_ws/src/install/my_first_package/share/my_first_package/hook/pythonpath.sh'
[1.529s] Level 1:colcon.colcon_core.environment:checking '/home/won/pink_ws/src/install/my_first_package/bin'
[1.529s] Level 1:colcon.colcon_core.environment:create_environment_scripts_only(my_first_package)
[1.529s] INFO:colcon.colcon_core.shell:Creating package script '/home/won/pink_ws/src/install/my_first_package/share/my_first_package/package.ps1'
[1.529s] INFO:colcon.colcon_core.shell:Creating package descriptor '/home/won/pink_ws/src/install/my_first_package/share/my_first_package/package.dsv'
[1.529s] INFO:colcon.colcon_core.shell:Creating package script '/home/won/pink_ws/src/install/my_first_package/share/my_first_package/package.sh'
[1.530s] INFO:colcon.colcon_core.shell:Creating package script '/home/won/pink_ws/src/install/my_first_package/share/my_first_package/package.bash'
[1.530s] INFO:colcon.colcon_core.shell:Creating package script '/home/won/pink_ws/src/install/my_first_package/share/my_first_package/package.zsh'
[1.530s] Level 1:colcon.colcon_core.environment:create_file_with_runtime_dependencies(/home/won/pink_ws/src/install/my_first_package/share/colcon-core/packages/my_first_package)
[1.613s] Level 1:colcon.colcon_core.shell:create_environment_hook('controller_tutorials_pkg', 'pythonpath_develop')
[1.613s] INFO:colcon.colcon_core.shell:Creating environment hook '/home/won/pink_ws/src/build/controller_tutorials_pkg/share/controller_tutorials_pkg/hook/pythonpath_develop.ps1'
[1.614s] DEBUG:colcon.colcon_core.event_handler.log_command:Invoked command in '/home/won/pink_ws/src/build/controller_tutorials_pkg' returned '0': PYTHONPATH=/home/won/pink_ws/src/build/controller_tutorials_pkg/prefix_override:/usr/lib/python3/dist-packages/colcon_core/task/python/colcon_distutils_commands:/home/won/pink_ws/src/install/controller_tutorials_pkg/lib/python3.10/site-packages:${PYTHONPATH} /usr/bin/python3 -W ignore:setup.py install is deprecated -W ignore:easy_install command is deprecated setup.py develop --editable --build-directory /home/won/pink_ws/src/build/controller_tutorials_pkg/build --no-deps symlink_data
[1.615s] INFO:colcon.colcon_core.shell:Creating environment descriptor '/home/won/pink_ws/src/build/controller_tutorials_pkg/share/controller_tutorials_pkg/hook/pythonpath_develop.dsv'
[1.615s] INFO:colcon.colcon_core.shell:Creating environment hook '/home/won/pink_ws/src/build/controller_tutorials_pkg/share/controller_tutorials_pkg/hook/pythonpath_develop.sh'
[1.616s] Level 1:colcon.colcon_core.environment:checking '/home/won/pink_ws/src/install/controller_tutorials_pkg' for CMake module files
[1.616s] Level 1:colcon.colcon_core.environment:checking '/home/won/pink_ws/src/install/controller_tutorials_pkg' for CMake config files
[1.617s] Level 1:colcon.colcon_core.environment:checking '/home/won/pink_ws/src/install/controller_tutorials_pkg/lib'
[1.617s] Level 1:colcon.colcon_core.environment:checking '/home/won/pink_ws/src/install/controller_tutorials_pkg/bin'
[1.617s] Level 1:colcon.colcon_core.environment:checking '/home/won/pink_ws/src/install/controller_tutorials_pkg/lib/pkgconfig/controller_tutorials_pkg.pc'
[1.617s] Level 1:colcon.colcon_core.environment:checking '/home/won/pink_ws/src/install/controller_tutorials_pkg/lib/python3.10/site-packages'
[1.617s] Level 1:colcon.colcon_core.shell:create_environment_hook('controller_tutorials_pkg', 'pythonpath')
[1.617s] INFO:colcon.colcon_core.shell:Creating environment hook '/home/won/pink_ws/src/install/controller_tutorials_pkg/share/controller_tutorials_pkg/hook/pythonpath.ps1'
[1.617s] INFO:colcon.colcon_core.shell:Creating environment descriptor '/home/won/pink_ws/src/install/controller_tutorials_pkg/share/controller_tutorials_pkg/hook/pythonpath.dsv'
[1.617s] INFO:colcon.colcon_core.shell:Creating environment hook '/home/won/pink_ws/src/install/controller_tutorials_pkg/share/controller_tutorials_pkg/hook/pythonpath.sh'
[1.618s] Level 1:colcon.colcon_core.environment:checking '/home/won/pink_ws/src/install/controller_tutorials_pkg/bin'
[1.618s] Level 1:colcon.colcon_core.environment:create_environment_scripts_only(controller_tutorials_pkg)
[1.618s] INFO:colcon.colcon_core.shell:Creating package script '/home/won/pink_ws/src/install/controller_tutorials_pkg/share/controller_tutorials_pkg/package.ps1'
[1.618s] INFO:colcon.colcon_core.shell:Creating package descriptor '/home/won/pink_ws/src/install/controller_tutorials_pkg/share/controller_tutorials_pkg/package.dsv'
[1.618s] INFO:colcon.colcon_core.shell:Creating package script '/home/won/pink_ws/src/install/controller_tutorials_pkg/share/controller_tutorials_pkg/package.sh'
[1.619s] INFO:colcon.colcon_core.shell:Creating package script '/home/won/pink_ws/src/install/controller_tutorials_pkg/share/controller_tutorials_pkg/package.bash'
[1.619s] INFO:colcon.colcon_core.shell:Creating package script '/home/won/pink_ws/src/install/controller_tutorials_pkg/share/controller_tutorials_pkg/package.zsh'
[1.619s] Level 1:colcon.colcon_core.environment:create_file_with_runtime_dependencies(/home/won/pink_ws/src/install/controller_tutorials_pkg/share/colcon-core/packages/controller_tutorials_pkg)
[1.620s] Level 1:colcon.colcon_core.shell:create_environment_hook('my_opencv_tutorials', 'pythonpath_develop')
[1.620s] INFO:colcon.colcon_core.shell:Creating environment hook '/home/won/pink_ws/src/build/my_opencv_tutorials/share/my_opencv_tutorials/hook/pythonpath_develop.ps1'
[1.621s] DEBUG:colcon.colcon_core.event_handler.log_command:Invoked command in '/home/won/pink_ws/src/build/my_opencv_tutorials' returned '0': PYTHONPATH=/home/won/pink_ws/src/build/my_opencv_tutorials/prefix_override:/usr/lib/python3/dist-packages/colcon_core/task/python/colcon_distutils_commands:/home/won/pink_ws/src/install/my_opencv_tutorials/lib/python3.10/site-packages:${PYTHONPATH} /usr/bin/python3 -W ignore:setup.py install is deprecated -W ignore:easy_install command is deprecated setup.py develop --editable --build-directory /home/won/pink_ws/src/build/my_opencv_tutorials/build --no-deps symlink_data
[1.621s] INFO:colcon.colcon_core.shell:Creating environment descriptor '/home/won/pink_ws/src/build/my_opencv_tutorials/share/my_opencv_tutorials/hook/pythonpath_develop.dsv'
[1.621s] INFO:colcon.colcon_core.shell:Creating environment hook '/home/won/pink_ws/src/build/my_opencv_tutorials/share/my_opencv_tutorials/hook/pythonpath_develop.sh'
[1.622s] Level 1:colcon.colcon_core.environment:checking '/home/won/pink_ws/src/install/my_opencv_tutorials' for CMake module files
[1.622s] Level 1:colcon.colcon_core.environment:checking '/home/won/pink_ws/src/install/my_opencv_tutorials' for CMake config files
[1.623s] Level 1:colcon.colcon_core.environment:checking '/home/won/pink_ws/src/install/my_opencv_tutorials/lib'
[1.623s] Level 1:colcon.colcon_core.environment:checking '/home/won/pink_ws/src/install/my_opencv_tutorials/bin'
[1.623s] Level 1:colcon.colcon_core.environment:checking '/home/won/pink_ws/src/install/my_opencv_tutorials/lib/pkgconfig/my_opencv_tutorials.pc'
[1.623s] Level 1:colcon.colcon_core.environment:checking '/home/won/pink_ws/src/install/my_opencv_tutorials/lib/python3.10/site-packages'
[1.623s] Level 1:colcon.colcon_core.shell:create_environment_hook('my_opencv_tutorials', 'pythonpath')
[1.623s] INFO:colcon.colcon_core.shell:Creating environment hook '/home/won/pink_ws/src/install/my_opencv_tutorials/share/my_opencv_tutorials/hook/pythonpath.ps1'
[1.623s] INFO:colcon.colcon_core.shell:Creating environment descriptor '/home/won/pink_ws/src/install/my_opencv_tutorials/share/my_opencv_tutorials/hook/pythonpath.dsv'
[1.623s] INFO:colcon.colcon_core.shell:Creating environment hook '/home/won/pink_ws/src/install/my_opencv_tutorials/share/my_opencv_tutorials/hook/pythonpath.sh'
[1.624s] Level 1:colcon.colcon_core.environment:checking '/home/won/pink_ws/src/install/my_opencv_tutorials/bin'
[1.624s] Level 1:colcon.colcon_core.environment:create_environment_scripts_only(my_opencv_tutorials)
[1.624s] INFO:colcon.colcon_core.shell:Creating package script '/home/won/pink_ws/src/install/my_opencv_tutorials/share/my_opencv_tutorials/package.ps1'
[1.624s] INFO:colcon.colcon_core.shell:Creating package descriptor '/home/won/pink_ws/src/install/my_opencv_tutorials/share/my_opencv_tutorials/package.dsv'
[1.625s] INFO:colcon.colcon_core.shell:Creating package script '/home/won/pink_ws/src/install/my_opencv_tutorials/share/my_opencv_tutorials/package.sh'
[1.625s] INFO:colcon.colcon_core.shell:Creating package script '/home/won/pink_ws/src/install/my_opencv_tutorials/share/my_opencv_tutorials/package.bash'
[1.625s] INFO:colcon.colcon_core.shell:Creating package script '/home/won/pink_ws/src/install/my_opencv_tutorials/share/my_opencv_tutorials/package.zsh'
[1.625s] Level 1:colcon.colcon_core.environment:create_file_with_runtime_dependencies(/home/won/pink_ws/src/install/my_opencv_tutorials/share/colcon-core/packages/my_opencv_tutorials)
[2.102s] DEBUG:colcon.colcon_core.event_handler.log_command:Invoked command in '/home/won/pink_ws/src/build/my_first_package_msgs' returned '0': CMAKE_PREFIX_PATH=${CMAKE_PREFIX_PATH}:/home/won/pink_ws/install/my_tf_pkg:/home/won/pink_ws/install/my_opencv_tutorials:/home/won/pink_ws/install/my_first_package:/home/won/pink_ws/install/big_data_tester_pkg:/home/won/external_ws/install/realsense2_ros_mqtt_bridge:/opt/ros/humble /usr/bin/cmake /home/won/pink_ws/src/my_first_package_msgs -DAMENT_CMAKE_SYMLINK_INSTALL=1 -DCMAKE_INSTALL_PREFIX=/home/won/pink_ws/src/install/my_first_package_msgs
[2.104s] DEBUG:colcon.colcon_core.event_handler.log_command:Invoking command in '/home/won/pink_ws/src/build/my_first_package_msgs': CMAKE_PREFIX_PATH=${CMAKE_PREFIX_PATH}:/home/won/pink_ws/install/my_tf_pkg:/home/won/pink_ws/install/my_opencv_tutorials:/home/won/pink_ws/install/my_first_package:/home/won/pink_ws/install/big_data_tester_pkg:/home/won/external_ws/install/realsense2_ros_mqtt_bridge:/opt/ros/humble /usr/bin/cmake --build /home/won/pink_ws/src/build/my_first_package_msgs -- -j22 -l22
[2.995s] DEBUG:colcon.colcon_core.event_handler.log_command:Invoked command in '/home/won/pink_ws/src/build/mybot_simulation' returned '0': CMAKE_PREFIX_PATH=${CMAKE_PREFIX_PATH}:/home/won/pink_ws/install/my_tf_pkg:/home/won/pink_ws/install/my_opencv_tutorials:/home/won/pink_ws/install/my_first_package:/home/won/pink_ws/install/big_data_tester_pkg:/home/won/external_ws/install/realsense2_ros_mqtt_bridge:/opt/ros/humble /usr/bin/cmake /home/won/pink_ws/src/mybot_simulation -DAMENT_CMAKE_SYMLINK_INSTALL=1 -DCMAKE_INSTALL_PREFIX=/home/won/pink_ws/src/install/mybot_simulation
[2.998s] DEBUG:colcon.colcon_core.event_handler.log_command:Invoking command in '/home/won/pink_ws/src/build/mybot_simulation': CMAKE_PREFIX_PATH=${CMAKE_PREFIX_PATH}:/home/won/pink_ws/install/my_tf_pkg:/home/won/pink_ws/install/my_opencv_tutorials:/home/won/pink_ws/install/my_first_package:/home/won/pink_ws/install/big_data_tester_pkg:/home/won/external_ws/install/realsense2_ros_mqtt_bridge:/opt/ros/humble /usr/bin/cmake --build /home/won/pink_ws/src/build/mybot_simulation -- -j22 -l22
[3.048s] DEBUG:colcon.colcon_core.event_handler.log_command:Invoked command in '/home/won/pink_ws/src/build/mybot_simulation' returned '0': CMAKE_PREFIX_PATH=${CMAKE_PREFIX_PATH}:/home/won/pink_ws/install/my_tf_pkg:/home/won/pink_ws/install/my_opencv_tutorials:/home/won/pink_ws/install/my_first_package:/home/won/pink_ws/install/big_data_tester_pkg:/home/won/external_ws/install/realsense2_ros_mqtt_bridge:/opt/ros/humble /usr/bin/cmake --build /home/won/pink_ws/src/build/mybot_simulation -- -j22 -l22
[3.064s] DEBUG:colcon.colcon_core.event_handler.log_command:Invoking command in '/home/won/pink_ws/src/build/mybot_simulation': CMAKE_PREFIX_PATH=${CMAKE_PREFIX_PATH}:/home/won/pink_ws/install/my_tf_pkg:/home/won/pink_ws/install/my_opencv_tutorials:/home/won/pink_ws/install/my_first_package:/home/won/pink_ws/install/big_data_tester_pkg:/home/won/external_ws/install/realsense2_ros_mqtt_bridge:/opt/ros/humble /usr/bin/cmake --install /home/won/pink_ws/src/build/mybot_simulation
[4.499s] DEBUG:colcon.colcon_core.event_handler.log_command:Invoked command in '/home/won/pink_ws/src/build/my_first_package_msgs' returned '0': CMAKE_PREFIX_PATH=${CMAKE_PREFIX_PATH}:/home/won/pink_ws/install/my_tf_pkg:/home/won/pink_ws/install/my_opencv_tutorials:/home/won/pink_ws/install/my_first_package:/home/won/pink_ws/install/big_data_tester_pkg:/home/won/external_ws/install/realsense2_ros_mqtt_bridge:/opt/ros/humble /usr/bin/cmake --build /home/won/pink_ws/src/build/my_first_package_msgs -- -j22 -l22
[4.500s] DEBUG:colcon.colcon_core.event_handler.log_command:Invoking command in '/home/won/pink_ws/src/build/my_first_package_msgs': CMAKE_PREFIX_PATH=${CMAKE_PREFIX_PATH}:/home/won/pink_ws/install/my_tf_pkg:/home/won/pink_ws/install/my_opencv_tutorials:/home/won/pink_ws/install/my_first_package:/home/won/pink_ws/install/big_data_tester_pkg:/home/won/external_ws/install/realsense2_ros_mqtt_bridge:/opt/ros/humble /usr/bin/cmake --install /home/won/pink_ws/src/build/my_first_package_msgs
[5.248s] Level 1:colcon.colcon_core.environment:create_environment_scripts_only(my_first_package_msgs)
[5.249s] DEBUG:colcon.colcon_core.event_handler.log_command:Invoked command in '/home/won/pink_ws/src/build/my_first_package_msgs' returned '0': CMAKE_PREFIX_PATH=${CMAKE_PREFIX_PATH}:/home/won/pink_ws/install/my_tf_pkg:/home/won/pink_ws/install/my_opencv_tutorials:/home/won/pink_ws/install/my_first_package:/home/won/pink_ws/install/big_data_tester_pkg:/home/won/external_ws/install/realsense2_ros_mqtt_bridge:/opt/ros/humble /usr/bin/cmake --install /home/won/pink_ws/src/build/my_first_package_msgs
[5.249s] Level 1:colcon.colcon_core.environment:checking '/home/won/pink_ws/src/install/my_first_package_msgs' for CMake module files
[5.250s] Level 1:colcon.colcon_core.environment:checking '/home/won/pink_ws/src/install/my_first_package_msgs' for CMake config files
[5.251s] Level 1:colcon.colcon_core.shell:create_environment_hook('my_first_package_msgs', 'cmake_prefix_path')
[5.252s] INFO:colcon.colcon_core.shell:Creating environment hook '/home/won/pink_ws/src/install/my_first_package_msgs/share/my_first_package_msgs/hook/cmake_prefix_path.ps1'
[5.252s] INFO:colcon.colcon_core.shell:Creating environment descriptor '/home/won/pink_ws/src/install/my_first_package_msgs/share/my_first_package_msgs/hook/cmake_prefix_path.dsv'
[5.252s] INFO:colcon.colcon_core.shell:Creating environment hook '/home/won/pink_ws/src/install/my_first_package_msgs/share/my_first_package_msgs/hook/cmake_prefix_path.sh'
[5.253s] Level 1:colcon.colcon_core.environment:checking '/home/won/pink_ws/src/install/my_first_package_msgs/lib'
[5.253s] Level 1:colcon.colcon_core.shell:create_environment_hook('my_first_package_msgs', 'ld_library_path_lib')
[5.253s] INFO:colcon.colcon_core.shell:Creating environment hook '/home/won/pink_ws/src/install/my_first_package_msgs/share/my_first_package_msgs/hook/ld_library_path_lib.ps1'
[5.254s] INFO:colcon.colcon_core.shell:Creating environment descriptor '/home/won/pink_ws/src/install/my_first_package_msgs/share/my_first_package_msgs/hook/ld_library_path_lib.dsv'
[5.254s] INFO:colcon.colcon_core.shell:Creating environment hook '/home/won/pink_ws/src/install/my_first_package_msgs/share/my_first_package_msgs/hook/ld_library_path_lib.sh'
[5.254s] Level 1:colcon.colcon_core.environment:checking '/home/won/pink_ws/src/install/my_first_package_msgs/bin'
[5.254s] Level 1:colcon.colcon_core.environment:checking '/home/won/pink_ws/src/install/my_first_package_msgs/lib/pkgconfig/my_first_package_msgs.pc'
[5.255s] Level 1:colcon.colcon_core.environment:checking '/home/won/pink_ws/src/install/my_first_package_msgs/lib/python3.10/site-packages'
[5.255s] Level 1:colcon.colcon_core.environment:checking '/home/won/pink_ws/src/install/my_first_package_msgs/bin'
[5.255s] INFO:colcon.colcon_core.shell:Creating package script '/home/won/pink_ws/src/install/my_first_package_msgs/share/my_first_package_msgs/package.ps1'
[5.256s] INFO:colcon.colcon_core.shell:Creating package descriptor '/home/won/pink_ws/src/install/my_first_package_msgs/share/my_first_package_msgs/package.dsv'
[5.256s] INFO:colcon.colcon_core.shell:Creating package script '/home/won/pink_ws/src/install/my_first_package_msgs/share/my_first_package_msgs/package.sh'
[5.256s] INFO:colcon.colcon_core.shell:Creating package script '/home/won/pink_ws/src/install/my_first_package_msgs/share/my_first_package_msgs/package.bash'
[5.257s] INFO:colcon.colcon_core.shell:Creating package script '/home/won/pink_ws/src/install/my_first_package_msgs/share/my_first_package_msgs/package.zsh'
[5.257s] Level 1:colcon.colcon_core.environment:create_file_with_runtime_dependencies(/home/won/pink_ws/src/install/my_first_package_msgs/share/colcon-core/packages/my_first_package_msgs)
[5.257s] Level 1:colcon.colcon_core.environment:create_environment_scripts_only(my_first_package_msgs)
[5.257s] Level 1:colcon.colcon_core.environment:checking '/home/won/pink_ws/src/install/my_first_package_msgs' for CMake module files
[5.258s] Level 1:colcon.colcon_core.environment:checking '/home/won/pink_ws/src/install/my_first_package_msgs' for CMake config files
[5.259s] Level 1:colcon.colcon_core.shell:create_environment_hook('my_first_package_msgs', 'cmake_prefix_path')
[5.259s] INFO:colcon.colcon_core.shell:Creating environment hook '/home/won/pink_ws/src/install/my_first_package_msgs/share/my_first_package_msgs/hook/cmake_prefix_path.ps1'
[5.259s] INFO:colcon.colcon_core.shell:Creating environment descriptor '/home/won/pink_ws/src/install/my_first_package_msgs/share/my_first_package_msgs/hook/cmake_prefix_path.dsv'
[5.259s] INFO:colcon.colcon_core.shell:Creating environment hook '/home/won/pink_ws/src/install/my_first_package_msgs/share/my_first_package_msgs/hook/cmake_prefix_path.sh'
[5.259s] Level 1:colcon.colcon_core.environment:checking '/home/won/pink_ws/src/install/my_first_package_msgs/lib'
[5.259s] Level 1:colcon.colcon_core.shell:create_environment_hook('my_first_package_msgs', 'ld_library_path_lib')
[5.260s] INFO:colcon.colcon_core.shell:Creating environment hook '/home/won/pink_ws/src/install/my_first_package_msgs/share/my_first_package_msgs/hook/ld_library_path_lib.ps1'
[5.260s] INFO:colcon.colcon_core.shell:Creating environment descriptor '/home/won/pink_ws/src/install/my_first_package_msgs/share/my_first_package_msgs/hook/ld_library_path_lib.dsv'
[5.260s] INFO:colcon.colcon_core.shell:Creating environment hook '/home/won/pink_ws/src/install/my_first_package_msgs/share/my_first_package_msgs/hook/ld_library_path_lib.sh'
[5.260s] Level 1:colcon.colcon_core.environment:checking '/home/won/pink_ws/src/install/my_first_package_msgs/bin'
[5.260s] Level 1:colcon.colcon_core.environment:checking '/home/won/pink_ws/src/install/my_first_package_msgs/lib/pkgconfig/my_first_package_msgs.pc'
[5.260s] Level 1:colcon.colcon_core.environment:checking '/home/won/pink_ws/src/install/my_first_package_msgs/lib/python3.10/site-packages'
[5.260s] Level 1:colcon.colcon_core.environment:checking '/home/won/pink_ws/src/install/my_first_package_msgs/bin'
[5.261s] INFO:colcon.colcon_core.shell:Creating package script '/home/won/pink_ws/src/install/my_first_package_msgs/share/my_first_package_msgs/package.ps1'
[5.261s] INFO:colcon.colcon_core.shell:Creating package descriptor '/home/won/pink_ws/src/install/my_first_package_msgs/share/my_first_package_msgs/package.dsv'
[5.261s] INFO:colcon.colcon_core.shell:Creating package script '/home/won/pink_ws/src/install/my_first_package_msgs/share/my_first_package_msgs/package.sh'
[5.261s] INFO:colcon.colcon_core.shell:Creating package script '/home/won/pink_ws/src/install/my_first_package_msgs/share/my_first_package_msgs/package.bash'
[5.262s] INFO:colcon.colcon_core.shell:Creating package script '/home/won/pink_ws/src/install/my_first_package_msgs/share/my_first_package_msgs/package.zsh'
[5.262s] Level 1:colcon.colcon_core.environment:create_file_with_runtime_dependencies(/home/won/pink_ws/src/install/my_first_package_msgs/share/colcon-core/packages/my_first_package_msgs)
[5.712s] Level 1:colcon.colcon_core.environment:create_environment_scripts_only(mybot_simulation)
[5.712s] Level 1:colcon.colcon_core.environment:checking '/home/won/pink_ws/src/install/mybot_simulation' for CMake module files
[5.712s] DEBUG:colcon.colcon_core.event_handler.log_command:Invoked command in '/home/won/pink_ws/src/build/mybot_simulation' returned '0': CMAKE_PREFIX_PATH=${CMAKE_PREFIX_PATH}:/home/won/pink_ws/install/my_tf_pkg:/home/won/pink_ws/install/my_opencv_tutorials:/home/won/pink_ws/install/my_first_package:/home/won/pink_ws/install/big_data_tester_pkg:/home/won/external_ws/install/realsense2_ros_mqtt_bridge:/opt/ros/humble /usr/bin/cmake --install /home/won/pink_ws/src/build/mybot_simulation
[5.713s] Level 1:colcon.colcon_core.environment:checking '/home/won/pink_ws/src/install/mybot_simulation' for CMake config files
[5.713s] Level 1:colcon.colcon_core.shell:create_environment_hook('mybot_simulation', 'cmake_prefix_path')
[5.713s] INFO:colcon.colcon_core.shell:Creating environment hook '/home/won/pink_ws/src/install/mybot_simulation/share/mybot_simulation/hook/cmake_prefix_path.ps1'
[5.713s] INFO:colcon.colcon_core.shell:Creating environment descriptor '/home/won/pink_ws/src/install/mybot_simulation/share/mybot_simulation/hook/cmake_prefix_path.dsv'
[5.713s] INFO:colcon.colcon_core.shell:Creating environment hook '/home/won/pink_ws/src/install/mybot_simulation/share/mybot_simulation/hook/cmake_prefix_path.sh'
[5.714s] Level 1:colcon.colcon_core.environment:checking '/home/won/pink_ws/src/install/mybot_simulation/bin'
[5.714s] Level 1:colcon.colcon_core.environment:checking '/home/won/pink_ws/src/install/mybot_simulation/lib/pkgconfig/mybot_simulation.pc'
[5.714s] Level 1:colcon.colcon_core.environment:checking '/home/won/pink_ws/src/install/mybot_simulation/lib/python3.10/site-packages'
[5.714s] Level 1:colcon.colcon_core.environment:checking '/home/won/pink_ws/src/install/mybot_simulation/bin'
[5.714s] INFO:colcon.colcon_core.shell:Creating package script '/home/won/pink_ws/src/install/mybot_simulation/share/mybot_simulation/package.ps1'
[5.715s] INFO:colcon.colcon_core.shell:Creating package descriptor '/home/won/pink_ws/src/install/mybot_simulation/share/mybot_simulation/package.dsv'
[5.715s] INFO:colcon.colcon_core.shell:Creating package script '/home/won/pink_ws/src/install/mybot_simulation/share/mybot_simulation/package.sh'
[5.715s] INFO:colcon.colcon_core.shell:Creating package script '/home/won/pink_ws/src/install/mybot_simulation/share/mybot_simulation/package.bash'
[5.715s] INFO:colcon.colcon_core.shell:Creating package script '/home/won/pink_ws/src/install/mybot_simulation/share/mybot_simulation/package.zsh'
[5.715s] Level 1:colcon.colcon_core.environment:create_file_with_runtime_dependencies(/home/won/pink_ws/src/install/mybot_simulation/share/colcon-core/packages/mybot_simulation)
[5.716s] Level 1:colcon.colcon_core.environment:create_environment_scripts_only(mybot_simulation)
[5.716s] Level 1:colcon.colcon_core.environment:checking '/home/won/pink_ws/src/install/mybot_simulation' for CMake module files
[5.716s] Level 1:colcon.colcon_core.environment:checking '/home/won/pink_ws/src/install/mybot_simulation' for CMake config files
[5.716s] Level 1:colcon.colcon_core.shell:create_environment_hook('mybot_simulation', 'cmake_prefix_path')
[5.716s] INFO:colcon.colcon_core.shell:Creating environment hook '/home/won/pink_ws/src/install/mybot_simulation/share/mybot_simulation/hook/cmake_prefix_path.ps1'
[5.716s] INFO:colcon.colcon_core.shell:Creating environment descriptor '/home/won/pink_ws/src/install/mybot_simulation/share/mybot_simulation/hook/cmake_prefix_path.dsv'
[5.717s] INFO:colcon.colcon_core.shell:Creating environment hook '/home/won/pink_ws/src/install/mybot_simulation/share/mybot_simulation/hook/cmake_prefix_path.sh'
[5.717s] Level 1:colcon.colcon_core.environment:checking '/home/won/pink_ws/src/install/mybot_simulation/bin'
[5.717s] Level 1:colcon.colcon_core.environment:checking '/home/won/pink_ws/src/install/mybot_simulation/lib/pkgconfig/mybot_simulation.pc'
[5.717s] Level 1:colcon.colcon_core.environment:checking '/home/won/pink_ws/src/install/mybot_simulation/lib/python3.10/site-packages'
[5.717s] Level 1:colcon.colcon_core.environment:checking '/home/won/pink_ws/src/install/mybot_simulation/bin'
[5.717s] INFO:colcon.colcon_core.shell:Creating package script '/home/won/pink_ws/src/install/mybot_simulation/share/mybot_simulation/package.ps1'
[5.718s] INFO:colcon.colcon_core.shell:Creating package descriptor '/home/won/pink_ws/src/install/mybot_simulation/share/mybot_simulation/package.dsv'
[5.718s] INFO:colcon.colcon_core.shell:Creating package script '/home/won/pink_ws/src/install/mybot_simulation/share/mybot_simulation/package.sh'
[5.718s] INFO:colcon.colcon_core.shell:Creating package script '/home/won/pink_ws/src/install/mybot_simulation/share/mybot_simulation/package.bash'
[5.719s] INFO:colcon.colcon_core.shell:Creating package script '/home/won/pink_ws/src/install/mybot_simulation/share/mybot_simulation/package.zsh'
[5.719s] Level 1:colcon.colcon_core.environment:create_file_with_runtime_dependencies(/home/won/pink_ws/src/install/mybot_simulation/share/colcon-core/packages/mybot_simulation)
[5.719s] DEBUG:colcon.colcon_parallel_executor.executor.parallel:closing loop
[5.719s] DEBUG:colcon.colcon_parallel_executor.executor.parallel:loop closed
[5.719s] DEBUG:colcon.colcon_parallel_executor.executor.parallel:run_until_complete finished with '0'
[5.719s] DEBUG:colcon.colcon_core.event_reactor:joining thread
[5.723s] INFO:colcon.colcon_core.plugin_system:Skipping extension 'colcon_notification.desktop_notification.terminal_notifier': Not used on non-Darwin systems
[5.723s] INFO:colcon.colcon_core.plugin_system:Skipping extension 'colcon_notification.desktop_notification.win32': Not used on non-Windows systems
[5.723s] INFO:colcon.colcon_notification.desktop_notification:Sending desktop notification using 'notify2'
[5.739s] DEBUG:colcon.colcon_core.event_reactor:joined thread
[5.739s] INFO:colcon.colcon_core.shell:Creating prefix script '/home/won/pink_ws/src/install/local_setup.ps1'
[5.740s] INFO:colcon.colcon_core.shell:Creating prefix util module '/home/won/pink_ws/src/install/_local_setup_util_ps1.py'
[5.741s] INFO:colcon.colcon_core.shell:Creating prefix chain script '/home/won/pink_ws/src/install/setup.ps1'
[5.742s] INFO:colcon.colcon_core.shell:Creating prefix script '/home/won/pink_ws/src/install/local_setup.sh'
[5.742s] INFO:colcon.colcon_core.shell:Creating prefix util module '/home/won/pink_ws/src/install/_local_setup_util_sh.py'
[5.742s] INFO:colcon.colcon_core.shell:Creating prefix chain script '/home/won/pink_ws/src/install/setup.sh'
[5.743s] INFO:colcon.colcon_core.shell:Creating prefix script '/home/won/pink_ws/src/install/local_setup.bash'
[5.743s] INFO:colcon.colcon_core.shell:Creating prefix chain script '/home/won/pink_ws/src/install/setup.bash'
[5.744s] INFO:colcon.colcon_core.shell:Creating prefix script '/home/won/pink_ws/src/install/local_setup.zsh'
[5.744s] INFO:colcon.colcon_core.shell:Creating prefix chain script '/home/won/pink_ws/src/install/setup.zsh'
