[0.747s] Invoking command in '/home/won/pink_ws/src/build/mybot_simulation': CMAKE_PREFIX_PATH=${CMAKE_PREFIX_PATH}:/home/won/pink_ws/install/my_tf_pkg:/home/won/pink_ws/install/my_opencv_tutorials:/home/won/pink_ws/install/my_first_package:/home/won/pink_ws/install/big_data_tester_pkg:/home/won/external_ws/install/realsense2_ros_mqtt_bridge:/opt/ros/humble /usr/bin/cmake /home/won/pink_ws/src/mybot_simulation -DAMENT_CMAKE_SYMLINK_INSTALL=1 -DCMAKE_INSTALL_PREFIX=/home/won/pink_ws/src/install/mybot_simulation
[0.793s] -- The C compiler identification is GNU 11.4.0
[0.832s] -- The CXX compiler identification is GNU 11.4.0
[0.837s] -- Detecting C compiler ABI info
[0.882s] -- Detecting C compiler ABI info - done
[0.887s] -- Check for working C compiler: /usr/bin/cc - skipped
[0.887s] -- Detecting C compile features
[0.887s] -- Detecting C compile features - done
[0.890s] -- Detecting CXX compiler ABI info
[0.967s] -- Detecting CXX compiler ABI info - done
[0.973s] -- Check for working CXX compiler: /usr/bin/c++ - skipped
[0.973s] -- Detecting CXX compile features
[0.973s] -- Detecting CXX compile features - done
[0.975s] -- Found ament_cmake: 1.3.12 (/opt/ros/humble/share/ament_cmake/cmake)
[1.102s] -- Found Python3: /usr/bin/python3 (found version "3.10.12") found components: Interpreter 
[1.171s] -- Override CMake install command with custom implementation using symlinks instead of copying resources
[1.207s] -- Found rclpy: 3.3.19 (/opt/ros/humble/share/rclpy/cmake)
[1.210s] -- Found gazebo_ros: 3.9.0 (/opt/ros/humble/share/gazebo_ros/cmake)
[1.266s] -- Found rosidl_generator_c: 3.1.8 (/opt/ros/humble/share/rosidl_generator_c/cmake)
[1.272s] -- Found rosidl_adapter: 3.1.8 (/opt/ros/humble/share/rosidl_adapter/cmake)
[1.277s] -- Found rosidl_generator_cpp: 3.1.8 (/opt/ros/humble/share/rosidl_generator_cpp/cmake)
[1.285s] -- Using all available rosidl_typesupport_c: rosidl_typesupport_fastrtps_c;rosidl_typesupport_introspection_c
[1.296s] -- Using all available rosidl_typesupport_cpp: rosidl_typesupport_fastrtps_cpp;rosidl_typesupport_introspection_cpp
[1.329s] -- Found rmw_implementation_cmake: 6.1.2 (/opt/ros/humble/share/rmw_implementation_cmake/cmake)
[1.331s] -- Found rmw_fastrtps_cpp: 6.2.9 (/opt/ros/humble/share/rmw_fastrtps_cpp/cmake)
[1.418s] -- Found OpenSSL: /usr/lib/x86_64-linux-gnu/libcrypto.so (found version "3.0.2")  
[1.437s] -- Found FastRTPS: /opt/ros/humble/include  
[1.473s] -- Using RMW implementation 'rmw_fastrtps_cpp' as default
[1.488s] -- Looking for pthread.h
[1.566s] -- Looking for pthread.h - found
[1.566s] -- Performing Test CMAKE_HAVE_LIBC_PTHREAD
[1.645s] -- Performing Test CMAKE_HAVE_LIBC_PTHREAD - Success
[1.647s] -- Found Threads: TRUE  
[1.711s] -- Found PkgConfig: /usr/bin/pkg-config (found version "0.29.2") 
[1.711s] -- Checking for module 'bullet>=2.82'
[1.723s] --   Found bullet, version 3.05
[1.820s] -- Found fcl: /usr/include (found suitable version "0.7.0", minimum required is "0.5.0") 
[1.868s] -- Found assimp: /usr/include (found version "5.2.0") 
[1.890s] -- Found DART: /usr/include (Required is at least version "6.6") found components: dart 
[1.916s] -- Found Boost: /usr/lib/x86_64-linux-gnu/cmake/Boost-1.74.0/BoostConfig.cmake (found suitable version "1.74.0", minimum required is "1.40.0") found components: thread system filesystem program_options regex iostreams date_time 
[1.932s] -- Found Protobuf: /usr/lib/x86_64-linux-gnu/libprotobuf.so (found version "3.12.4") 
[1.940s] -- Looking for ignition-math6 -- found version 6.15.1
[1.948s] -- Searching for dependencies of ignition-math6
[1.950s] -- Looking for OGRE...
[1.951s] -- OGRE_PREFIX_WATCH changed.
[1.956s] -- Checking for module 'OGRE'
[1.970s] --   Found OGRE, version 1.9.0
[2.002s] -- Found Ogre Ghadamon (1.9.0)
[2.012s] -- Found OGRE: optimized;/usr/lib/x86_64-linux-gnu/libOgreMain.so;debug;/usr/lib/x86_64-linux-gnu/libOgreMain.so
[2.022s] -- Looking for OGRE_Paging...
[2.031s] -- Found OGRE_Paging: optimized;/usr/lib/x86_64-linux-gnu/libOgrePaging.so;debug;/usr/lib/x86_64-linux-gnu/libOgrePaging.so
[2.031s] -- Looking for OGRE_Terrain...
[2.034s] -- Found OGRE_Terrain: optimized;/usr/lib/x86_64-linux-gnu/libOgreTerrain.so;debug;/usr/lib/x86_64-linux-gnu/libOgreTerrain.so
[2.034s] -- Looking for OGRE_Property...
[2.037s] -- Found OGRE_Property: optimized;/usr/lib/x86_64-linux-gnu/libOgreProperty.so;debug;/usr/lib/x86_64-linux-gnu/libOgreProperty.so
[2.037s] -- Looking for OGRE_RTShaderSystem...
[2.040s] -- Found OGRE_RTShaderSystem: optimized;/usr/lib/x86_64-linux-gnu/libOgreRTShaderSystem.so;debug;/usr/lib/x86_64-linux-gnu/libOgreRTShaderSystem.so
[2.041s] -- Looking for OGRE_Volume...
[2.044s] -- Found OGRE_Volume: optimized;/usr/lib/x86_64-linux-gnu/libOgreVolume.so;debug;/usr/lib/x86_64-linux-gnu/libOgreVolume.so
[2.044s] -- Looking for OGRE_Overlay...
[2.047s] -- Found OGRE_Overlay: optimized;/usr/lib/x86_64-linux-gnu/libOgreOverlay.so;debug;/usr/lib/x86_64-linux-gnu/libOgreOverlay.so
[2.157s] -- Looking for ignition-math6 -- found version 6.15.1
[2.159s] -- Looking for ignition-transport8 -- found version 8.2.1
[2.160s] -- Searching for dependencies of ignition-transport8
[2.173s] -- Found Protobuf: /usr/lib/x86_64-linux-gnu/libprotobuf.so (found suitable version "3.12.4", minimum required is "3") 
[2.180s] -- Config-file not installed for ZeroMQ -- checking for pkg-config
[2.184s] -- Checking for module 'libzmq >= 4'
[2.197s] --   Found libzmq , version 4.3.4
[2.226s] -- Found ZeroMQ: TRUE (Required is at least version "4") 
[2.232s] -- Checking for module 'uuid'
[2.242s] --   Found uuid, version 2.37.2
[2.271s] -- Found UUID: TRUE  
[2.273s] -- Looking for ignition-msgs5 -- found version 5.8.1
[2.273s] -- Searching for dependencies of ignition-msgs5
[2.287s] -- Looking for ignition-math6 -- found version 6.15.1
[2.294s] -- Checking for module 'tinyxml2'
[2.306s] --   Found tinyxml2, version 9.0.0
[2.337s] -- Looking for ignition-msgs5 -- found version 5.8.1
[2.340s] -- Looking for ignition-common3 -- found version 3.14.0
[2.341s] -- Searching for dependencies of ignition-common3
[2.341s] -- Looking for dlfcn.h - found
[2.343s] -- Looking for libdl - found
[2.345s] -- Found DL: TRUE  
[2.357s] -- Found tinyobjloader: /usr/lib/x86_64-linux-gnu/cmake/tinyobjloader/tinyobjloader-config.cmake (found version "2.0.0") 
[2.358s] -- Searching for <ignition-common3> component [graphics]
[2.359s] -- Looking for ignition-common3-graphics -- found version 3.14.0
[2.360s] -- Searching for dependencies of ignition-common3-graphics
[2.360s] -- Looking for ignition-math6 -- found version 6.15.1
[2.363s] -- Looking for ignition-fuel_tools4 -- found version 4.4.0
[2.363s] -- Searching for dependencies of ignition-fuel_tools4
[2.423s] -- Found CURL: /usr/lib/x86_64-linux-gnu/libcurl.so (found version "7.81.0")  
[2.431s] -- Checking for module 'jsoncpp'
[2.443s] --   Found jsoncpp, version 1.9.5
[2.466s] -- Found JSONCPP: TRUE  
[2.472s] -- Checking for module 'libzip'
[2.484s] --   Found libzip, version 1.7.3
[2.513s] -- Found ZIP: TRUE  
[2.513s] -- Looking for ignition-common3 -- found version 3.14.0
[2.514s] -- Looking for ignition-math6 -- found version 6.15.1
[2.514s] -- Looking for ignition-msgs5 -- found version 5.8.1
[2.519s] -- Gazebo version: 11.10
[2.519s] -- Checking for module 'tbb'
[2.532s] --   Found tbb, version 2021.5.0
[2.557s] -- Found ament_lint_auto: 0.12.14 (/opt/ros/humble/share/ament_lint_auto/cmake)
[2.662s] -- Added test 'flake8' to check Python code syntax and style conventions
[2.670s] -- Added test 'lint_cmake' to check CMake code style
[2.675s] -- Added test 'pep257' to check Python code against some of the docstring style conventions in PEP 257
[2.710s] -- Added test 'xmllint' to check XML markup files
[2.712s] -- Configuring done
[2.718s] -- Generating done
[2.724s] -- Build files have been written to: /home/won/pink_ws/src/build/mybot_simulation
[2.763s] Invoked command in '/home/won/pink_ws/src/build/mybot_simulation' returned '0': CMAKE_PREFIX_PATH=${CMAKE_PREFIX_PATH}:/home/won/pink_ws/install/my_tf_pkg:/home/won/pink_ws/install/my_opencv_tutorials:/home/won/pink_ws/install/my_first_package:/home/won/pink_ws/install/big_data_tester_pkg:/home/won/external_ws/install/realsense2_ros_mqtt_bridge:/opt/ros/humble /usr/bin/cmake /home/won/pink_ws/src/mybot_simulation -DAMENT_CMAKE_SYMLINK_INSTALL=1 -DCMAKE_INSTALL_PREFIX=/home/won/pink_ws/src/install/mybot_simulation
[2.766s] Invoking command in '/home/won/pink_ws/src/build/mybot_simulation': CMAKE_PREFIX_PATH=${CMAKE_PREFIX_PATH}:/home/won/pink_ws/install/my_tf_pkg:/home/won/pink_ws/install/my_opencv_tutorials:/home/won/pink_ws/install/my_first_package:/home/won/pink_ws/install/big_data_tester_pkg:/home/won/external_ws/install/realsense2_ros_mqtt_bridge:/opt/ros/humble /usr/bin/cmake --build /home/won/pink_ws/src/build/mybot_simulation -- -j22 -l22
[2.816s] Invoked command in '/home/won/pink_ws/src/build/mybot_simulation' returned '0': CMAKE_PREFIX_PATH=${CMAKE_PREFIX_PATH}:/home/won/pink_ws/install/my_tf_pkg:/home/won/pink_ws/install/my_opencv_tutorials:/home/won/pink_ws/install/my_first_package:/home/won/pink_ws/install/big_data_tester_pkg:/home/won/external_ws/install/realsense2_ros_mqtt_bridge:/opt/ros/humble /usr/bin/cmake --build /home/won/pink_ws/src/build/mybot_simulation -- -j22 -l22
[2.833s] Invoking command in '/home/won/pink_ws/src/build/mybot_simulation': CMAKE_PREFIX_PATH=${CMAKE_PREFIX_PATH}:/home/won/pink_ws/install/my_tf_pkg:/home/won/pink_ws/install/my_opencv_tutorials:/home/won/pink_ws/install/my_first_package:/home/won/pink_ws/install/big_data_tester_pkg:/home/won/external_ws/install/realsense2_ros_mqtt_bridge:/opt/ros/humble /usr/bin/cmake --install /home/won/pink_ws/src/build/mybot_simulation
[2.839s] -- Install configuration: ""
[2.839s] -- Execute custom install script
[2.839s] -- Symlinking: /home/won/pink_ws/src/install/mybot_simulation/share/mybot_simulation//launch/mybot_simulation.launch.py
[2.850s] -- Symlinking: /home/won/pink_ws/src/install/mybot_simulation/share/mybot_simulation//launch/spawn_robot.launch.py
[2.860s] -- Symlinking: /home/won/pink_ws/src/install/mybot_simulation/share/mybot_simulation//launch/start_world.launch.py
[2.869s] -- Symlinking: /home/won/pink_ws/src/install/mybot_simulation/share/mybot_simulation//launch/start_world2.launch.py
[2.876s] -- Symlinking: /home/won/pink_ws/src/install/mybot_simulation/share/mybot_simulation//worlds/my_world_exmaple.world
[2.883s] -- Symlinking: /home/won/pink_ws/src/install/mybot_simulation/share/mybot_simulation//worlds/small_house.world
[2.899s] -- Symlinking: /home/won/pink_ws/src/install/mybot_simulation/share/mybot_simulation//models/my_building/model.config
[2.912s] -- Symlinking: /home/won/pink_ws/src/install/mybot_simulation/share/mybot_simulation//models/my_building/model.sdf
[2.924s] -- Symlinking: /home/won/pink_ws/src/install/mybot_simulation/share/mybot_simulation//models/small_house/aws_robomaker_residential_AirconditionerA_01/materials/textures/aws_AirconditionerA_01.png
[2.931s] -- Symlinking: /home/won/pink_ws/src/install/mybot_simulation/share/mybot_simulation//models/small_house/aws_robomaker_residential_AirconditionerA_01/meshes/aws_AirconditionerA_01_collision.DAE
[2.944s] -- Symlinking: /home/won/pink_ws/src/install/mybot_simulation/share/mybot_simulation//models/small_house/aws_robomaker_residential_AirconditionerA_01/meshes/aws_AirconditionerA_01_visual.DAE
[2.955s] -- Symlinking: /home/won/pink_ws/src/install/mybot_simulation/share/mybot_simulation//models/small_house/aws_robomaker_residential_AirconditionerA_01/meshes/aws__Air conditioner_01.DAE
[2.967s] -- Symlinking: /home/won/pink_ws/src/install/mybot_simulation/share/mybot_simulation//models/small_house/aws_robomaker_residential_AirconditionerA_01/model.config
[2.975s] -- Symlinking: /home/won/pink_ws/src/install/mybot_simulation/share/mybot_simulation//models/small_house/aws_robomaker_residential_AirconditionerA_01/model.sdf
[2.982s] -- Symlinking: /home/won/pink_ws/src/install/mybot_simulation/share/mybot_simulation//models/small_house/aws_robomaker_residential_AirconditionerB_01/materials/textures/aws_AirconditionerB_01.png
[2.992s] -- Symlinking: /home/won/pink_ws/src/install/mybot_simulation/share/mybot_simulation//models/small_house/aws_robomaker_residential_AirconditionerB_01/meshes/aws_AirconditionerB_01_collision.DAE
[3.010s] -- Symlinking: /home/won/pink_ws/src/install/mybot_simulation/share/mybot_simulation//models/small_house/aws_robomaker_residential_AirconditionerB_01/meshes/aws_AirconditionerB_01_visual.DAE
[3.021s] -- Symlinking: /home/won/pink_ws/src/install/mybot_simulation/share/mybot_simulation//models/small_house/aws_robomaker_residential_AirconditionerB_01/model.config
[3.031s] -- Symlinking: /home/won/pink_ws/src/install/mybot_simulation/share/mybot_simulation//models/small_house/aws_robomaker_residential_AirconditionerB_01/model.sdf
[3.039s] -- Symlinking: /home/won/pink_ws/src/install/mybot_simulation/share/mybot_simulation//models/small_house/aws_robomaker_residential_BalconyTable_01/materials/textures/aws_BalconyTable_01.png
[3.046s] -- Symlinking: /home/won/pink_ws/src/install/mybot_simulation/share/mybot_simulation//models/small_house/aws_robomaker_residential_BalconyTable_01/meshes/aws_BalconyTable_01_collision.DAE
[3.054s] -- Symlinking: /home/won/pink_ws/src/install/mybot_simulation/share/mybot_simulation//models/small_house/aws_robomaker_residential_BalconyTable_01/meshes/aws_BalconyTable_01_visual.DAE
[3.062s] -- Symlinking: /home/won/pink_ws/src/install/mybot_simulation/share/mybot_simulation//models/small_house/aws_robomaker_residential_BalconyTable_01/model.config
[3.070s] -- Symlinking: /home/won/pink_ws/src/install/mybot_simulation/share/mybot_simulation//models/small_house/aws_robomaker_residential_BalconyTable_01/model.sdf
[3.077s] -- Symlinking: /home/won/pink_ws/src/install/mybot_simulation/share/mybot_simulation//models/small_house/aws_robomaker_residential_Ball_01/materials/textures/aws_Ball_01.png
[3.086s] -- Symlinking: /home/won/pink_ws/src/install/mybot_simulation/share/mybot_simulation//models/small_house/aws_robomaker_residential_Ball_01/meshes/aws_Ball_01_collision.DAE
[3.094s] -- Symlinking: /home/won/pink_ws/src/install/mybot_simulation/share/mybot_simulation//models/small_house/aws_robomaker_residential_Ball_01/meshes/aws_Ball_01_visual.DAE
[3.101s] -- Symlinking: /home/won/pink_ws/src/install/mybot_simulation/share/mybot_simulation//models/small_house/aws_robomaker_residential_Ball_01/model.config
[3.109s] -- Symlinking: /home/won/pink_ws/src/install/mybot_simulation/share/mybot_simulation//models/small_house/aws_robomaker_residential_Ball_01/model.sdf
[3.115s] -- Symlinking: /home/won/pink_ws/src/install/mybot_simulation/share/mybot_simulation//models/small_house/aws_robomaker_residential_Bed_01/materials/textures/aws_BedA_01.png
[3.124s] -- Symlinking: /home/won/pink_ws/src/install/mybot_simulation/share/mybot_simulation//models/small_house/aws_robomaker_residential_Bed_01/materials/textures/aws_BedB_01.png
[3.133s] -- Symlinking: /home/won/pink_ws/src/install/mybot_simulation/share/mybot_simulation//models/small_house/aws_robomaker_residential_Bed_01/materials/textures/aws_BedC_01.png
[3.140s] -- Symlinking: /home/won/pink_ws/src/install/mybot_simulation/share/mybot_simulation//models/small_house/aws_robomaker_residential_Bed_01/materials/textures/aws_Bed_01.png
[3.148s] -- Symlinking: /home/won/pink_ws/src/install/mybot_simulation/share/mybot_simulation//models/small_house/aws_robomaker_residential_Bed_01/meshes/aws_Bed_01_collision.DAE
[3.156s] -- Symlinking: /home/won/pink_ws/src/install/mybot_simulation/share/mybot_simulation//models/small_house/aws_robomaker_residential_Bed_01/meshes/aws_Bed_01_visual.DAE
[3.168s] -- Symlinking: /home/won/pink_ws/src/install/mybot_simulation/share/mybot_simulation//models/small_house/aws_robomaker_residential_Bed_01/model.config
[3.181s] -- Symlinking: /home/won/pink_ws/src/install/mybot_simulation/share/mybot_simulation//models/small_house/aws_robomaker_residential_Bed_01/model.sdf
[3.190s] -- Symlinking: /home/won/pink_ws/src/install/mybot_simulation/share/mybot_simulation//models/small_house/aws_robomaker_residential_Board_01/materials/textures/aws_Board_01.png
[3.198s] -- Symlinking: /home/won/pink_ws/src/install/mybot_simulation/share/mybot_simulation//models/small_house/aws_robomaker_residential_Board_01/meshes/aws_Board_01_collision.DAE
[3.206s] -- Symlinking: /home/won/pink_ws/src/install/mybot_simulation/share/mybot_simulation//models/small_house/aws_robomaker_residential_Board_01/meshes/aws_Board_01_visual.DAE
[3.214s] -- Symlinking: /home/won/pink_ws/src/install/mybot_simulation/share/mybot_simulation//models/small_house/aws_robomaker_residential_Board_01/model.config
[3.221s] -- Symlinking: /home/won/pink_ws/src/install/mybot_simulation/share/mybot_simulation//models/small_house/aws_robomaker_residential_Board_01/model.sdf
[3.229s] -- Symlinking: /home/won/pink_ws/src/install/mybot_simulation/share/mybot_simulation//models/small_house/aws_robomaker_residential_Carpet_01/materials/textures/aws_Carpet_01.png
[3.235s] -- Symlinking: /home/won/pink_ws/src/install/mybot_simulation/share/mybot_simulation//models/small_house/aws_robomaker_residential_Carpet_01/meshes/aws_Carpet_01_collision.DAE
[3.243s] -- Symlinking: /home/won/pink_ws/src/install/mybot_simulation/share/mybot_simulation//models/small_house/aws_robomaker_residential_Carpet_01/meshes/aws_Carpet_01_visual.DAE
[3.250s] -- Symlinking: /home/won/pink_ws/src/install/mybot_simulation/share/mybot_simulation//models/small_house/aws_robomaker_residential_Carpet_01/model.config
[3.258s] -- Symlinking: /home/won/pink_ws/src/install/mybot_simulation/share/mybot_simulation//models/small_house/aws_robomaker_residential_Carpet_01/model.sdf
[3.266s] -- Symlinking: /home/won/pink_ws/src/install/mybot_simulation/share/mybot_simulation//models/small_house/aws_robomaker_residential_ChairA_01/materials/textures/aws_ChairA_01.png
[3.275s] -- Symlinking: /home/won/pink_ws/src/install/mybot_simulation/share/mybot_simulation//models/small_house/aws_robomaker_residential_ChairA_01/meshes/aws_ChairA_01_collision.DAE
[3.281s] -- Symlinking: /home/won/pink_ws/src/install/mybot_simulation/share/mybot_simulation//models/small_house/aws_robomaker_residential_ChairA_01/meshes/aws_ChairA_01_visual.DAE
[3.288s] -- Symlinking: /home/won/pink_ws/src/install/mybot_simulation/share/mybot_simulation//models/small_house/aws_robomaker_residential_ChairA_01/model.config
[3.295s] -- Symlinking: /home/won/pink_ws/src/install/mybot_simulation/share/mybot_simulation//models/small_house/aws_robomaker_residential_ChairA_01/model.sdf
[3.301s] -- Symlinking: /home/won/pink_ws/src/install/mybot_simulation/share/mybot_simulation//models/small_house/aws_robomaker_residential_ChairD_01/materials/textures/aws_ChairD_01.png
[3.310s] -- Symlinking: /home/won/pink_ws/src/install/mybot_simulation/share/mybot_simulation//models/small_house/aws_robomaker_residential_ChairD_01/meshes/aws_ChairD_01_collision.DAE
[3.317s] -- Symlinking: /home/won/pink_ws/src/install/mybot_simulation/share/mybot_simulation//models/small_house/aws_robomaker_residential_ChairD_01/meshes/aws_ChairD_01_visual.DAE
[3.326s] -- Symlinking: /home/won/pink_ws/src/install/mybot_simulation/share/mybot_simulation//models/small_house/aws_robomaker_residential_ChairD_01/model.config
[3.331s] -- Symlinking: /home/won/pink_ws/src/install/mybot_simulation/share/mybot_simulation//models/small_house/aws_robomaker_residential_ChairD_01/model.sdf
[3.339s] -- Symlinking: /home/won/pink_ws/src/install/mybot_simulation/share/mybot_simulation//models/small_house/aws_robomaker_residential_Chandelier_01/materials/textures/aws_Chandelier_01.png
[3.345s] -- Symlinking: /home/won/pink_ws/src/install/mybot_simulation/share/mybot_simulation//models/small_house/aws_robomaker_residential_Chandelier_01/meshes/aws_Chandelier_01.DAE
[3.350s] -- Symlinking: /home/won/pink_ws/src/install/mybot_simulation/share/mybot_simulation//models/small_house/aws_robomaker_residential_Chandelier_01/meshes/aws_Chandelier_01_collision.DAE
[3.358s] -- Symlinking: /home/won/pink_ws/src/install/mybot_simulation/share/mybot_simulation//models/small_house/aws_robomaker_residential_Chandelier_01/meshes/aws_Chandelier_01_visual.DAE
[3.365s] -- Symlinking: /home/won/pink_ws/src/install/mybot_simulation/share/mybot_simulation//models/small_house/aws_robomaker_residential_Chandelier_01/model.config
[3.372s] -- Symlinking: /home/won/pink_ws/src/install/mybot_simulation/share/mybot_simulation//models/small_house/aws_robomaker_residential_Chandelier_01/model.sdf
[3.379s] -- Symlinking: /home/won/pink_ws/src/install/mybot_simulation/share/mybot_simulation//models/small_house/aws_robomaker_residential_CoffeeTable_01/materials/textures/aws_CoffeeTable_01.png
[3.385s] -- Symlinking: /home/won/pink_ws/src/install/mybot_simulation/share/mybot_simulation//models/small_house/aws_robomaker_residential_CoffeeTable_01/meshes/aws_CoffeeTable_01_collision.DAE
[3.392s] -- Symlinking: /home/won/pink_ws/src/install/mybot_simulation/share/mybot_simulation//models/small_house/aws_robomaker_residential_CoffeeTable_01/meshes/aws_CoffeeTable_01_visual.DAE
[3.398s] -- Symlinking: /home/won/pink_ws/src/install/mybot_simulation/share/mybot_simulation//models/small_house/aws_robomaker_residential_CoffeeTable_01/model.config
[3.405s] -- Symlinking: /home/won/pink_ws/src/install/mybot_simulation/share/mybot_simulation//models/small_house/aws_robomaker_residential_CoffeeTable_01/model.sdf
[3.411s] -- Symlinking: /home/won/pink_ws/src/install/mybot_simulation/share/mybot_simulation//models/small_house/aws_robomaker_residential_CookingBench_01/materials/textures/aws_CookingBench_01.png
[3.419s] -- Symlinking: /home/won/pink_ws/src/install/mybot_simulation/share/mybot_simulation//models/small_house/aws_robomaker_residential_CookingBench_01/meshes/aws_CookingBench_01.DAE
[3.426s] -- Symlinking: /home/won/pink_ws/src/install/mybot_simulation/share/mybot_simulation//models/small_house/aws_robomaker_residential_CookingBench_01/meshes/aws_CookingBench_01_collision.DAE
[3.434s] -- Symlinking: /home/won/pink_ws/src/install/mybot_simulation/share/mybot_simulation//models/small_house/aws_robomaker_residential_CookingBench_01/meshes/aws_CookingBench_01_visual.DAE
[3.443s] -- Symlinking: /home/won/pink_ws/src/install/mybot_simulation/share/mybot_simulation//models/small_house/aws_robomaker_residential_CookingBench_01/model.config
[3.452s] -- Symlinking: /home/won/pink_ws/src/install/mybot_simulation/share/mybot_simulation//models/small_house/aws_robomaker_residential_CookingBench_01/model.sdf
[3.460s] -- Symlinking: /home/won/pink_ws/src/install/mybot_simulation/share/mybot_simulation//models/small_house/aws_robomaker_residential_Curtain_01/materials/textures/aws_Curtain_01.png
[3.466s] -- Symlinking: /home/won/pink_ws/src/install/mybot_simulation/share/mybot_simulation//models/small_house/aws_robomaker_residential_Curtain_01/meshes/aws_Curtain_01_collision.DAE
[3.474s] -- Symlinking: /home/won/pink_ws/src/install/mybot_simulation/share/mybot_simulation//models/small_house/aws_robomaker_residential_Curtain_01/meshes/aws_Curtain_01_visual.DAE
[3.481s] -- Symlinking: /home/won/pink_ws/src/install/mybot_simulation/share/mybot_simulation//models/small_house/aws_robomaker_residential_Curtain_01/model.config
[3.487s] -- Symlinking: /home/won/pink_ws/src/install/mybot_simulation/share/mybot_simulation//models/small_house/aws_robomaker_residential_Curtain_01/model.sdf
[3.494s] -- Symlinking: /home/won/pink_ws/src/install/mybot_simulation/share/mybot_simulation//models/small_house/aws_robomaker_residential_DeskPortraitA_01/materials/textures/aws_DeskPortraitA_01.png
[3.502s] -- Symlinking: /home/won/pink_ws/src/install/mybot_simulation/share/mybot_simulation//models/small_house/aws_robomaker_residential_DeskPortraitA_01/materials/textures/aws_DeskPortraitA_02.png
[3.508s] -- Symlinking: /home/won/pink_ws/src/install/mybot_simulation/share/mybot_simulation//models/small_house/aws_robomaker_residential_DeskPortraitA_01/meshes/aws_DeskPortraitA_01_collision.DAE
[3.516s] -- Symlinking: /home/won/pink_ws/src/install/mybot_simulation/share/mybot_simulation//models/small_house/aws_robomaker_residential_DeskPortraitA_01/meshes/aws_DeskPortraitA_01_visual.DAE
[3.526s] -- Symlinking: /home/won/pink_ws/src/install/mybot_simulation/share/mybot_simulation//models/small_house/aws_robomaker_residential_DeskPortraitA_01/model.config
[3.535s] -- Symlinking: /home/won/pink_ws/src/install/mybot_simulation/share/mybot_simulation//models/small_house/aws_robomaker_residential_DeskPortraitA_01/model.sdf
[3.544s] -- Symlinking: /home/won/pink_ws/src/install/mybot_simulation/share/mybot_simulation//models/small_house/aws_robomaker_residential_DeskPortraitA_02/materials/textures/aws_DeskPortraitA_01.png
[3.554s] -- Symlinking: /home/won/pink_ws/src/install/mybot_simulation/share/mybot_simulation//models/small_house/aws_robomaker_residential_DeskPortraitA_02/materials/textures/aws_DeskPortraitA_02.png
[3.562s] -- Symlinking: /home/won/pink_ws/src/install/mybot_simulation/share/mybot_simulation//models/small_house/aws_robomaker_residential_DeskPortraitA_02/meshes/aws_DeskPortraitA_01_collision.DAE
[3.569s] -- Symlinking: /home/won/pink_ws/src/install/mybot_simulation/share/mybot_simulation//models/small_house/aws_robomaker_residential_DeskPortraitA_02/meshes/aws_DeskPortraitA_01_visual.DAE
[3.576s] -- Symlinking: /home/won/pink_ws/src/install/mybot_simulation/share/mybot_simulation//models/small_house/aws_robomaker_residential_DeskPortraitA_02/model.config
[3.582s] -- Symlinking: /home/won/pink_ws/src/install/mybot_simulation/share/mybot_simulation//models/small_house/aws_robomaker_residential_DeskPortraitA_02/model.sdf
[3.592s] -- Symlinking: /home/won/pink_ws/src/install/mybot_simulation/share/mybot_simulation//models/small_house/aws_robomaker_residential_DeskPortraitB_01/materials/textures/aws_DeskPortraitB_01.png
[3.598s] -- Symlinking: /home/won/pink_ws/src/install/mybot_simulation/share/mybot_simulation//models/small_house/aws_robomaker_residential_DeskPortraitB_01/materials/textures/aws_DeskPortraitB_02.png
[3.603s] -- Symlinking: /home/won/pink_ws/src/install/mybot_simulation/share/mybot_simulation//models/small_house/aws_robomaker_residential_DeskPortraitB_01/meshes/aws_DeskPortraitB_01_collision.DAE
[3.609s] -- Symlinking: /home/won/pink_ws/src/install/mybot_simulation/share/mybot_simulation//models/small_house/aws_robomaker_residential_DeskPortraitB_01/meshes/aws_DeskPortraitB_01_visual.DAE
[3.616s] -- Symlinking: /home/won/pink_ws/src/install/mybot_simulation/share/mybot_simulation//models/small_house/aws_robomaker_residential_DeskPortraitB_01/model.config
[3.622s] -- Symlinking: /home/won/pink_ws/src/install/mybot_simulation/share/mybot_simulation//models/small_house/aws_robomaker_residential_DeskPortraitB_01/model.sdf
[3.629s] -- Symlinking: /home/won/pink_ws/src/install/mybot_simulation/share/mybot_simulation//models/small_house/aws_robomaker_residential_DeskPortraitB_02/materials/textures/aws_DeskPortraitB_01.png
[3.636s] -- Symlinking: /home/won/pink_ws/src/install/mybot_simulation/share/mybot_simulation//models/small_house/aws_robomaker_residential_DeskPortraitB_02/materials/textures/aws_DeskPortraitB_02.png
[3.643s] -- Symlinking: /home/won/pink_ws/src/install/mybot_simulation/share/mybot_simulation//models/small_house/aws_robomaker_residential_DeskPortraitB_02/meshes/aws_DeskPortraitB_01_collision.DAE
[3.652s] -- Symlinking: /home/won/pink_ws/src/install/mybot_simulation/share/mybot_simulation//models/small_house/aws_robomaker_residential_DeskPortraitB_02/meshes/aws_DeskPortraitB_01_visual.DAE
[3.660s] -- Symlinking: /home/won/pink_ws/src/install/mybot_simulation/share/mybot_simulation//models/small_house/aws_robomaker_residential_DeskPortraitB_02/model.config
[3.668s] -- Symlinking: /home/won/pink_ws/src/install/mybot_simulation/share/mybot_simulation//models/small_house/aws_robomaker_residential_DeskPortraitB_02/model.sdf
[3.673s] -- Symlinking: /home/won/pink_ws/src/install/mybot_simulation/share/mybot_simulation//models/small_house/aws_robomaker_residential_DeskPortraitC_01/materials/textures/aws_DeskPortraitC_01.png
[3.679s] -- Symlinking: /home/won/pink_ws/src/install/mybot_simulation/share/mybot_simulation//models/small_house/aws_robomaker_residential_DeskPortraitC_01/materials/textures/aws_DeskPortraitC_02.png
[3.685s] -- Symlinking: /home/won/pink_ws/src/install/mybot_simulation/share/mybot_simulation//models/small_house/aws_robomaker_residential_DeskPortraitC_01/meshes/aws_DeskPortraitC_01_collision.DAE
[3.693s] -- Symlinking: /home/won/pink_ws/src/install/mybot_simulation/share/mybot_simulation//models/small_house/aws_robomaker_residential_DeskPortraitC_01/meshes/aws_DeskPortraitC_01_visual.DAE
[3.700s] -- Symlinking: /home/won/pink_ws/src/install/mybot_simulation/share/mybot_simulation//models/small_house/aws_robomaker_residential_DeskPortraitC_01/model.config
[3.707s] -- Symlinking: /home/won/pink_ws/src/install/mybot_simulation/share/mybot_simulation//models/small_house/aws_robomaker_residential_DeskPortraitC_01/model.sdf
[3.713s] -- Symlinking: /home/won/pink_ws/src/install/mybot_simulation/share/mybot_simulation//models/small_house/aws_robomaker_residential_DeskPortraitC_02/materials/textures/aws_DeskPortraitC_01.png
[3.719s] -- Symlinking: /home/won/pink_ws/src/install/mybot_simulation/share/mybot_simulation//models/small_house/aws_robomaker_residential_DeskPortraitC_02/materials/textures/aws_DeskPortraitC_02.png
[3.726s] -- Symlinking: /home/won/pink_ws/src/install/mybot_simulation/share/mybot_simulation//models/small_house/aws_robomaker_residential_DeskPortraitC_02/meshes/aws_DeskPortraitC_01_collision.DAE
[3.734s] -- Symlinking: /home/won/pink_ws/src/install/mybot_simulation/share/mybot_simulation//models/small_house/aws_robomaker_residential_DeskPortraitC_02/meshes/aws_DeskPortraitC_01_visual.DAE
[3.740s] -- Symlinking: /home/won/pink_ws/src/install/mybot_simulation/share/mybot_simulation//models/small_house/aws_robomaker_residential_DeskPortraitC_02/model.config
[3.746s] -- Symlinking: /home/won/pink_ws/src/install/mybot_simulation/share/mybot_simulation//models/small_house/aws_robomaker_residential_DeskPortraitC_02/model.sdf
[3.755s] -- Symlinking: /home/won/pink_ws/src/install/mybot_simulation/share/mybot_simulation//models/small_house/aws_robomaker_residential_DeskPortraitD_01/materials/textures/aws_DeskPortraitD_01.png
[3.761s] -- Symlinking: /home/won/pink_ws/src/install/mybot_simulation/share/mybot_simulation//models/small_house/aws_robomaker_residential_DeskPortraitD_01/materials/textures/aws_DeskPortraitD_02.png
[3.769s] -- Symlinking: /home/won/pink_ws/src/install/mybot_simulation/share/mybot_simulation//models/small_house/aws_robomaker_residential_DeskPortraitD_01/meshes/aws_DeskPortraitD_01_collision.DAE
[3.776s] -- Symlinking: /home/won/pink_ws/src/install/mybot_simulation/share/mybot_simulation//models/small_house/aws_robomaker_residential_DeskPortraitD_01/meshes/aws_DeskPortraitD_01_visual.DAE
[3.785s] -- Symlinking: /home/won/pink_ws/src/install/mybot_simulation/share/mybot_simulation//models/small_house/aws_robomaker_residential_DeskPortraitD_01/model.config
[3.793s] -- Symlinking: /home/won/pink_ws/src/install/mybot_simulation/share/mybot_simulation//models/small_house/aws_robomaker_residential_DeskPortraitD_01/model.sdf
[3.800s] -- Symlinking: /home/won/pink_ws/src/install/mybot_simulation/share/mybot_simulation//models/small_house/aws_robomaker_residential_DeskPortraitD_02/materials/textures/aws_DeskPortraitD_01.png
[3.806s] -- Symlinking: /home/won/pink_ws/src/install/mybot_simulation/share/mybot_simulation//models/small_house/aws_robomaker_residential_DeskPortraitD_02/materials/textures/aws_DeskPortraitD_02.png
[3.814s] -- Symlinking: /home/won/pink_ws/src/install/mybot_simulation/share/mybot_simulation//models/small_house/aws_robomaker_residential_DeskPortraitD_02/meshes/aws_DeskPortraitD_01_collision.DAE
[3.822s] -- Symlinking: /home/won/pink_ws/src/install/mybot_simulation/share/mybot_simulation//models/small_house/aws_robomaker_residential_DeskPortraitD_02/meshes/aws_DeskPortraitD_01_visual.DAE
[3.827s] -- Symlinking: /home/won/pink_ws/src/install/mybot_simulation/share/mybot_simulation//models/small_house/aws_robomaker_residential_DeskPortraitD_02/model.config
[3.833s] -- Symlinking: /home/won/pink_ws/src/install/mybot_simulation/share/mybot_simulation//models/small_house/aws_robomaker_residential_DeskPortraitD_02/model.sdf
[3.841s] -- Symlinking: /home/won/pink_ws/src/install/mybot_simulation/share/mybot_simulation//models/small_house/aws_robomaker_residential_DeskPortraitD_03/materials/textures/aws_DeskPortraitD_01.png
[3.847s] -- Symlinking: /home/won/pink_ws/src/install/mybot_simulation/share/mybot_simulation//models/small_house/aws_robomaker_residential_DeskPortraitD_03/materials/textures/aws_DeskPortraitD_02.png
[3.853s] -- Symlinking: /home/won/pink_ws/src/install/mybot_simulation/share/mybot_simulation//models/small_house/aws_robomaker_residential_DeskPortraitD_03/meshes/aws_DeskPortraitD_01_collision.DAE
[3.860s] -- Symlinking: /home/won/pink_ws/src/install/mybot_simulation/share/mybot_simulation//models/small_house/aws_robomaker_residential_DeskPortraitD_03/meshes/aws_DeskPortraitD_01_visual.DAE
[3.866s] -- Symlinking: /home/won/pink_ws/src/install/mybot_simulation/share/mybot_simulation//models/small_house/aws_robomaker_residential_DeskPortraitD_03/model.config
[3.872s] -- Symlinking: /home/won/pink_ws/src/install/mybot_simulation/share/mybot_simulation//models/small_house/aws_robomaker_residential_DeskPortraitD_03/model.sdf
[3.879s] -- Symlinking: /home/won/pink_ws/src/install/mybot_simulation/share/mybot_simulation//models/small_house/aws_robomaker_residential_DeskPortraitD_04/materials/textures/aws_DeskPortraitD_01.png
[3.884s] -- Symlinking: /home/won/pink_ws/src/install/mybot_simulation/share/mybot_simulation//models/small_house/aws_robomaker_residential_DeskPortraitD_04/materials/textures/aws_DeskPortraitD_02.png
[3.890s] -- Symlinking: /home/won/pink_ws/src/install/mybot_simulation/share/mybot_simulation//models/small_house/aws_robomaker_residential_DeskPortraitD_04/meshes/aws_DeskPortraitD_01_collision.DAE
[3.896s] -- Symlinking: /home/won/pink_ws/src/install/mybot_simulation/share/mybot_simulation//models/small_house/aws_robomaker_residential_DeskPortraitD_04/meshes/aws_DeskPortraitD_01_visual.DAE
[3.903s] -- Symlinking: /home/won/pink_ws/src/install/mybot_simulation/share/mybot_simulation//models/small_house/aws_robomaker_residential_DeskPortraitD_04/model.config
[3.909s] -- Symlinking: /home/won/pink_ws/src/install/mybot_simulation/share/mybot_simulation//models/small_house/aws_robomaker_residential_DeskPortraitD_04/model.sdf
[3.915s] -- Symlinking: /home/won/pink_ws/src/install/mybot_simulation/share/mybot_simulation//models/small_house/aws_robomaker_residential_Door_01/materials/textures/aws_Door_01.png
[3.921s] -- Symlinking: /home/won/pink_ws/src/install/mybot_simulation/share/mybot_simulation//models/small_house/aws_robomaker_residential_Door_01/meshes/aws_Door_01_collision.DAE
[3.928s] -- Symlinking: /home/won/pink_ws/src/install/mybot_simulation/share/mybot_simulation//models/small_house/aws_robomaker_residential_Door_01/meshes/aws_Door_01_visual.DAE
[3.933s] -- Symlinking: /home/won/pink_ws/src/install/mybot_simulation/share/mybot_simulation//models/small_house/aws_robomaker_residential_Door_01/model.config
[3.939s] -- Symlinking: /home/won/pink_ws/src/install/mybot_simulation/share/mybot_simulation//models/small_house/aws_robomaker_residential_Door_01/model.sdf
[3.945s] -- Symlinking: /home/won/pink_ws/src/install/mybot_simulation/share/mybot_simulation//models/small_house/aws_robomaker_residential_Dumbbell_01/materials/textures/aws_Dumbbell_01.png
[3.952s] -- Symlinking: /home/won/pink_ws/src/install/mybot_simulation/share/mybot_simulation//models/small_house/aws_robomaker_residential_Dumbbell_01/meshes/aws_Dumbbell_01_collision.DAE
[3.958s] -- Symlinking: /home/won/pink_ws/src/install/mybot_simulation/share/mybot_simulation//models/small_house/aws_robomaker_residential_Dumbbell_01/meshes/aws_Dumbbell_01_visual.DAE
[3.964s] -- Symlinking: /home/won/pink_ws/src/install/mybot_simulation/share/mybot_simulation//models/small_house/aws_robomaker_residential_Dumbbell_01/model.config
[3.971s] -- Symlinking: /home/won/pink_ws/src/install/mybot_simulation/share/mybot_simulation//models/small_house/aws_robomaker_residential_Dumbbell_01/model.sdf
[3.977s] -- Symlinking: /home/won/pink_ws/src/install/mybot_simulation/share/mybot_simulation//models/small_house/aws_robomaker_residential_FitnessEquipment_01/materials/textures/aws_FitnessEquipment_01.png
[3.982s] -- Symlinking: /home/won/pink_ws/src/install/mybot_simulation/share/mybot_simulation//models/small_house/aws_robomaker_residential_FitnessEquipment_01/meshes/aws_FitnessEquipment_01_collision.DAE
[3.987s] -- Symlinking: /home/won/pink_ws/src/install/mybot_simulation/share/mybot_simulation//models/small_house/aws_robomaker_residential_FitnessEquipment_01/meshes/aws_FitnessEquipment_01_visual.DAE
[3.994s] -- Symlinking: /home/won/pink_ws/src/install/mybot_simulation/share/mybot_simulation//models/small_house/aws_robomaker_residential_FitnessEquipment_01/model.config
[3.999s] -- Symlinking: /home/won/pink_ws/src/install/mybot_simulation/share/mybot_simulation//models/small_house/aws_robomaker_residential_FitnessEquipment_01/model.sdf
[4.005s] -- Symlinking: /home/won/pink_ws/src/install/mybot_simulation/share/mybot_simulation//models/small_house/aws_robomaker_residential_FloorB_01/materials/textures/aws_FloorB_01.png
[4.013s] -- Symlinking: /home/won/pink_ws/src/install/mybot_simulation/share/mybot_simulation//models/small_house/aws_robomaker_residential_FloorB_01/meshes/aws_FloorB_01_collision.DAE
[4.019s] -- Symlinking: /home/won/pink_ws/src/install/mybot_simulation/share/mybot_simulation//models/small_house/aws_robomaker_residential_FloorB_01/meshes/aws_FloorB_01_visual.DAE
[4.025s] -- Symlinking: /home/won/pink_ws/src/install/mybot_simulation/share/mybot_simulation//models/small_house/aws_robomaker_residential_FloorB_01/model.config
[4.032s] -- Symlinking: /home/won/pink_ws/src/install/mybot_simulation/share/mybot_simulation//models/small_house/aws_robomaker_residential_FloorB_01/model.sdf
[4.039s] -- Symlinking: /home/won/pink_ws/src/install/mybot_simulation/share/mybot_simulation//models/small_house/aws_robomaker_residential_FoldingDoor_01/materials/textures/aws_FoldingDoor_01.png
[4.045s] -- Symlinking: /home/won/pink_ws/src/install/mybot_simulation/share/mybot_simulation//models/small_house/aws_robomaker_residential_FoldingDoor_01/meshes/aws_FoldingDoor_01_collision.DAE
[4.052s] -- Symlinking: /home/won/pink_ws/src/install/mybot_simulation/share/mybot_simulation//models/small_house/aws_robomaker_residential_FoldingDoor_01/meshes/aws_FoldingDoor_01_visual.DAE
[4.059s] -- Symlinking: /home/won/pink_ws/src/install/mybot_simulation/share/mybot_simulation//models/small_house/aws_robomaker_residential_FoldingDoor_01/model.config
[4.065s] -- Symlinking: /home/won/pink_ws/src/install/mybot_simulation/share/mybot_simulation//models/small_house/aws_robomaker_residential_FoldingDoor_01/model.sdf
[4.072s] -- Symlinking: /home/won/pink_ws/src/install/mybot_simulation/share/mybot_simulation//models/small_house/aws_robomaker_residential_FoldingDoor_02/materials/textures/aws_FoldingDoor_02.png
[4.081s] -- Symlinking: /home/won/pink_ws/src/install/mybot_simulation/share/mybot_simulation//models/small_house/aws_robomaker_residential_FoldingDoor_02/meshes/aws_FoldingDoor_02_collision.DAE
[4.087s] -- Symlinking: /home/won/pink_ws/src/install/mybot_simulation/share/mybot_simulation//models/small_house/aws_robomaker_residential_FoldingDoor_02/meshes/aws_FoldingDoor_02_visual.DAE
[4.096s] -- Symlinking: /home/won/pink_ws/src/install/mybot_simulation/share/mybot_simulation//models/small_house/aws_robomaker_residential_FoldingDoor_02/model.config
[4.104s] -- Symlinking: /home/won/pink_ws/src/install/mybot_simulation/share/mybot_simulation//models/small_house/aws_robomaker_residential_FoldingDoor_02/model.sdf
[4.112s] -- Symlinking: /home/won/pink_ws/src/install/mybot_simulation/share/mybot_simulation//models/small_house/aws_robomaker_residential_Handle_01/materials/textures/aws_Handle_01.png
[4.117s] -- Symlinking: /home/won/pink_ws/src/install/mybot_simulation/share/mybot_simulation//models/small_house/aws_robomaker_residential_Handle_01/meshes/aws_ handle_01_collision.DAE
[4.123s] -- Symlinking: /home/won/pink_ws/src/install/mybot_simulation/share/mybot_simulation//models/small_house/aws_robomaker_residential_Handle_01/meshes/aws_Handle_01_collision.DAE
[4.130s] -- Symlinking: /home/won/pink_ws/src/install/mybot_simulation/share/mybot_simulation//models/small_house/aws_robomaker_residential_Handle_01/meshes/aws_Handle_01_visual.DAE
[4.136s] -- Symlinking: /home/won/pink_ws/src/install/mybot_simulation/share/mybot_simulation//models/small_house/aws_robomaker_residential_Handle_01/model.config
[4.144s] -- Symlinking: /home/won/pink_ws/src/install/mybot_simulation/share/mybot_simulation//models/small_house/aws_robomaker_residential_Handle_01/model.sdf
[4.149s] -- Symlinking: /home/won/pink_ws/src/install/mybot_simulation/share/mybot_simulation//models/small_house/aws_robomaker_residential_HouseWallB_01/materials/textures/aws_HouseWallB_01.png
[4.157s] -- Symlinking: /home/won/pink_ws/src/install/mybot_simulation/share/mybot_simulation//models/small_house/aws_robomaker_residential_HouseWallB_01/meshes/aws_HouseWallB_01_collision.DAE
[4.163s] -- Symlinking: /home/won/pink_ws/src/install/mybot_simulation/share/mybot_simulation//models/small_house/aws_robomaker_residential_HouseWallB_01/meshes/aws_HouseWallB_01_visual.DAE
[4.169s] -- Symlinking: /home/won/pink_ws/src/install/mybot_simulation/share/mybot_simulation//models/small_house/aws_robomaker_residential_HouseWallB_01/model.config
[4.176s] -- Symlinking: /home/won/pink_ws/src/install/mybot_simulation/share/mybot_simulation//models/small_house/aws_robomaker_residential_HouseWallB_01/model.sdf
[4.182s] -- Symlinking: /home/won/pink_ws/src/install/mybot_simulation/share/mybot_simulation//models/small_house/aws_robomaker_residential_KitchenCabinet_01/materials/textures/aws_KitchenCabinet_01.png
[4.189s] -- Symlinking: /home/won/pink_ws/src/install/mybot_simulation/share/mybot_simulation//models/small_house/aws_robomaker_residential_KitchenCabinet_01/meshes/aws_KitchenCabinet_01_collision.DAE
[4.198s] -- Symlinking: /home/won/pink_ws/src/install/mybot_simulation/share/mybot_simulation//models/small_house/aws_robomaker_residential_KitchenCabinet_01/meshes/aws_KitchenCabinet_01_visual.DAE
[4.205s] -- Symlinking: /home/won/pink_ws/src/install/mybot_simulation/share/mybot_simulation//models/small_house/aws_robomaker_residential_KitchenCabinet_01/model.config
[4.212s] -- Symlinking: /home/won/pink_ws/src/install/mybot_simulation/share/mybot_simulation//models/small_house/aws_robomaker_residential_KitchenCabinet_01/model.sdf
[4.217s] -- Symlinking: /home/won/pink_ws/src/install/mybot_simulation/share/mybot_simulation//models/small_house/aws_robomaker_residential_KitchenTable_01/materials/textures/aws_KitchenTable_01.png
[4.222s] -- Symlinking: /home/won/pink_ws/src/install/mybot_simulation/share/mybot_simulation//models/small_house/aws_robomaker_residential_KitchenTable_01/meshes/aws_KitchenTable_01_collision.DAE
[4.227s] -- Symlinking: /home/won/pink_ws/src/install/mybot_simulation/share/mybot_simulation//models/small_house/aws_robomaker_residential_KitchenTable_01/meshes/aws_KitchenTable_01_visual.DAE
[4.232s] -- Symlinking: /home/won/pink_ws/src/install/mybot_simulation/share/mybot_simulation//models/small_house/aws_robomaker_residential_KitchenTable_01/model.config
[4.240s] -- Symlinking: /home/won/pink_ws/src/install/mybot_simulation/share/mybot_simulation//models/small_house/aws_robomaker_residential_KitchenTable_01/model.sdf
[4.247s] -- Symlinking: /home/won/pink_ws/src/install/mybot_simulation/share/mybot_simulation//models/small_house/aws_robomaker_residential_KitchenUtensils_01/materials/textures/aws_KitchenUtensils_01.png
[4.253s] -- Symlinking: /home/won/pink_ws/src/install/mybot_simulation/share/mybot_simulation//models/small_house/aws_robomaker_residential_KitchenUtensils_01/meshes/aws_KitchenUtensils_01_collision.DAE
[4.259s] -- Symlinking: /home/won/pink_ws/src/install/mybot_simulation/share/mybot_simulation//models/small_house/aws_robomaker_residential_KitchenUtensils_01/meshes/aws_KitchenUtensils_01_visual.DAE
[4.264s] -- Symlinking: /home/won/pink_ws/src/install/mybot_simulation/share/mybot_simulation//models/small_house/aws_robomaker_residential_KitchenUtensils_01/model.config
[4.269s] -- Symlinking: /home/won/pink_ws/src/install/mybot_simulation/share/mybot_simulation//models/small_house/aws_robomaker_residential_KitchenUtensils_01/model.sdf
[4.276s] -- Symlinking: /home/won/pink_ws/src/install/mybot_simulation/share/mybot_simulation//models/small_house/aws_robomaker_residential_LightC_01/materials/textures/aws_LightC_01.png
[4.281s] -- Symlinking: /home/won/pink_ws/src/install/mybot_simulation/share/mybot_simulation//models/small_house/aws_robomaker_residential_LightC_01/meshes/aws_LightC_01_collision.DAE
[4.287s] -- Symlinking: /home/won/pink_ws/src/install/mybot_simulation/share/mybot_simulation//models/small_house/aws_robomaker_residential_LightC_01/meshes/aws_LightC_01_visual.DAE
[4.294s] -- Symlinking: /home/won/pink_ws/src/install/mybot_simulation/share/mybot_simulation//models/small_house/aws_robomaker_residential_LightC_01/model.config
[4.299s] -- Symlinking: /home/won/pink_ws/src/install/mybot_simulation/share/mybot_simulation//models/small_house/aws_robomaker_residential_LightC_01/model.sdf
[4.306s] -- Symlinking: /home/won/pink_ws/src/install/mybot_simulation/share/mybot_simulation//models/small_house/aws_robomaker_residential_NightStand_01/materials/textures/aws_NightStand_01.png
[4.312s] -- Symlinking: /home/won/pink_ws/src/install/mybot_simulation/share/mybot_simulation//models/small_house/aws_robomaker_residential_NightStand_01/meshes/aws_NightStand_01_collision.DAE
[4.317s] -- Symlinking: /home/won/pink_ws/src/install/mybot_simulation/share/mybot_simulation//models/small_house/aws_robomaker_residential_NightStand_01/meshes/aws_NightStand_01_visual.DAE
[4.322s] -- Symlinking: /home/won/pink_ws/src/install/mybot_simulation/share/mybot_simulation//models/small_house/aws_robomaker_residential_NightStand_01/model.config
[4.329s] -- Symlinking: /home/won/pink_ws/src/install/mybot_simulation/share/mybot_simulation//models/small_house/aws_robomaker_residential_NightStand_01/model.sdf
[4.335s] -- Symlinking: /home/won/pink_ws/src/install/mybot_simulation/share/mybot_simulation//models/small_house/aws_robomaker_residential_Pillow_01/materials/textures/aws_Pillow_01.png
[4.341s] -- Symlinking: /home/won/pink_ws/src/install/mybot_simulation/share/mybot_simulation//models/small_house/aws_robomaker_residential_Pillow_01/meshes/aws_Pillow_01_collision.DAE
[4.347s] -- Symlinking: /home/won/pink_ws/src/install/mybot_simulation/share/mybot_simulation//models/small_house/aws_robomaker_residential_Pillow_01/meshes/aws_Pillow_01_visual.DAE
[4.353s] -- Symlinking: /home/won/pink_ws/src/install/mybot_simulation/share/mybot_simulation//models/small_house/aws_robomaker_residential_Pillow_01/model.config
[4.359s] -- Symlinking: /home/won/pink_ws/src/install/mybot_simulation/share/mybot_simulation//models/small_house/aws_robomaker_residential_Pillow_01/model.sdf
[4.365s] -- Symlinking: /home/won/pink_ws/src/install/mybot_simulation/share/mybot_simulation//models/small_house/aws_robomaker_residential_PortraitA_01/materials/textures/aws_PortraitA_01.png
[4.373s] -- Symlinking: /home/won/pink_ws/src/install/mybot_simulation/share/mybot_simulation//models/small_house/aws_robomaker_residential_PortraitA_01/materials/textures/aws_PortraitA_02.png
[4.378s] -- Symlinking: /home/won/pink_ws/src/install/mybot_simulation/share/mybot_simulation//models/small_house/aws_robomaker_residential_PortraitA_01/meshes/aws_PortraitA_01_collision.DAE
[4.385s] -- Symlinking: /home/won/pink_ws/src/install/mybot_simulation/share/mybot_simulation//models/small_house/aws_robomaker_residential_PortraitA_01/meshes/aws_PortraitA_01_visual.DAE
[4.392s] -- Symlinking: /home/won/pink_ws/src/install/mybot_simulation/share/mybot_simulation//models/small_house/aws_robomaker_residential_PortraitA_01/model.config
[4.399s] -- Symlinking: /home/won/pink_ws/src/install/mybot_simulation/share/mybot_simulation//models/small_house/aws_robomaker_residential_PortraitA_01/model.sdf
[4.406s] -- Symlinking: /home/won/pink_ws/src/install/mybot_simulation/share/mybot_simulation//models/small_house/aws_robomaker_residential_PortraitA_02/materials/textures/aws_PortraitA_01.png
[4.411s] -- Symlinking: /home/won/pink_ws/src/install/mybot_simulation/share/mybot_simulation//models/small_house/aws_robomaker_residential_PortraitA_02/materials/textures/aws_PortraitA_02.png
[4.416s] -- Symlinking: /home/won/pink_ws/src/install/mybot_simulation/share/mybot_simulation//models/small_house/aws_robomaker_residential_PortraitA_02/meshes/aws_PortraitA_01_collision.DAE
[4.422s] -- Symlinking: /home/won/pink_ws/src/install/mybot_simulation/share/mybot_simulation//models/small_house/aws_robomaker_residential_PortraitA_02/meshes/aws_PortraitA_01_visual.DAE
[4.427s] -- Symlinking: /home/won/pink_ws/src/install/mybot_simulation/share/mybot_simulation//models/small_house/aws_robomaker_residential_PortraitA_02/model.config
[4.432s] -- Symlinking: /home/won/pink_ws/src/install/mybot_simulation/share/mybot_simulation//models/small_house/aws_robomaker_residential_PortraitA_02/model.sdf
[4.439s] -- Symlinking: /home/won/pink_ws/src/install/mybot_simulation/share/mybot_simulation//models/small_house/aws_robomaker_residential_PortraitB_01/materials/textures/aws_PortraitB_01.png
[4.444s] -- Symlinking: /home/won/pink_ws/src/install/mybot_simulation/share/mybot_simulation//models/small_house/aws_robomaker_residential_PortraitB_01/materials/textures/aws_PortraitB_02.png
[4.451s] -- Symlinking: /home/won/pink_ws/src/install/mybot_simulation/share/mybot_simulation//models/small_house/aws_robomaker_residential_PortraitB_01/meshes/aws_PortraitB_01_collision.DAE
[4.456s] -- Symlinking: /home/won/pink_ws/src/install/mybot_simulation/share/mybot_simulation//models/small_house/aws_robomaker_residential_PortraitB_01/meshes/aws_PortraitB_01_visual.DAE
[4.463s] -- Symlinking: /home/won/pink_ws/src/install/mybot_simulation/share/mybot_simulation//models/small_house/aws_robomaker_residential_PortraitB_01/model.config
[4.469s] -- Symlinking: /home/won/pink_ws/src/install/mybot_simulation/share/mybot_simulation//models/small_house/aws_robomaker_residential_PortraitB_01/model.sdf
[4.474s] -- Symlinking: /home/won/pink_ws/src/install/mybot_simulation/share/mybot_simulation//models/small_house/aws_robomaker_residential_PortraitB_02/materials/textures/aws_PortraitB_01.png
[4.479s] -- Symlinking: /home/won/pink_ws/src/install/mybot_simulation/share/mybot_simulation//models/small_house/aws_robomaker_residential_PortraitB_02/materials/textures/aws_PortraitB_02.png
[4.485s] -- Symlinking: /home/won/pink_ws/src/install/mybot_simulation/share/mybot_simulation//models/small_house/aws_robomaker_residential_PortraitB_02/meshes/aws_PortraitB_01_collision.DAE
[4.492s] -- Symlinking: /home/won/pink_ws/src/install/mybot_simulation/share/mybot_simulation//models/small_house/aws_robomaker_residential_PortraitB_02/meshes/aws_PortraitB_01_visual.DAE
[4.498s] -- Symlinking: /home/won/pink_ws/src/install/mybot_simulation/share/mybot_simulation//models/small_house/aws_robomaker_residential_PortraitB_02/model.config
[4.506s] -- Symlinking: /home/won/pink_ws/src/install/mybot_simulation/share/mybot_simulation//models/small_house/aws_robomaker_residential_PortraitB_02/model.sdf
[4.512s] -- Symlinking: /home/won/pink_ws/src/install/mybot_simulation/share/mybot_simulation//models/small_house/aws_robomaker_residential_PortraitB_03/materials/textures/aws_PortraitB_01.png
[4.517s] -- Symlinking: /home/won/pink_ws/src/install/mybot_simulation/share/mybot_simulation//models/small_house/aws_robomaker_residential_PortraitB_03/materials/textures/aws_PortraitB_02.png
[4.523s] -- Symlinking: /home/won/pink_ws/src/install/mybot_simulation/share/mybot_simulation//models/small_house/aws_robomaker_residential_PortraitB_03/meshes/aws_PortraitB_01_collision.DAE
[4.529s] -- Symlinking: /home/won/pink_ws/src/install/mybot_simulation/share/mybot_simulation//models/small_house/aws_robomaker_residential_PortraitB_03/meshes/aws_PortraitB_01_visual.DAE
[4.534s] -- Symlinking: /home/won/pink_ws/src/install/mybot_simulation/share/mybot_simulation//models/small_house/aws_robomaker_residential_PortraitB_03/model.config
[4.540s] -- Symlinking: /home/won/pink_ws/src/install/mybot_simulation/share/mybot_simulation//models/small_house/aws_robomaker_residential_PortraitB_03/model.sdf
[4.545s] -- Symlinking: /home/won/pink_ws/src/install/mybot_simulation/share/mybot_simulation//models/small_house/aws_robomaker_residential_PortraitC_01/materials/textures/aws_PortraitC_01.png
[4.552s] -- Symlinking: /home/won/pink_ws/src/install/mybot_simulation/share/mybot_simulation//models/small_house/aws_robomaker_residential_PortraitC_01/materials/textures/aws_PortraitC_02.png
[4.557s] -- Symlinking: /home/won/pink_ws/src/install/mybot_simulation/share/mybot_simulation//models/small_house/aws_robomaker_residential_PortraitC_01/meshes/aws_PortraitC_01_collision.DAE
[4.562s] -- Symlinking: /home/won/pink_ws/src/install/mybot_simulation/share/mybot_simulation//models/small_house/aws_robomaker_residential_PortraitC_01/meshes/aws_PortraitC_01_visual.DAE
[4.570s] -- Symlinking: /home/won/pink_ws/src/install/mybot_simulation/share/mybot_simulation//models/small_house/aws_robomaker_residential_PortraitC_01/model.config
[4.576s] -- Symlinking: /home/won/pink_ws/src/install/mybot_simulation/share/mybot_simulation//models/small_house/aws_robomaker_residential_PortraitC_01/model.sdf
[4.582s] -- Symlinking: /home/won/pink_ws/src/install/mybot_simulation/share/mybot_simulation//models/small_house/aws_robomaker_residential_PortraitD_01/materials/textures/aws_PortraitD_01.png
[4.588s] -- Symlinking: /home/won/pink_ws/src/install/mybot_simulation/share/mybot_simulation//models/small_house/aws_robomaker_residential_PortraitD_01/materials/textures/aws_PortraitD_02.png
[4.595s] -- Symlinking: /home/won/pink_ws/src/install/mybot_simulation/share/mybot_simulation//models/small_house/aws_robomaker_residential_PortraitD_01/meshes/aws_PortraitD_01_collision.DAE
[4.602s] -- Symlinking: /home/won/pink_ws/src/install/mybot_simulation/share/mybot_simulation//models/small_house/aws_robomaker_residential_PortraitD_01/meshes/aws_PortraitD_01_visual.DAE
[4.608s] -- Symlinking: /home/won/pink_ws/src/install/mybot_simulation/share/mybot_simulation//models/small_house/aws_robomaker_residential_PortraitD_01/model.config
[4.615s] -- Symlinking: /home/won/pink_ws/src/install/mybot_simulation/share/mybot_simulation//models/small_house/aws_robomaker_residential_PortraitD_01/model.sdf
[4.621s] -- Symlinking: /home/won/pink_ws/src/install/mybot_simulation/share/mybot_simulation//models/small_house/aws_robomaker_residential_PortraitD_02/materials/textures/aws_PortraitD_01.png
[4.626s] -- Symlinking: /home/won/pink_ws/src/install/mybot_simulation/share/mybot_simulation//models/small_house/aws_robomaker_residential_PortraitD_02/materials/textures/aws_PortraitD_02.png
[4.634s] -- Symlinking: /home/won/pink_ws/src/install/mybot_simulation/share/mybot_simulation//models/small_house/aws_robomaker_residential_PortraitD_02/meshes/aws_PortraitD_01_collision.DAE
[4.639s] -- Symlinking: /home/won/pink_ws/src/install/mybot_simulation/share/mybot_simulation//models/small_house/aws_robomaker_residential_PortraitD_02/meshes/aws_PortraitD_01_visual.DAE
[4.645s] -- Symlinking: /home/won/pink_ws/src/install/mybot_simulation/share/mybot_simulation//models/small_house/aws_robomaker_residential_PortraitD_02/model.config
[4.652s] -- Symlinking: /home/won/pink_ws/src/install/mybot_simulation/share/mybot_simulation//models/small_house/aws_robomaker_residential_PortraitD_02/model.sdf
[4.658s] -- Symlinking: /home/won/pink_ws/src/install/mybot_simulation/share/mybot_simulation//models/small_house/aws_robomaker_residential_PortraitE_01/materials/textures/aws_PortraitE_01.png
[4.663s] -- Symlinking: /home/won/pink_ws/src/install/mybot_simulation/share/mybot_simulation//models/small_house/aws_robomaker_residential_PortraitE_01/materials/textures/aws_PortraitE_02.png
[4.667s] -- Symlinking: /home/won/pink_ws/src/install/mybot_simulation/share/mybot_simulation//models/small_house/aws_robomaker_residential_PortraitE_01/meshes/aws_PortraitE_01_collision.DAE
[4.674s] -- Symlinking: /home/won/pink_ws/src/install/mybot_simulation/share/mybot_simulation//models/small_house/aws_robomaker_residential_PortraitE_01/meshes/aws_PortraitE_01_visual.DAE
[4.680s] -- Symlinking: /home/won/pink_ws/src/install/mybot_simulation/share/mybot_simulation//models/small_house/aws_robomaker_residential_PortraitE_01/model.config
[4.687s] -- Symlinking: /home/won/pink_ws/src/install/mybot_simulation/share/mybot_simulation//models/small_house/aws_robomaker_residential_PortraitE_01/model.sdf
[4.694s] -- Symlinking: /home/won/pink_ws/src/install/mybot_simulation/share/mybot_simulation//models/small_house/aws_robomaker_residential_PortraitE_02/materials/textures/aws_PortraitE_01.png
[4.702s] -- Symlinking: /home/won/pink_ws/src/install/mybot_simulation/share/mybot_simulation//models/small_house/aws_robomaker_residential_PortraitE_02/materials/textures/aws_PortraitE_02.png
[4.708s] -- Symlinking: /home/won/pink_ws/src/install/mybot_simulation/share/mybot_simulation//models/small_house/aws_robomaker_residential_PortraitE_02/meshes/aws_PortraitE_01_collision.DAE
[4.713s] -- Symlinking: /home/won/pink_ws/src/install/mybot_simulation/share/mybot_simulation//models/small_house/aws_robomaker_residential_PortraitE_02/meshes/aws_PortraitE_01_visual.DAE
[4.718s] -- Symlinking: /home/won/pink_ws/src/install/mybot_simulation/share/mybot_simulation//models/small_house/aws_robomaker_residential_PortraitE_02/model.config
[4.725s] -- Symlinking: /home/won/pink_ws/src/install/mybot_simulation/share/mybot_simulation//models/small_house/aws_robomaker_residential_PortraitE_02/model.sdf
[4.732s] -- Symlinking: /home/won/pink_ws/src/install/mybot_simulation/share/mybot_simulation//models/small_house/aws_robomaker_residential_Quilt_01/materials/textures/aws_Quilt_01.png
[4.738s] -- Symlinking: /home/won/pink_ws/src/install/mybot_simulation/share/mybot_simulation//models/small_house/aws_robomaker_residential_Quilt_01/meshes/aws_Quilt_01_collision.DAE
[4.743s] -- Symlinking: /home/won/pink_ws/src/install/mybot_simulation/share/mybot_simulation//models/small_house/aws_robomaker_residential_Quilt_01/meshes/aws_Quilt_01_visual.DAE
[4.749s] -- Symlinking: /home/won/pink_ws/src/install/mybot_simulation/share/mybot_simulation//models/small_house/aws_robomaker_residential_Quilt_01/model.config
[4.756s] -- Symlinking: /home/won/pink_ws/src/install/mybot_simulation/share/mybot_simulation//models/small_house/aws_robomaker_residential_Quilt_01/model.sdf
[4.762s] -- Symlinking: /home/won/pink_ws/src/install/mybot_simulation/share/mybot_simulation//models/small_house/aws_robomaker_residential_Rangehood_01/materials/textures/aws_Rangehood_01.png
[4.767s] -- Symlinking: /home/won/pink_ws/src/install/mybot_simulation/share/mybot_simulation//models/small_house/aws_robomaker_residential_Rangehood_01/meshes/aws_Rangehood_01_collision.DAE
[4.774s] -- Symlinking: /home/won/pink_ws/src/install/mybot_simulation/share/mybot_simulation//models/small_house/aws_robomaker_residential_Rangehood_01/meshes/aws_Rangehood_01_visual.DAE
[4.781s] -- Symlinking: /home/won/pink_ws/src/install/mybot_simulation/share/mybot_simulation//models/small_house/aws_robomaker_residential_Rangehood_01/model.config
[4.786s] -- Symlinking: /home/won/pink_ws/src/install/mybot_simulation/share/mybot_simulation//models/small_house/aws_robomaker_residential_Rangehood_01/model.sdf
[4.791s] -- Symlinking: /home/won/pink_ws/src/install/mybot_simulation/share/mybot_simulation//models/small_house/aws_robomaker_residential_ReadingDesk_01/materials/textures/aws_ReadingDesk_01.png
[4.798s] -- Symlinking: /home/won/pink_ws/src/install/mybot_simulation/share/mybot_simulation//models/small_house/aws_robomaker_residential_ReadingDesk_01/meshes/aws_ReadingDesk_01_collision.DAE
[4.804s] -- Symlinking: /home/won/pink_ws/src/install/mybot_simulation/share/mybot_simulation//models/small_house/aws_robomaker_residential_ReadingDesk_01/meshes/aws_ReadingDesk_01_visual.DAE
[4.810s] -- Symlinking: /home/won/pink_ws/src/install/mybot_simulation/share/mybot_simulation//models/small_house/aws_robomaker_residential_ReadingDesk_01/model.config
[4.814s] -- Symlinking: /home/won/pink_ws/src/install/mybot_simulation/share/mybot_simulation//models/small_house/aws_robomaker_residential_ReadingDesk_01/model.sdf
[4.822s] -- Symlinking: /home/won/pink_ws/src/install/mybot_simulation/share/mybot_simulation//models/small_house/aws_robomaker_residential_Refrigerator_01/materials/textures/aws_Refrigerator_01.png
[4.827s] -- Symlinking: /home/won/pink_ws/src/install/mybot_simulation/share/mybot_simulation//models/small_house/aws_robomaker_residential_Refrigerator_01/materials/textures/aws_Refrigerator_02.png
[4.835s] -- Symlinking: /home/won/pink_ws/src/install/mybot_simulation/share/mybot_simulation//models/small_house/aws_robomaker_residential_Refrigerator_01/meshes/aws_Refrigerator_01.DAE
[4.841s] -- Symlinking: /home/won/pink_ws/src/install/mybot_simulation/share/mybot_simulation//models/small_house/aws_robomaker_residential_Refrigerator_01/meshes/aws_Refrigerator_01_collision.DAE
[4.846s] -- Symlinking: /home/won/pink_ws/src/install/mybot_simulation/share/mybot_simulation//models/small_house/aws_robomaker_residential_Refrigerator_01/meshes/aws_Refrigerator_01_visual.DAE
[4.853s] -- Symlinking: /home/won/pink_ws/src/install/mybot_simulation/share/mybot_simulation//models/small_house/aws_robomaker_residential_Refrigerator_01/model.config
[4.859s] -- Symlinking: /home/won/pink_ws/src/install/mybot_simulation/share/mybot_simulation//models/small_house/aws_robomaker_residential_Refrigerator_01/model.sdf
[4.866s] -- Symlinking: /home/won/pink_ws/src/install/mybot_simulation/share/mybot_simulation//models/small_house/aws_robomaker_residential_RoomCeiling_01/materials/textures/aws_RoomCeiling_01.png
[4.873s] -- Symlinking: /home/won/pink_ws/src/install/mybot_simulation/share/mybot_simulation//models/small_house/aws_robomaker_residential_RoomCeiling_01/meshes/aws_RoomCeiling_01_collision.DAE
[4.878s] -- Symlinking: /home/won/pink_ws/src/install/mybot_simulation/share/mybot_simulation//models/small_house/aws_robomaker_residential_RoomCeiling_01/meshes/aws_RoomCeiling_01_visual.DAE
[4.885s] -- Symlinking: /home/won/pink_ws/src/install/mybot_simulation/share/mybot_simulation//models/small_house/aws_robomaker_residential_RoomCeiling_01/model.config
[4.892s] -- Symlinking: /home/won/pink_ws/src/install/mybot_simulation/share/mybot_simulation//models/small_house/aws_robomaker_residential_RoomCeiling_01/model.sdf
[4.898s] -- Symlinking: /home/won/pink_ws/src/install/mybot_simulation/share/mybot_simulation//models/small_house/aws_robomaker_residential_RoomWall_01/materials/textures/aws_RoomWall_01.png
[4.904s] -- Symlinking: /home/won/pink_ws/src/install/mybot_simulation/share/mybot_simulation//models/small_house/aws_robomaker_residential_RoomWall_01/meshes/aws_RoomWall_01_collision.DAE
[4.909s] -- Symlinking: /home/won/pink_ws/src/install/mybot_simulation/share/mybot_simulation//models/small_house/aws_robomaker_residential_RoomWall_01/meshes/aws_RoomWall_01_visual.DAE
[4.914s] -- Symlinking: /home/won/pink_ws/src/install/mybot_simulation/share/mybot_simulation//models/small_house/aws_robomaker_residential_RoomWall_01/model.config
[4.919s] -- Symlinking: /home/won/pink_ws/src/install/mybot_simulation/share/mybot_simulation//models/small_house/aws_robomaker_residential_RoomWall_01/model.sdf
[4.924s] -- Symlinking: /home/won/pink_ws/src/install/mybot_simulation/share/mybot_simulation//models/small_house/aws_robomaker_residential_RoomWindow_01/materials/textures/aws_RoomWindow_01.png
[4.930s] -- Symlinking: /home/won/pink_ws/src/install/mybot_simulation/share/mybot_simulation//models/small_house/aws_robomaker_residential_RoomWindow_01/meshes/aws_RoomWindow_01_collision.DAE
[4.937s] -- Symlinking: /home/won/pink_ws/src/install/mybot_simulation/share/mybot_simulation//models/small_house/aws_robomaker_residential_RoomWindow_01/meshes/aws_RoomWindow_01_visual.DAE
[4.942s] -- Symlinking: /home/won/pink_ws/src/install/mybot_simulation/share/mybot_simulation//models/small_house/aws_robomaker_residential_RoomWindow_01/model.config
[4.948s] -- Symlinking: /home/won/pink_ws/src/install/mybot_simulation/share/mybot_simulation//models/small_house/aws_robomaker_residential_RoomWindow_01/model.sdf
[4.954s] -- Symlinking: /home/won/pink_ws/src/install/mybot_simulation/share/mybot_simulation//models/small_house/aws_robomaker_residential_SeasoningBox_01/materials/textures/aws_SeasoningBox_01.png
[4.959s] -- Symlinking: /home/won/pink_ws/src/install/mybot_simulation/share/mybot_simulation//models/small_house/aws_robomaker_residential_SeasoningBox_01/meshes/aws_SeasoningBox_01_collision.DAE
[4.964s] -- Symlinking: /home/won/pink_ws/src/install/mybot_simulation/share/mybot_simulation//models/small_house/aws_robomaker_residential_SeasoningBox_01/meshes/aws_SeasoningBox_01_visual.DAE
[4.970s] -- Symlinking: /home/won/pink_ws/src/install/mybot_simulation/share/mybot_simulation//models/small_house/aws_robomaker_residential_SeasoningBox_01/model.config
[4.974s] -- Symlinking: /home/won/pink_ws/src/install/mybot_simulation/share/mybot_simulation//models/small_house/aws_robomaker_residential_SeasoningBox_01/model.sdf
[4.979s] -- Symlinking: /home/won/pink_ws/src/install/mybot_simulation/share/mybot_simulation//models/small_house/aws_robomaker_residential_SecurityCamera_01/materials/textures/aws_SecurityCamera_01.png
[4.984s] -- Symlinking: /home/won/pink_ws/src/install/mybot_simulation/share/mybot_simulation//models/small_house/aws_robomaker_residential_SecurityCamera_01/meshes/aws_SecurityCamera_01_collision.DAE
[4.992s] -- Symlinking: /home/won/pink_ws/src/install/mybot_simulation/share/mybot_simulation//models/small_house/aws_robomaker_residential_SecurityCamera_01/meshes/aws_SecurityCamera_01_visual.DAE
[4.998s] -- Symlinking: /home/won/pink_ws/src/install/mybot_simulation/share/mybot_simulation//models/small_house/aws_robomaker_residential_SecurityCamera_01/model.config
[5.006s] -- Symlinking: /home/won/pink_ws/src/install/mybot_simulation/share/mybot_simulation//models/small_house/aws_robomaker_residential_SecurityCamera_01/model.sdf
[5.012s] -- Symlinking: /home/won/pink_ws/src/install/mybot_simulation/share/mybot_simulation//models/small_house/aws_robomaker_residential_ShoeRack_01/materials/textures/aws_ShoeRack_01.png
[5.018s] -- Symlinking: /home/won/pink_ws/src/install/mybot_simulation/share/mybot_simulation//models/small_house/aws_robomaker_residential_ShoeRack_01/meshes/aws_ShoeRack_01_collision.DAE
[5.026s] -- Symlinking: /home/won/pink_ws/src/install/mybot_simulation/share/mybot_simulation//models/small_house/aws_robomaker_residential_ShoeRack_01/meshes/aws_ShoeRack_01_visual.DAE
[5.032s] -- Symlinking: /home/won/pink_ws/src/install/mybot_simulation/share/mybot_simulation//models/small_house/aws_robomaker_residential_ShoeRack_01/model.config
[5.038s] -- Symlinking: /home/won/pink_ws/src/install/mybot_simulation/share/mybot_simulation//models/small_house/aws_robomaker_residential_ShoeRack_01/model.sdf
[5.044s] -- Symlinking: /home/won/pink_ws/src/install/mybot_simulation/share/mybot_simulation//models/small_house/aws_robomaker_residential_SofaB_01/materials/textures/aws_SofaB_01.png
[5.051s] -- Symlinking: /home/won/pink_ws/src/install/mybot_simulation/share/mybot_simulation//models/small_house/aws_robomaker_residential_SofaB_01/meshes/aws_SofaB_01_collision.DAE
[5.058s] -- Symlinking: /home/won/pink_ws/src/install/mybot_simulation/share/mybot_simulation//models/small_house/aws_robomaker_residential_SofaB_01/meshes/aws_SofaB_01_visual.DAE
[5.063s] -- Symlinking: /home/won/pink_ws/src/install/mybot_simulation/share/mybot_simulation//models/small_house/aws_robomaker_residential_SofaB_01/model.config
[5.068s] -- Symlinking: /home/won/pink_ws/src/install/mybot_simulation/share/mybot_simulation//models/small_house/aws_robomaker_residential_SofaB_01/model.sdf
[5.075s] -- Symlinking: /home/won/pink_ws/src/install/mybot_simulation/share/mybot_simulation//models/small_house/aws_robomaker_residential_SofaC_01/materials/textures/aws_SofaC_01.png
[5.080s] -- Symlinking: /home/won/pink_ws/src/install/mybot_simulation/share/mybot_simulation//models/small_house/aws_robomaker_residential_SofaC_01/meshes/aws_SofaC_01_collision.DAE
[5.086s] -- Symlinking: /home/won/pink_ws/src/install/mybot_simulation/share/mybot_simulation//models/small_house/aws_robomaker_residential_SofaC_01/meshes/aws_SofaC_01_visual.DAE
[5.094s] -- Symlinking: /home/won/pink_ws/src/install/mybot_simulation/share/mybot_simulation//models/small_house/aws_robomaker_residential_SofaC_01/model.config
[5.100s] -- Symlinking: /home/won/pink_ws/src/install/mybot_simulation/share/mybot_simulation//models/small_house/aws_robomaker_residential_SofaC_01/model.sdf
[5.107s] -- Symlinking: /home/won/pink_ws/src/install/mybot_simulation/share/mybot_simulation//models/small_house/aws_robomaker_residential_Sofa_01/materials/textures/aws_Sofa_01.png
[5.113s] -- Symlinking: /home/won/pink_ws/src/install/mybot_simulation/share/mybot_simulation//models/small_house/aws_robomaker_residential_Sofa_01/meshes/aws_Sofa_01.DAE
[5.118s] -- Symlinking: /home/won/pink_ws/src/install/mybot_simulation/share/mybot_simulation//models/small_house/aws_robomaker_residential_Sofa_01/meshes/aws_Sofa_01_collision.DAE
[5.124s] -- Symlinking: /home/won/pink_ws/src/install/mybot_simulation/share/mybot_simulation//models/small_house/aws_robomaker_residential_Sofa_01/meshes/aws_Sofa_01_visual.DAE
[5.129s] -- Symlinking: /home/won/pink_ws/src/install/mybot_simulation/share/mybot_simulation//models/small_house/aws_robomaker_residential_Sofa_01/model.config
[5.134s] -- Symlinking: /home/won/pink_ws/src/install/mybot_simulation/share/mybot_simulation//models/small_house/aws_robomaker_residential_Sofa_01/model.sdf
[5.140s] -- Symlinking: /home/won/pink_ws/src/install/mybot_simulation/share/mybot_simulation//models/small_house/aws_robomaker_residential_TVCabinet_01/materials/textures/aws_TVCabinet_01.png
[5.146s] -- Symlinking: /home/won/pink_ws/src/install/mybot_simulation/share/mybot_simulation//models/small_house/aws_robomaker_residential_TVCabinet_01/meshes/aws_TVCabinet_01_collision.DAE
[5.153s] -- Symlinking: /home/won/pink_ws/src/install/mybot_simulation/share/mybot_simulation//models/small_house/aws_robomaker_residential_TVCabinet_01/meshes/aws_TVCabinet_01_visual.DAE
[5.160s] -- Symlinking: /home/won/pink_ws/src/install/mybot_simulation/share/mybot_simulation//models/small_house/aws_robomaker_residential_TVCabinet_01/model.config
[5.168s] -- Symlinking: /home/won/pink_ws/src/install/mybot_simulation/share/mybot_simulation//models/small_house/aws_robomaker_residential_TVCabinet_01/model.sdf
[5.175s] -- Symlinking: /home/won/pink_ws/src/install/mybot_simulation/share/mybot_simulation//models/small_house/aws_robomaker_residential_TV_01/materials/textures/aws_TV_01.png
[5.180s] -- Symlinking: /home/won/pink_ws/src/install/mybot_simulation/share/mybot_simulation//models/small_house/aws_robomaker_residential_TV_01/meshes/aws_TV_01_collision.DAE
[5.186s] -- Symlinking: /home/won/pink_ws/src/install/mybot_simulation/share/mybot_simulation//models/small_house/aws_robomaker_residential_TV_01/meshes/aws_TV_01_visual.DAE
[5.193s] -- Symlinking: /home/won/pink_ws/src/install/mybot_simulation/share/mybot_simulation//models/small_house/aws_robomaker_residential_TV_01/model.config
[5.198s] -- Symlinking: /home/won/pink_ws/src/install/mybot_simulation/share/mybot_simulation//models/small_house/aws_robomaker_residential_TV_01/model.sdf
[5.204s] -- Symlinking: /home/won/pink_ws/src/install/mybot_simulation/share/mybot_simulation//models/small_house/aws_robomaker_residential_TV_02/materials/textures/aws_TV_01.png
[5.209s] -- Symlinking: /home/won/pink_ws/src/install/mybot_simulation/share/mybot_simulation//models/small_house/aws_robomaker_residential_TV_02/meshes/aws_TV_01_collision.DAE
[5.215s] -- Symlinking: /home/won/pink_ws/src/install/mybot_simulation/share/mybot_simulation//models/small_house/aws_robomaker_residential_TV_02/meshes/aws_TV_01_visual.DAE
[5.220s] -- Symlinking: /home/won/pink_ws/src/install/mybot_simulation/share/mybot_simulation//models/small_house/aws_robomaker_residential_TV_02/model.config
[5.226s] -- Symlinking: /home/won/pink_ws/src/install/mybot_simulation/share/mybot_simulation//models/small_house/aws_robomaker_residential_TV_02/model.sdf
[5.232s] -- Symlinking: /home/won/pink_ws/src/install/mybot_simulation/share/mybot_simulation//models/small_house/aws_robomaker_residential_Tablet_01/materials/textures/aws_Tablet_01_nologo.png
[5.237s] -- Symlinking: /home/won/pink_ws/src/install/mybot_simulation/share/mybot_simulation//models/small_house/aws_robomaker_residential_Tablet_01/meshes/aws_Tablet_01_collision.DAE
[5.242s] -- Symlinking: /home/won/pink_ws/src/install/mybot_simulation/share/mybot_simulation//models/small_house/aws_robomaker_residential_Tablet_01/meshes/aws_Tablet_01_visual.DAE
[5.248s] -- Symlinking: /home/won/pink_ws/src/install/mybot_simulation/share/mybot_simulation//models/small_house/aws_robomaker_residential_Tablet_01/model.config
[5.254s] -- Symlinking: /home/won/pink_ws/src/install/mybot_simulation/share/mybot_simulation//models/small_house/aws_robomaker_residential_Tablet_01/model.sdf
[5.260s] -- Symlinking: /home/won/pink_ws/src/install/mybot_simulation/share/mybot_simulation//models/small_house/aws_robomaker_residential_Tableware_01/materials/textures/aws_Tableware_01.png
[5.265s] -- Symlinking: /home/won/pink_ws/src/install/mybot_simulation/share/mybot_simulation//models/small_house/aws_robomaker_residential_Tableware_01/meshes/aws_Tableware_01_collision.DAE
[5.271s] -- Symlinking: /home/won/pink_ws/src/install/mybot_simulation/share/mybot_simulation//models/small_house/aws_robomaker_residential_Tableware_01/meshes/aws_Tableware_01_visual.DAE
[5.277s] -- Symlinking: /home/won/pink_ws/src/install/mybot_simulation/share/mybot_simulation//models/small_house/aws_robomaker_residential_Tableware_01/model.config
[5.283s] -- Symlinking: /home/won/pink_ws/src/install/mybot_simulation/share/mybot_simulation//models/small_house/aws_robomaker_residential_Tableware_01/model.sdf
[5.290s] -- Symlinking: /home/won/pink_ws/src/install/mybot_simulation/share/mybot_simulation//models/small_house/aws_robomaker_residential_Trash_01/materials/textures/aws_Trash_01.png
[5.296s] -- Symlinking: /home/won/pink_ws/src/install/mybot_simulation/share/mybot_simulation//models/small_house/aws_robomaker_residential_Trash_01/meshes/aws_Trash_01_collision.DAE
[5.302s] -- Symlinking: /home/won/pink_ws/src/install/mybot_simulation/share/mybot_simulation//models/small_house/aws_robomaker_residential_Trash_01/meshes/aws_Trash_01_visual.DAE
[5.310s] -- Symlinking: /home/won/pink_ws/src/install/mybot_simulation/share/mybot_simulation//models/small_house/aws_robomaker_residential_Trash_01/model.config
[5.316s] -- Symlinking: /home/won/pink_ws/src/install/mybot_simulation/share/mybot_simulation//models/small_house/aws_robomaker_residential_Trash_01/model.sdf
[5.323s] -- Symlinking: /home/won/pink_ws/src/install/mybot_simulation/share/mybot_simulation//models/small_house/aws_robomaker_residential_Vase_01/materials/textures/aws_Vase_01.png
[5.329s] -- Symlinking: /home/won/pink_ws/src/install/mybot_simulation/share/mybot_simulation//models/small_house/aws_robomaker_residential_Vase_01/meshes/aws_Vase_01_collision.DAE
[5.334s] -- Symlinking: /home/won/pink_ws/src/install/mybot_simulation/share/mybot_simulation//models/small_house/aws_robomaker_residential_Vase_01/meshes/aws_Vase_01_visual.DAE
[5.341s] -- Symlinking: /home/won/pink_ws/src/install/mybot_simulation/share/mybot_simulation//models/small_house/aws_robomaker_residential_Vase_01/model.config
[5.349s] -- Symlinking: /home/won/pink_ws/src/install/mybot_simulation/share/mybot_simulation//models/small_house/aws_robomaker_residential_Vase_01/model.sdf
[5.357s] -- Symlinking: /home/won/pink_ws/src/install/mybot_simulation/share/mybot_simulation//models/small_house/aws_robomaker_residential_Wardrobe_01/materials/textures/aws_Wardrobe_01.png
[5.363s] -- Symlinking: /home/won/pink_ws/src/install/mybot_simulation/share/mybot_simulation//models/small_house/aws_robomaker_residential_Wardrobe_01/meshes/aws_Wardrobe_01_collision.DAE
[5.368s] -- Symlinking: /home/won/pink_ws/src/install/mybot_simulation/share/mybot_simulation//models/small_house/aws_robomaker_residential_Wardrobe_01/meshes/aws_Wardrobe_01_visual.DAE
[5.373s] -- Symlinking: /home/won/pink_ws/src/install/mybot_simulation/share/mybot_simulation//models/small_house/aws_robomaker_residential_Wardrobe_01/model.config
[5.379s] -- Symlinking: /home/won/pink_ws/src/install/mybot_simulation/share/mybot_simulation//models/small_house/aws_robomaker_residential_Wardrobe_01/model.sdf
[5.386s] -- Symlinking: /home/won/pink_ws/src/install/mybot_simulation/share/ament_index/resource_index/package_run_dependencies/mybot_simulation
[5.392s] -- Symlinking: /home/won/pink_ws/src/install/mybot_simulation/share/ament_index/resource_index/parent_prefix_path/mybot_simulation
[5.398s] -- Symlinking: /home/won/pink_ws/src/install/mybot_simulation/share/mybot_simulation/environment/ament_prefix_path.sh
[5.403s] -- Symlinking: /home/won/pink_ws/src/install/mybot_simulation/share/mybot_simulation/environment/ament_prefix_path.dsv
[5.409s] -- Symlinking: /home/won/pink_ws/src/install/mybot_simulation/share/mybot_simulation/environment/path.sh
[5.415s] -- Symlinking: /home/won/pink_ws/src/install/mybot_simulation/share/mybot_simulation/environment/path.dsv
[5.422s] -- Symlinking: /home/won/pink_ws/src/install/mybot_simulation/share/mybot_simulation/local_setup.bash
[5.428s] -- Symlinking: /home/won/pink_ws/src/install/mybot_simulation/share/mybot_simulation/local_setup.sh
[5.433s] -- Symlinking: /home/won/pink_ws/src/install/mybot_simulation/share/mybot_simulation/local_setup.zsh
[5.441s] -- Symlinking: /home/won/pink_ws/src/install/mybot_simulation/share/mybot_simulation/local_setup.dsv
[5.447s] -- Symlinking: /home/won/pink_ws/src/install/mybot_simulation/share/mybot_simulation/package.dsv
[5.452s] -- Symlinking: /home/won/pink_ws/src/install/mybot_simulation/share/ament_index/resource_index/packages/mybot_simulation
[5.460s] -- Symlinking: /home/won/pink_ws/src/install/mybot_simulation/share/mybot_simulation/cmake/mybot_simulationConfig.cmake
[5.467s] -- Symlinking: /home/won/pink_ws/src/install/mybot_simulation/share/mybot_simulation/cmake/mybot_simulationConfig-version.cmake
[5.473s] -- Symlinking: /home/won/pink_ws/src/install/mybot_simulation/share/mybot_simulation/package.xml
[5.481s] Invoked command in '/home/won/pink_ws/src/build/mybot_simulation' returned '0': CMAKE_PREFIX_PATH=${CMAKE_PREFIX_PATH}:/home/won/pink_ws/install/my_tf_pkg:/home/won/pink_ws/install/my_opencv_tutorials:/home/won/pink_ws/install/my_first_package:/home/won/pink_ws/install/big_data_tester_pkg:/home/won/external_ws/install/realsense2_ros_mqtt_bridge:/opt/ros/humble /usr/bin/cmake --install /home/won/pink_ws/src/build/mybot_simulation
