running develop
running egg_info
creating my_first_package.egg-info
writing my_first_package.egg-info/PKG-INFO
writing dependency_links to my_first_package.egg-info/dependency_links.txt
writing entry points to my_first_package.egg-info/entry_points.txt
writing requirements to my_first_package.egg-info/requires.txt
writing top-level names to my_first_package.egg-info/top_level.txt
writing manifest file 'my_first_package.egg-info/SOURCES.txt'
reading manifest file 'my_first_package.egg-info/SOURCES.txt'
writing manifest file 'my_first_package.egg-info/SOURCES.txt'
running build_ext
Creating /home/won/pink_ws/src/install/my_first_package/lib/python3.10/site-packages/my-first-package.egg-link (link to .)
Installing dist_turtle_action_server_node script to /home/won/pink_ws/src/install/my_first_package/lib/my_first_package
Installing dist_turtle_action_server_node2 script to /home/won/pink_ws/src/install/my_first_package/lib/my_first_package
Installing my_first_node script to /home/won/pink_ws/src/install/my_first_package/lib/my_first_package
Installing my_multi_thread_node script to /home/won/pink_ws/src/install/my_first_package/lib/my_first_package
Installing my_publisher_node script to /home/won/pink_ws/src/install/my_first_package/lib/my_first_package
Installing my_service_server_node script to /home/won/pink_ws/src/install/my_first_package/lib/my_first_package
Installing my_subscriber_node script to /home/won/pink_ws/src/install/my_first_package/lib/my_first_package
Installing turtle_cmd_and_pose_node script to /home/won/pink_ws/src/install/my_first_package/lib/my_first_package

Installed /home/won/pink_ws/src/build/my_first_package
running symlink_data
creating /home/won/pink_ws/src/install/my_first_package/share/ament_index
creating /home/won/pink_ws/src/install/my_first_package/share/ament_index/resource_index
creating /home/won/pink_ws/src/install/my_first_package/share/ament_index/resource_index/packages
symbolically linking /home/won/pink_ws/src/build/my_first_package/resource/my_first_package -> /home/won/pink_ws/src/install/my_first_package/share/ament_index/resource_index/packages
symbolically linking /home/won/pink_ws/src/build/my_first_package/package.xml -> /home/won/pink_ws/src/install/my_first_package/share/my_first_package
creating /home/won/pink_ws/src/install/my_first_package/share/my_first_package/launch
symbolically linking /home/won/pink_ws/src/build/my_first_package/launch/turtlesim_and_teleop.launch.py -> /home/won/pink_ws/src/install/my_first_package/share/my_first_package/launch
symbolically linking /home/won/pink_ws/src/build/my_first_package/launch/dist_turtle_action.launch.py -> /home/won/pink_ws/src/install/my_first_package/share/my_first_package/launch
