[0.961s] Invoking command in '/home/won/pink_ws/src/build/my_first_package': PYTHONPATH=/home/won/pink_ws/src/build/my_first_package/prefix_override:/usr/lib/python3/dist-packages/colcon_core/task/python/colcon_distutils_commands:/home/won/pink_ws/src/install/my_first_package/lib/python3.10/site-packages:${PYTHONPATH} /usr/bin/python3 -W ignore:setup.py install is deprecated -W ignore:easy_install command is deprecated setup.py develop --editable --build-directory /home/won/pink_ws/src/build/my_first_package/build --no-deps symlink_data
[1.113s] running develop
[1.228s] running egg_info
[1.229s] creating my_first_package.egg-info
[1.229s] writing my_first_package.egg-info/PKG-INFO
[1.229s] writing dependency_links to my_first_package.egg-info/dependency_links.txt
[1.229s] writing entry points to my_first_package.egg-info/entry_points.txt
[1.230s] writing requirements to my_first_package.egg-info/requires.txt
[1.230s] writing top-level names to my_first_package.egg-info/top_level.txt
[1.230s] writing manifest file 'my_first_package.egg-info/SOURCES.txt'
[1.232s] reading manifest file 'my_first_package.egg-info/SOURCES.txt'
[1.233s] writing manifest file 'my_first_package.egg-info/SOURCES.txt'
[1.234s] running build_ext
[1.235s] Creating /home/won/pink_ws/src/install/my_first_package/lib/python3.10/site-packages/my-first-package.egg-link (link to .)
[1.235s] Installing dist_turtle_action_server_node script to /home/won/pink_ws/src/install/my_first_package/lib/my_first_package
[1.236s] Installing dist_turtle_action_server_node2 script to /home/won/pink_ws/src/install/my_first_package/lib/my_first_package
[1.236s] Installing my_first_node script to /home/won/pink_ws/src/install/my_first_package/lib/my_first_package
[1.236s] Installing my_multi_thread_node script to /home/won/pink_ws/src/install/my_first_package/lib/my_first_package
[1.236s] Installing my_publisher_node script to /home/won/pink_ws/src/install/my_first_package/lib/my_first_package
[1.236s] Installing my_service_server_node script to /home/won/pink_ws/src/install/my_first_package/lib/my_first_package
[1.236s] Installing my_subscriber_node script to /home/won/pink_ws/src/install/my_first_package/lib/my_first_package
[1.236s] Installing turtle_cmd_and_pose_node script to /home/won/pink_ws/src/install/my_first_package/lib/my_first_package
[1.236s] 
[1.236s] Installed /home/won/pink_ws/src/build/my_first_package
[1.236s] running symlink_data
[1.236s] creating /home/won/pink_ws/src/install/my_first_package/share/ament_index
[1.236s] creating /home/won/pink_ws/src/install/my_first_package/share/ament_index/resource_index
[1.236s] creating /home/won/pink_ws/src/install/my_first_package/share/ament_index/resource_index/packages
[1.236s] symbolically linking /home/won/pink_ws/src/build/my_first_package/resource/my_first_package -> /home/won/pink_ws/src/install/my_first_package/share/ament_index/resource_index/packages
[1.237s] symbolically linking /home/won/pink_ws/src/build/my_first_package/package.xml -> /home/won/pink_ws/src/install/my_first_package/share/my_first_package
[1.237s] creating /home/won/pink_ws/src/install/my_first_package/share/my_first_package/launch
[1.237s] symbolically linking /home/won/pink_ws/src/build/my_first_package/launch/turtlesim_and_teleop.launch.py -> /home/won/pink_ws/src/install/my_first_package/share/my_first_package/launch
[1.237s] symbolically linking /home/won/pink_ws/src/build/my_first_package/launch/dist_turtle_action.launch.py -> /home/won/pink_ws/src/install/my_first_package/share/my_first_package/launch
[1.306s] Invoked command in '/home/won/pink_ws/src/build/my_first_package' returned '0': PYTHONPATH=/home/won/pink_ws/src/build/my_first_package/prefix_override:/usr/lib/python3/dist-packages/colcon_core/task/python/colcon_distutils_commands:/home/won/pink_ws/src/install/my_first_package/lib/python3.10/site-packages:${PYTHONPATH} /usr/bin/python3 -W ignore:setup.py install is deprecated -W ignore:easy_install command is deprecated setup.py develop --editable --build-directory /home/won/pink_ws/src/build/my_first_package/build --no-deps symlink_data
